    0  1  2  3  4  5  6  7  8
  +--+--+--+--+--+--+--+--+--+
 0|  |  |  |  |KN|  |  |  |  |
  +--+--+--+--+--+--+--+--+--+
 1|  |AR|  |$ |$ |$ |  |AR|  |
  +--+--+--+--+--+--+--+--+--+
 2|  |/\|  |  |  |  |  |/\|  |
  +--+--+--+--+--+--+--+--+--+
 3|  |  |  |  |  |  |  |  |  |
  +--+--+--+--+--+--+--+--+--+
 4|~~|  |~~|~~|  |~~|~~|  |~~|
  +--+--+--+--+--+--+--+--+--+
 5|  |  |  |  |  |  |  |  |  |
  +--+--+--+--+--+--+--+--+--+
 6|  |/\|  |  |  |  |  |/\|  |
  +--+--+--+--+--+--+--+--+--+
 7|  |ar|  |$ |$ |$ |  |ar|  |
  +--+--+--+--+--+--+--+--+--+
 8|  |  |  |  |kn|  |  |  |  |
  +--+--+--+--+--+--+--+--+--+


Turn 1 (Player A)
    0  1  2  3  4  5  6  7  8
  +--+--+--+--+--+--+--+--+--+
 0|  |  |  |  |  |  |  |  |  |
  +--+--+--+--+--+--+--+--+--+
 1|  |AR|  |$ |$ |$ |  |AR|  |
  +--+--+--+--+--+--+--+--+--+
 2|  |/\|  |  |  |  |  |/\|  |
  +--+--+--+--+--+--+--+--+--+
 3|  |  |  |  |KN|  |  |  |  |
  +--+--+--+--+--+--+--+--+--+
 4|~~|  |~~|~~|  |~~|~~|  |~~|
  +--+--+--+--+--+--+--+--+--+
 5|  |  |  |  |  |  |  |  |  |
  +--+--+--+--+--+--+--+--+--+
 6|  |/\|  |  |  |  |  |/\|  |
  +--+--+--+--+--+--+--+--+--+
 7|  |ar|  |$ |$ |$ |  |ar|  |
  +--+--+--+--+--+--+--+--+--+
 8|  |  |  |  |kn|  |  |  |  |
  +--+--+--+--+--+--+--+--+--+


Turn 2 (Player B)
    0  1  2  3  4  5  6  7  8
  +--+--+--+--+--+--+--+--+--+
 0|  |  |  |  |  |  |  |  |  |
  +--+--+--+--+--+--+--+--+--+
 1|  |AR|  |$ |$ |$ |  |AR|  |
  +--+--+--+--+--+--+--+--+--+
 2|  |/\|  |  |  |  |  |/\|  |
  +--+--+--+--+--+--+--+--+--+
 3|  |  |  |  |  |  |  |  |  |
  +--+--+--+--+--+--+--+--+--+
 4|~~|  |~~|~~|kn|~~|~~|  |~~|
  +--+--+--+--+--+--+--+--+--+
 5|  |  |  |  |  |  |  |  |  |
  +--+--+--+--+--+--+--+--+--+
 6|  |/\|  |  |  |  |  |/\|  |
  +--+--+--+--+--+--+--+--+--+
 7|  |ar|  |$ |$ |$ |  |ar|  |
  +--+--+--+--+--+--+--+--+--+
 8|  |  |  |  |  |  |  |  |  |
  +--+--+--+--+--+--+--+--+--+


Turn 3 (Player A)
    0  1  2  3  4  5  6  7  8
  +--+--+--+--+--+--+--+--+--+
 0|  |  |  |  |  |  |  |  |  |
  +--+--+--+--+--+--+--+--+--+
 1|  |  |  |$ |$ |$ |  |AR|  |
  +--+--+--+--+--+--+--+--+--+
 2|  |/\|AR|  |  |  |  |/\|  |
  +--+--+--+--+--+--+--+--+--+
 3|  |  |  |  |  |  |  |  |  |
  +--+--+--+--+--+--+--+--+--+
 4|~~|  |~~|~~|  |~~|~~|  |~~|
  +--+--+--+--+--+--+--+--+--+
 5|  |  |  |  |  |  |  |  |  |
  +--+--+--+--+--+--+--+--+--+
 6|  |/\|  |  |  |  |  |/\|  |
  +--+--+--+--+--+--+--+--+--+
 7|  |ar|  |$ |$ |$ |  |ar|  |
  +--+--+--+--+--+--+--+--+--+
 8|  |  |  |  |  |  |  |  |  |
  +--+--+--+--+--+--+--+--+--+


Turn 4 (Player B)
    0  1  2  3  4  5  6  7  8
  +--+--+--+--+--+--+--+--+--+
 0|  |  |  |  |  |  |  |  |  |
  +--+--+--+--+--+--+--+--+--+
 1|  |  |  |$ |$ |$ |  |AR|  |
  +--+--+--+--+--+--+--+--+--+
 2|  |/\|AR|  |  |  |  |/\|  |
  +--+--+--+--+--+--+--+--+--+
 3|  |  |  |  |  |  |  |  |  |
  +--+--+--+--+--+--+--+--+--+
 4|~~|  |~~|~~|  |~~|~~|  |~~|
  +--+--+--+--+--+--+--+--+--+
 5|  |  |  |  |  |  |ar|  |  |
  +--+--+--+--+--+--+--+--+--+
 6|  |/\|  |  |  |  |  |/\|  |
  +--+--+--+--+--+--+--+--+--+
 7|  |ar|  |$ |$ |$ |  |  |  |
  +--+--+--+--+--+--+--+--+--+
 8|  |  |  |  |  |  |  |  |  |
  +--+--+--+--+--+--+--+--+--+


Turn 5 (Player A)
    0  1  2  3  4  5  6  7  8
  +--+--+--+--+--+--+--+--+--+
 0|  |  |  |  |  |  |  |  |  |
  +--+--+--+--+--+--+--+--+--+
 1|  |  |  |$ |$ |$ |  |  |  |
  +--+--+--+--+--+--+--+--+--+
 2|  |/\|AR|  |  |  |  |/\|  |
  +--+--+--+--+--+--+--+--+--+
 3|  |  |  |  |  |  |AR|  |  |
  +--+--+--+--+--+--+--+--+--+
 4|~~|  |~~|~~|  |~~|~~|  |~~|
  +--+--+--+--+--+--+--+--+--+
 5|  |  |  |  |  |  |  |  |  |
  +--+--+--+--+--+--+--+--+--+
 6|  |/\|  |  |  |  |  |/\|  |
  +--+--+--+--+--+--+--+--+--+
 7|  |ar|  |$ |$ |$ |  |  |  |
  +--+--+--+--+--+--+--+--+--+
 8|  |  |  |  |  |  |  |  |  |
  +--+--+--+--+--+--+--+--+--+


Turn 6 (Player B)
    0  1  2  3  4  5  6  7  8
  +--+--+--+--+--+--+--+--+--+
 0|  |  |  |  |  |  |  |  |  |
  +--+--+--+--+--+--+--+--+--+
 1|  |  |  |$ |$ |$ |  |  |  |
  +--+--+--+--+--+--+--+--+--+
 2|  |/\|AR|  |  |  |  |/\|  |
  +--+--+--+--+--+--+--+--+--+
 3|  |  |  |  |  |  |  |  |  |
  +--+--+--+--+--+--+--+--+--+
 4|~~|  |~~|~~|  |~~|~~|  |~~|
  +--+--+--+--+--+--+--+--+--+
 5|  |  |  |  |ar|  |  |  |  |
  +--+--+--+--+--+--+--+--+--+
 6|  |/\|  |  |  |  |  |/\|  |
  +--+--+--+--+--+--+--+--+--+
 7|  |  |  |$ |$ |$ |  |  |  |
  +--+--+--+--+--+--+--+--+--+
 8|  |  |  |  |  |  |  |  |  |
  +--+--+--+--+--+--+--+--+--+


Turn 7 (Player A)
    0  1  2  3  4  5  6  7  8
  +--+--+--+--+--+--+--+--+--+
 0|  |  |  |  |  |  |  |  |  |
  +--+--+--+--+--+--+--+--+--+
 1|  |AR|  |$ |$ |$ |  |  |  |
  +--+--+--+--+--+--+--+--+--+
 2|  |/\|  |  |  |  |  |/\|  |
  +--+--+--+--+--+--+--+--+--+
 3|  |  |  |  |  |  |  |  |  |
  +--+--+--+--+--+--+--+--+--+
 4|~~|  |~~|~~|  |~~|~~|  |~~|
  +--+--+--+--+--+--+--+--+--+
 5|  |  |  |  |ar|  |  |  |  |
  +--+--+--+--+--+--+--+--+--+
 6|  |/\|  |  |  |  |  |/\|  |
  +--+--+--+--+--+--+--+--+--+
 7|  |  |  |$ |$ |$ |  |  |  |
  +--+--+--+--+--+--+--+--+--+
 8|  |  |  |  |  |  |  |  |  |
  +--+--+--+--+--+--+--+--+--+


Turn 8 (Player B)
    0  1  2  3  4  5  6  7  8
  +--+--+--+--+--+--+--+--+--+
 0|  |  |  |  |  |  |  |  |  |
  +--+--+--+--+--+--+--+--+--+
 1|  |AR|  |$ |$ |$ |  |  |  |
  +--+--+--+--+--+--+--+--+--+
 2|  |/\|  |  |  |  |  |/\|  |
  +--+--+--+--+--+--+--+--+--+
 3|  |  |ar|  |  |  |  |  |  |
  +--+--+--+--+--+--+--+--+--+
 4|~~|  |~~|~~|  |~~|~~|  |~~|
  +--+--+--+--+--+--+--+--+--+
 5|  |  |  |  |  |  |  |  |  |
  +--+--+--+--+--+--+--+--+--+
 6|  |/\|  |  |  |  |  |/\|  |
  +--+--+--+--+--+--+--+--+--+
 7|  |  |  |$ |$ |$ |  |  |  |
  +--+--+--+--+--+--+--+--+--+
 8|  |  |  |  |  |  |  |  |  |
  +--+--+--+--+--+--+--+--+--+


Turn 9 (Player A)
    0  1  2  3  4  5  6  7  8
  +--+--+--+--+--+--+--+--+--+
 0|  |  |  |  |  |  |  |  |  |
  +--+--+--+--+--+--+--+--+--+
 1|  |AR|  |$ |$ |$ |  |  |  |
  +--+--+--+--+--+--+--+--+--+
 2|  |/\|  |  |  |  |  |/\|  |
  +--+--+--+--+--+--+--+--+--+
 3|  |  |ar|  |  |  |  |  |  |
  +--+--+--+--+--+--+--+--+--+
 4|~~|  |~~|~~|  |~~|~~|  |~~|
  +--+--+--+--+--+--+--+--+--+
 5|  |  |  |  |  |  |  |  |  |
  +--+--+--+--+--+--+--+--+--+
 6|  |/\|  |  |  |  |  |/\|  |
  +--+--+--+--+--+--+--+--+--+
 7|  |  |  |$ |$ |$ |  |  |  |
  +--+--+--+--+--+--+--+--+--+
 8|  |  |  |  |  |  |  |  |  |
  +--+--+--+--+--+--+--+--+--+


Turn 10 (Player B)
    0  1  2  3  4  5  6  7  8
  +--+--+--+--+--+--+--+--+--+
 0|  |  |  |  |  |  |  |  |  |
  +--+--+--+--+--+--+--+--+--+
 1|  |AR|  |$ |$ |$ |  |  |  |
  +--+--+--+--+--+--+--+--+--+
 2|  |/\|  |  |  |  |  |/\|  |
  +--+--+--+--+--+--+--+--+--+
 3|  |ar|  |  |  |  |  |  |  |
  +--+--+--+--+--+--+--+--+--+
 4|~~|  |~~|~~|  |~~|~~|  |~~|
  +--+--+--+--+--+--+--+--+--+
 5|  |  |  |  |  |  |  |  |  |
  +--+--+--+--+--+--+--+--+--+
 6|  |/\|  |  |  |  |  |/\|  |
  +--+--+--+--+--+--+--+--+--+
 7|  |  |  |$ |$ |$ |  |  |  |
  +--+--+--+--+--+--+--+--+--+
 8|  |  |  |  |  |  |  |  |  |
  +--+--+--+--+--+--+--+--+--+


Turn 11 (Player A)
    0  1  2  3  4  5  6  7  8
  +--+--+--+--+--+--+--+--+--+
 0|  |  |  |  |  |  |  |  |  |
  +--+--+--+--+--+--+--+--+--+
 1|  |AR|  |$ |$ |$ |  |  |  |
  +--+--+--+--+--+--+--+--+--+
 2|  |/\|  |  |  |  |  |/\|  |
  +--+--+--+--+--+--+--+--+--+
 3|  |ar|  |  |  |  |  |  |  |
  +--+--+--+--+--+--+--+--+--+
 4|~~|  |~~|~~|  |~~|~~|  |~~|
  +--+--+--+--+--+--+--+--+--+
 5|  |  |  |  |  |  |  |  |  |
  +--+--+--+--+--+--+--+--+--+
 6|  |/\|  |  |  |  |  |/\|  |
  +--+--+--+--+--+--+--+--+--+
 7|  |  |  |$ |$ |$ |  |  |  |
  +--+--+--+--+--+--+--+--+--+
 8|  |  |  |  |  |  |  |  |  |
  +--+--+--+--+--+--+--+--+--+


Turn 12 (Player B)
    0  1  2  3  4  5  6  7  8
  +--+--+--+--+--+--+--+--+--+
 0|  |  |  |  |  |  |  |  |  |
  +--+--+--+--+--+--+--+--+--+
 1|  |  |  |$ |$ |$ |  |  |  |
  +--+--+--+--+--+--+--+--+--+
 2|  |/\|  |  |  |  |  |/\|  |
  +--+--+--+--+--+--+--+--+--+
 3|  |  |  |ar|  |  |  |  |  |
  +--+--+--+--+--+--+--+--+--+
 4|~~|  |~~|~~|  |~~|~~|  |~~|
  +--+--+--+--+--+--+--+--+--+
 5|  |  |  |  |  |  |  |  |  |
  +--+--+--+--+--+--+--+--+--+
 6|  |/\|  |  |  |  |  |/\|  |
  +--+--+--+--+--+--+--+--+--+
 7|  |  |  |$ |$ |$ |  |  |  |
  +--+--+--+--+--+--+--+--+--+
 8|  |  |  |  |  |  |  |  |  |
  +--+--+--+--+--+--+--+--+--+


Winner is Player B!
