    0  1  2  3  4  5  6  7  8  9 10 11 12 13 14 15 16 17 18 19
  +--+--+--+--+--+--+--+--+--+--+--+--+--+--+--+--+--+--+--+--+
 0|KN|kn|KN|kn|KN|kn|KN|kn|KN|kn|KN|kn|KN|kn|KN|kn|KN|kn|KN|kn|
  +--+--+--+--+--+--+--+--+--+--+--+--+--+--+--+--+--+--+--+--+


Turn 1 (Player A)
    0  1  2  3  4  5  6  7  8  9 10 11 12 13 14 15 16 17 18 19
  +--+--+--+--+--+--+--+--+--+--+--+--+--+--+--+--+--+--+--+--+
 0|KN|kn|KN|kn|KN|kn|KN|kn|KN|kn|KN|kn|KN|kn|KN|kn|KN|kn|KN|kn|
  +--+--+--+--+--+--+--+--+--+--+--+--+--+--+--+--+--+--+--+--+


Turn 2 (Player B)
    0  1  2  3  4  5  6  7  8  9 10 11 12 13 14 15 16 17 18 19
  +--+--+--+--+--+--+--+--+--+--+--+--+--+--+--+--+--+--+--+--+
 0|  |kn|KN|kn|KN|kn|KN|kn|KN|kn|KN|kn|KN|kn|KN|kn|KN|kn|KN|kn|
  +--+--+--+--+--+--+--+--+--+--+--+--+--+--+--+--+--+--+--+--+


Turn 3 (Player A)
    0  1  2  3  4  5  6  7  8  9 10 11 12 13 14 15 16 17 18 19
  +--+--+--+--+--+--+--+--+--+--+--+--+--+--+--+--+--+--+--+--+
 0|  |  |KN|kn|KN|kn|KN|kn|KN|kn|KN|kn|KN|kn|KN|kn|KN|kn|KN|kn|
  +--+--+--+--+--+--+--+--+--+--+--+--+--+--+--+--+--+--+--+--+


Turn 4 (Player B)
    0  1  2  3  4  5  6  7  8  9 10 11 12 13 14 15 16 17 18 19
  +--+--+--+--+--+--+--+--+--+--+--+--+--+--+--+--+--+--+--+--+
 0|  |  |  |kn|KN|kn|KN|kn|KN|kn|KN|kn|KN|kn|KN|kn|KN|kn|KN|kn|
  +--+--+--+--+--+--+--+--+--+--+--+--+--+--+--+--+--+--+--+--+


Turn 5 (Player A)
    0  1  2  3  4  5  6  7  8  9 10 11 12 13 14 15 16 17 18 19
  +--+--+--+--+--+--+--+--+--+--+--+--+--+--+--+--+--+--+--+--+
 0|  |  |  |  |KN|kn|KN|kn|KN|kn|KN|kn|KN|kn|KN|kn|KN|kn|KN|kn|
  +--+--+--+--+--+--+--+--+--+--+--+--+--+--+--+--+--+--+--+--+


Turn 6 (Player B)
    0  1  2  3  4  5  6  7  8  9 10 11 12 13 14 15 16 17 18 19
  +--+--+--+--+--+--+--+--+--+--+--+--+--+--+--+--+--+--+--+--+
 0|  |  |  |  |  |kn|KN|kn|KN|kn|KN|kn|KN|kn|KN|kn|KN|kn|KN|kn|
  +--+--+--+--+--+--+--+--+--+--+--+--+--+--+--+--+--+--+--+--+


Turn 7 (Player A)
    0  1  2  3  4  5  6  7  8  9 10 11 12 13 14 15 16 17 18 19
  +--+--+--+--+--+--+--+--+--+--+--+--+--+--+--+--+--+--+--+--+
 0|  |  |  |  |  |  |KN|kn|KN|kn|KN|kn|KN|kn|KN|kn|KN|kn|KN|kn|
  +--+--+--+--+--+--+--+--+--+--+--+--+--+--+--+--+--+--+--+--+


Turn 8 (Player B)
    0  1  2  3  4  5  6  7  8  9 10 11 12 13 14 15 16 17 18 19
  +--+--+--+--+--+--+--+--+--+--+--+--+--+--+--+--+--+--+--+--+
 0|  |  |  |  |  |  |  |kn|KN|kn|KN|kn|KN|kn|KN|kn|KN|kn|KN|kn|
  +--+--+--+--+--+--+--+--+--+--+--+--+--+--+--+--+--+--+--+--+


Turn 9 (Player A)
    0  1  2  3  4  5  6  7  8  9 10 11 12 13 14 15 16 17 18 19
  +--+--+--+--+--+--+--+--+--+--+--+--+--+--+--+--+--+--+--+--+
 0|  |  |  |  |  |  |  |  |KN|kn|KN|kn|KN|kn|KN|kn|KN|kn|KN|kn|
  +--+--+--+--+--+--+--+--+--+--+--+--+--+--+--+--+--+--+--+--+


Turn 10 (Player B)
    0  1  2  3  4  5  6  7  8  9 10 11 12 13 14 15 16 17 18 19
  +--+--+--+--+--+--+--+--+--+--+--+--+--+--+--+--+--+--+--+--+
 0|  |  |  |  |  |  |  |  |  |kn|KN|kn|KN|kn|KN|kn|KN|kn|KN|kn|
  +--+--+--+--+--+--+--+--+--+--+--+--+--+--+--+--+--+--+--+--+


Turn 11 (Player A)
    0  1  2  3  4  5  6  7  8  9 10 11 12 13 14 15 16 17 18 19
  +--+--+--+--+--+--+--+--+--+--+--+--+--+--+--+--+--+--+--+--+
 0|  |  |  |  |  |  |  |  |  |  |KN|kn|KN|kn|KN|kn|KN|kn|KN|kn|
  +--+--+--+--+--+--+--+--+--+--+--+--+--+--+--+--+--+--+--+--+


Turn 12 (Player B)
    0  1  2  3  4  5  6  7  8  9 10 11 12 13 14 15 16 17 18 19
  +--+--+--+--+--+--+--+--+--+--+--+--+--+--+--+--+--+--+--+--+
 0|  |  |  |  |  |  |  |  |  |  |  |kn|KN|kn|KN|kn|KN|kn|KN|kn|
  +--+--+--+--+--+--+--+--+--+--+--+--+--+--+--+--+--+--+--+--+


Turn 13 (Player A)
    0  1  2  3  4  5  6  7  8  9 10 11 12 13 14 15 16 17 18 19
  +--+--+--+--+--+--+--+--+--+--+--+--+--+--+--+--+--+--+--+--+
 0|  |  |  |  |  |  |  |  |  |  |  |  |KN|kn|KN|kn|KN|kn|KN|kn|
  +--+--+--+--+--+--+--+--+--+--+--+--+--+--+--+--+--+--+--+--+


Turn 14 (Player B)
    0  1  2  3  4  5  6  7  8  9 10 11 12 13 14 15 16 17 18 19
  +--+--+--+--+--+--+--+--+--+--+--+--+--+--+--+--+--+--+--+--+
 0|  |  |  |  |  |  |  |  |  |  |  |  |  |kn|KN|kn|KN|kn|KN|kn|
  +--+--+--+--+--+--+--+--+--+--+--+--+--+--+--+--+--+--+--+--+


Turn 15 (Player A)
    0  1  2  3  4  5  6  7  8  9 10 11 12 13 14 15 16 17 18 19
  +--+--+--+--+--+--+--+--+--+--+--+--+--+--+--+--+--+--+--+--+
 0|  |  |  |  |  |  |  |  |  |  |  |  |  |  |KN|kn|KN|kn|KN|kn|
  +--+--+--+--+--+--+--+--+--+--+--+--+--+--+--+--+--+--+--+--+


Turn 16 (Player B)
    0  1  2  3  4  5  6  7  8  9 10 11 12 13 14 15 16 17 18 19
  +--+--+--+--+--+--+--+--+--+--+--+--+--+--+--+--+--+--+--+--+
 0|  |  |  |  |  |  |  |  |  |  |  |  |  |  |  |kn|KN|kn|KN|kn|
  +--+--+--+--+--+--+--+--+--+--+--+--+--+--+--+--+--+--+--+--+


Turn 17 (Player A)
    0  1  2  3  4  5  6  7  8  9 10 11 12 13 14 15 16 17 18 19
  +--+--+--+--+--+--+--+--+--+--+--+--+--+--+--+--+--+--+--+--+
 0|  |  |  |  |  |  |  |  |  |  |  |  |  |  |  |  |KN|kn|KN|kn|
  +--+--+--+--+--+--+--+--+--+--+--+--+--+--+--+--+--+--+--+--+


Turn 18 (Player B)
    0  1  2  3  4  5  6  7  8  9 10 11 12 13 14 15 16 17 18 19
  +--+--+--+--+--+--+--+--+--+--+--+--+--+--+--+--+--+--+--+--+
 0|  |  |  |  |  |  |  |  |  |  |  |  |  |  |  |  |  |kn|KN|kn|
  +--+--+--+--+--+--+--+--+--+--+--+--+--+--+--+--+--+--+--+--+


Turn 19 (Player A)
    0  1  2  3  4  5  6  7  8  9 10 11 12 13 14 15 16 17 18 19
  +--+--+--+--+--+--+--+--+--+--+--+--+--+--+--+--+--+--+--+--+
 0|  |  |  |  |  |  |  |  |  |  |  |  |  |  |  |  |  |  |KN|kn|
  +--+--+--+--+--+--+--+--+--+--+--+--+--+--+--+--+--+--+--+--+


Turn 20 (Player B)
    0  1  2  3  4  5  6  7  8  9 10 11 12 13 14 15 16 17 18 19
  +--+--+--+--+--+--+--+--+--+--+--+--+--+--+--+--+--+--+--+--+
 0|  |  |  |  |  |  |  |  |  |  |  |  |  |  |  |  |  |  |  |kn|
  +--+--+--+--+--+--+--+--+--+--+--+--+--+--+--+--+--+--+--+--+


Winner is Player B!
