    0  1  2  3  4  5
  +--+--+--+--+--+--+
 0|  |~~|AR|~~|ar|~~|
  +--+--+--+--+--+--+
 1|  |/\|AR|/\|ar|/\|
  +--+--+--+--+--+--+
 2|  |~~|AR|~~|ar|~~|
  +--+--+--+--+--+--+
 3|  |/\|AR|/\|ar|/\|
  +--+--+--+--+--+--+
 4|  |~~|AR|~~|ar|~~|
  +--+--+--+--+--+--+
 5|  |/\|AR|/\|ar|/\|
  +--+--+--+--+--+--+
 6|  |~~|AR|~~|ar|~~|
  +--+--+--+--+--+--+
 7|  |/\|AR|/\|ar|/\|
  +--+--+--+--+--+--+
 8|  |~~|AR|~~|ar|~~|
  +--+--+--+--+--+--+
 9|  |/\|AR|/\|ar|/\|
  +--+--+--+--+--+--+
10|  |$ |AR|$ |ar|$ |
  +--+--+--+--+--+--+
11|  |  |AR|  |ar|  |
  +--+--+--+--+--+--+
12|  |$ |AR|$ |ar|$ |
  +--+--+--+--+--+--+
13|  |  |AR|  |ar|  |
  +--+--+--+--+--+--+
14|  |$ |AR|$ |ar|$ |
  +--+--+--+--+--+--+
15|  |  |AR|  |ar|  |
  +--+--+--+--+--+--+
16|  |$ |AR|$ |ar|$ |
  +--+--+--+--+--+--+
17|  |  |AR|  |ar|  |
  +--+--+--+--+--+--+
18|  |$ |AR|$ |ar|$ |
  +--+--+--+--+--+--+
19|  |  |AR|  |ar|  |
  +--+--+--+--+--+--+


Turn 1 (Player A)
    0  1  2  3  4  5
  +--+--+--+--+--+--+
 0|  |~~|AR|~~|  |~~|
  +--+--+--+--+--+--+
 1|  |/\|AR|/\|ar|/\|
  +--+--+--+--+--+--+
 2|  |~~|AR|~~|ar|~~|
  +--+--+--+--+--+--+
 3|  |/\|AR|/\|ar|/\|
  +--+--+--+--+--+--+
 4|  |~~|AR|~~|ar|~~|
  +--+--+--+--+--+--+
 5|  |/\|AR|/\|ar|/\|
  +--+--+--+--+--+--+
 6|  |~~|AR|~~|ar|~~|
  +--+--+--+--+--+--+
 7|  |/\|AR|/\|ar|/\|
  +--+--+--+--+--+--+
 8|  |~~|AR|~~|ar|~~|
  +--+--+--+--+--+--+
 9|  |/\|AR|/\|ar|/\|
  +--+--+--+--+--+--+
10|  |$ |AR|$ |ar|$ |
  +--+--+--+--+--+--+
11|  |  |AR|  |ar|  |
  +--+--+--+--+--+--+
12|  |$ |AR|$ |ar|$ |
  +--+--+--+--+--+--+
13|  |  |AR|  |ar|  |
  +--+--+--+--+--+--+
14|  |$ |AR|$ |ar|$ |
  +--+--+--+--+--+--+
15|  |  |AR|  |ar|  |
  +--+--+--+--+--+--+
16|  |$ |AR|$ |ar|$ |
  +--+--+--+--+--+--+
17|  |  |AR|  |ar|  |
  +--+--+--+--+--+--+
18|  |$ |AR|$ |ar|$ |
  +--+--+--+--+--+--+
19|  |  |AR|  |ar|  |
  +--+--+--+--+--+--+


Turn 2 (Player B)
    0  1  2  3  4  5
  +--+--+--+--+--+--+
 0|  |~~|AR|~~|  |~~|
  +--+--+--+--+--+--+
 1|  |/\|AR|/\|ar|/\|
  +--+--+--+--+--+--+
 2|  |~~|AR|~~|ar|~~|
  +--+--+--+--+--+--+
 3|  |/\|AR|/\|ar|/\|
  +--+--+--+--+--+--+
 4|  |~~|AR|~~|ar|~~|
  +--+--+--+--+--+--+
 5|  |/\|AR|/\|ar|/\|
  +--+--+--+--+--+--+
 6|  |~~|AR|~~|ar|~~|
  +--+--+--+--+--+--+
 7|  |/\|AR|/\|ar|/\|
  +--+--+--+--+--+--+
 8|  |~~|AR|~~|ar|~~|
  +--+--+--+--+--+--+
 9|  |/\|AR|/\|ar|/\|
  +--+--+--+--+--+--+
10|  |$ |AR|$ |ar|$ |
  +--+--+--+--+--+--+
11|  |  |AR|  |ar|  |
  +--+--+--+--+--+--+
12|  |$ |AR|$ |ar|$ |
  +--+--+--+--+--+--+
13|  |  |AR|  |ar|  |
  +--+--+--+--+--+--+
14|  |$ |AR|$ |ar|$ |
  +--+--+--+--+--+--+
15|  |  |AR|  |ar|  |
  +--+--+--+--+--+--+
16|  |$ |AR|$ |ar|$ |
  +--+--+--+--+--+--+
17|  |  |AR|  |ar|  |
  +--+--+--+--+--+--+
18|  |$ |AR|$ |ar|$ |
  +--+--+--+--+--+--+
19|  |  |AR|  |ar|  |
  +--+--+--+--+--+--+


Turn 3 (Player A)
    0  1  2  3  4  5
  +--+--+--+--+--+--+
 0|  |~~|AR|~~|  |~~|
  +--+--+--+--+--+--+
 1|  |/\|AR|/\|ar|/\|
  +--+--+--+--+--+--+
 2|  |~~|AR|~~|ar|~~|
  +--+--+--+--+--+--+
 3|  |/\|AR|/\|ar|/\|
  +--+--+--+--+--+--+
 4|  |~~|AR|~~|ar|~~|
  +--+--+--+--+--+--+
 5|  |/\|AR|/\|ar|/\|
  +--+--+--+--+--+--+
 6|  |~~|AR|~~|ar|~~|
  +--+--+--+--+--+--+
 7|  |/\|AR|/\|ar|/\|
  +--+--+--+--+--+--+
 8|  |~~|AR|~~|ar|~~|
  +--+--+--+--+--+--+
 9|  |/\|AR|/\|ar|/\|
  +--+--+--+--+--+--+
10|  |$ |AR|$ |ar|$ |
  +--+--+--+--+--+--+
11|  |  |AR|  |ar|  |
  +--+--+--+--+--+--+
12|  |$ |AR|$ |ar|$ |
  +--+--+--+--+--+--+
13|  |  |AR|  |ar|  |
  +--+--+--+--+--+--+
14|  |$ |AR|$ |ar|$ |
  +--+--+--+--+--+--+
15|  |  |AR|  |ar|  |
  +--+--+--+--+--+--+
16|  |$ |AR|$ |ar|$ |
  +--+--+--+--+--+--+
17|  |  |AR|  |ar|  |
  +--+--+--+--+--+--+
18|  |$ |AR|$ |ar|$ |
  +--+--+--+--+--+--+
19|  |  |AR|  |ar|  |
  +--+--+--+--+--+--+


Turn 4 (Player B)
    0  1  2  3  4  5
  +--+--+--+--+--+--+
 0|  |~~|AR|~~|  |~~|
  +--+--+--+--+--+--+
 1|  |/\|AR|/\|ar|/\|
  +--+--+--+--+--+--+
 2|  |~~|AR|~~|ar|~~|
  +--+--+--+--+--+--+
 3|  |/\|AR|/\|ar|/\|
  +--+--+--+--+--+--+
 4|  |~~|AR|~~|ar|~~|
  +--+--+--+--+--+--+
 5|  |/\|AR|/\|ar|/\|
  +--+--+--+--+--+--+
 6|  |~~|AR|~~|ar|~~|
  +--+--+--+--+--+--+
 7|  |/\|AR|/\|ar|/\|
  +--+--+--+--+--+--+
 8|  |~~|AR|~~|ar|~~|
  +--+--+--+--+--+--+
 9|  |/\|AR|/\|ar|/\|
  +--+--+--+--+--+--+
10|  |$ |AR|$ |ar|$ |
  +--+--+--+--+--+--+
11|  |  |AR|  |ar|  |
  +--+--+--+--+--+--+
12|  |$ |AR|$ |ar|$ |
  +--+--+--+--+--+--+
13|  |  |AR|  |ar|  |
  +--+--+--+--+--+--+
14|  |$ |AR|$ |ar|$ |
  +--+--+--+--+--+--+
15|  |  |AR|  |ar|  |
  +--+--+--+--+--+--+
16|  |$ |AR|$ |ar|$ |
  +--+--+--+--+--+--+
17|  |  |AR|  |ar|  |
  +--+--+--+--+--+--+
18|  |$ |AR|$ |ar|$ |
  +--+--+--+--+--+--+
19|  |  |AR|  |ar|  |
  +--+--+--+--+--+--+


Turn 5 (Player A)
    0  1  2  3  4  5
  +--+--+--+--+--+--+
 0|  |~~|AR|~~|  |~~|
  +--+--+--+--+--+--+
 1|  |/\|AR|/\|ar|/\|
  +--+--+--+--+--+--+
 2|  |~~|AR|~~|  |~~|
  +--+--+--+--+--+--+
 3|  |/\|AR|/\|ar|/\|
  +--+--+--+--+--+--+
 4|  |~~|AR|~~|ar|~~|
  +--+--+--+--+--+--+
 5|  |/\|AR|/\|ar|/\|
  +--+--+--+--+--+--+
 6|  |~~|AR|~~|ar|~~|
  +--+--+--+--+--+--+
 7|  |/\|AR|/\|ar|/\|
  +--+--+--+--+--+--+
 8|  |~~|AR|~~|ar|~~|
  +--+--+--+--+--+--+
 9|  |/\|AR|/\|ar|/\|
  +--+--+--+--+--+--+
10|  |$ |AR|$ |ar|$ |
  +--+--+--+--+--+--+
11|  |  |AR|  |ar|  |
  +--+--+--+--+--+--+
12|  |$ |AR|$ |ar|$ |
  +--+--+--+--+--+--+
13|  |  |AR|  |ar|  |
  +--+--+--+--+--+--+
14|  |$ |AR|$ |ar|$ |
  +--+--+--+--+--+--+
15|  |  |AR|  |ar|  |
  +--+--+--+--+--+--+
16|  |$ |AR|$ |ar|$ |
  +--+--+--+--+--+--+
17|  |  |AR|  |ar|  |
  +--+--+--+--+--+--+
18|  |$ |AR|$ |ar|$ |
  +--+--+--+--+--+--+
19|  |  |AR|  |ar|  |
  +--+--+--+--+--+--+


Turn 6 (Player B)
    0  1  2  3  4  5
  +--+--+--+--+--+--+
 0|  |~~|AR|~~|  |~~|
  +--+--+--+--+--+--+
 1|  |/\|AR|/\|ar|/\|
  +--+--+--+--+--+--+
 2|  |~~|AR|~~|  |~~|
  +--+--+--+--+--+--+
 3|  |/\|AR|/\|ar|/\|
  +--+--+--+--+--+--+
 4|  |~~|AR|~~|ar|~~|
  +--+--+--+--+--+--+
 5|  |/\|AR|/\|ar|/\|
  +--+--+--+--+--+--+
 6|  |~~|AR|~~|ar|~~|
  +--+--+--+--+--+--+
 7|  |/\|AR|/\|ar|/\|
  +--+--+--+--+--+--+
 8|  |~~|AR|~~|ar|~~|
  +--+--+--+--+--+--+
 9|  |/\|AR|/\|ar|/\|
  +--+--+--+--+--+--+
10|  |$ |AR|$ |ar|$ |
  +--+--+--+--+--+--+
11|  |  |AR|  |ar|  |
  +--+--+--+--+--+--+
12|  |$ |AR|$ |ar|$ |
  +--+--+--+--+--+--+
13|  |  |AR|  |ar|  |
  +--+--+--+--+--+--+
14|  |$ |AR|$ |ar|$ |
  +--+--+--+--+--+--+
15|  |  |AR|  |ar|  |
  +--+--+--+--+--+--+
16|  |$ |AR|$ |ar|$ |
  +--+--+--+--+--+--+
17|  |  |AR|  |ar|  |
  +--+--+--+--+--+--+
18|  |$ |AR|$ |ar|$ |
  +--+--+--+--+--+--+
19|  |  |AR|  |ar|  |
  +--+--+--+--+--+--+


Turn 7 (Player A)
    0  1  2  3  4  5
  +--+--+--+--+--+--+
 0|  |~~|AR|~~|  |~~|
  +--+--+--+--+--+--+
 1|  |/\|AR|/\|ar|/\|
  +--+--+--+--+--+--+
 2|  |~~|AR|~~|  |~~|
  +--+--+--+--+--+--+
 3|  |/\|AR|/\|ar|/\|
  +--+--+--+--+--+--+
 4|  |~~|AR|~~|ar|~~|
  +--+--+--+--+--+--+
 5|  |/\|AR|/\|ar|/\|
  +--+--+--+--+--+--+
 6|  |~~|AR|~~|ar|~~|
  +--+--+--+--+--+--+
 7|  |/\|AR|/\|ar|/\|
  +--+--+--+--+--+--+
 8|  |~~|AR|~~|ar|~~|
  +--+--+--+--+--+--+
 9|  |/\|AR|/\|ar|/\|
  +--+--+--+--+--+--+
10|  |$ |AR|$ |ar|$ |
  +--+--+--+--+--+--+
11|  |  |AR|  |ar|  |
  +--+--+--+--+--+--+
12|  |$ |AR|$ |ar|$ |
  +--+--+--+--+--+--+
13|  |  |AR|  |ar|  |
  +--+--+--+--+--+--+
14|  |$ |AR|$ |ar|$ |
  +--+--+--+--+--+--+
15|  |  |AR|  |ar|  |
  +--+--+--+--+--+--+
16|  |$ |AR|$ |ar|$ |
  +--+--+--+--+--+--+
17|  |  |AR|  |ar|  |
  +--+--+--+--+--+--+
18|  |$ |AR|$ |ar|$ |
  +--+--+--+--+--+--+
19|  |  |AR|  |ar|  |
  +--+--+--+--+--+--+


Turn 8 (Player B)
    0  1  2  3  4  5
  +--+--+--+--+--+--+
 0|  |~~|AR|~~|  |~~|
  +--+--+--+--+--+--+
 1|  |/\|AR|/\|ar|/\|
  +--+--+--+--+--+--+
 2|  |~~|AR|~~|  |~~|
  +--+--+--+--+--+--+
 3|  |/\|AR|/\|ar|/\|
  +--+--+--+--+--+--+
 4|  |~~|AR|~~|ar|~~|
  +--+--+--+--+--+--+
 5|  |/\|AR|/\|ar|/\|
  +--+--+--+--+--+--+
 6|  |~~|AR|~~|ar|~~|
  +--+--+--+--+--+--+
 7|  |/\|AR|/\|ar|/\|
  +--+--+--+--+--+--+
 8|  |~~|AR|~~|ar|~~|
  +--+--+--+--+--+--+
 9|  |/\|AR|/\|ar|/\|
  +--+--+--+--+--+--+
10|  |$ |AR|$ |ar|$ |
  +--+--+--+--+--+--+
11|  |  |AR|  |ar|  |
  +--+--+--+--+--+--+
12|  |$ |AR|$ |ar|$ |
  +--+--+--+--+--+--+
13|  |  |AR|  |ar|  |
  +--+--+--+--+--+--+
14|  |$ |AR|$ |ar|$ |
  +--+--+--+--+--+--+
15|  |  |AR|  |ar|  |
  +--+--+--+--+--+--+
16|  |$ |AR|$ |ar|$ |
  +--+--+--+--+--+--+
17|  |  |AR|  |ar|  |
  +--+--+--+--+--+--+
18|  |$ |AR|$ |ar|$ |
  +--+--+--+--+--+--+
19|  |  |AR|  |ar|  |
  +--+--+--+--+--+--+


Turn 9 (Player A)
    0  1  2  3  4  5
  +--+--+--+--+--+--+
 0|  |~~|AR|~~|  |~~|
  +--+--+--+--+--+--+
 1|  |/\|AR|/\|ar|/\|
  +--+--+--+--+--+--+
 2|  |~~|AR|~~|  |~~|
  +--+--+--+--+--+--+
 3|  |/\|AR|/\|ar|/\|
  +--+--+--+--+--+--+
 4|  |~~|AR|~~|  |~~|
  +--+--+--+--+--+--+
 5|  |/\|AR|/\|ar|/\|
  +--+--+--+--+--+--+
 6|  |~~|AR|~~|ar|~~|
  +--+--+--+--+--+--+
 7|  |/\|AR|/\|ar|/\|
  +--+--+--+--+--+--+
 8|  |~~|AR|~~|ar|~~|
  +--+--+--+--+--+--+
 9|  |/\|AR|/\|ar|/\|
  +--+--+--+--+--+--+
10|  |$ |AR|$ |ar|$ |
  +--+--+--+--+--+--+
11|  |  |AR|  |ar|  |
  +--+--+--+--+--+--+
12|  |$ |AR|$ |ar|$ |
  +--+--+--+--+--+--+
13|  |  |AR|  |ar|  |
  +--+--+--+--+--+--+
14|  |$ |AR|$ |ar|$ |
  +--+--+--+--+--+--+
15|  |  |AR|  |ar|  |
  +--+--+--+--+--+--+
16|  |$ |AR|$ |ar|$ |
  +--+--+--+--+--+--+
17|  |  |AR|  |ar|  |
  +--+--+--+--+--+--+
18|  |$ |AR|$ |ar|$ |
  +--+--+--+--+--+--+
19|  |  |AR|  |ar|  |
  +--+--+--+--+--+--+


Turn 10 (Player B)
    0  1  2  3  4  5
  +--+--+--+--+--+--+
 0|  |~~|AR|~~|  |~~|
  +--+--+--+--+--+--+
 1|  |/\|AR|/\|ar|/\|
  +--+--+--+--+--+--+
 2|  |~~|AR|~~|  |~~|
  +--+--+--+--+--+--+
 3|  |/\|AR|/\|ar|/\|
  +--+--+--+--+--+--+
 4|  |~~|AR|~~|  |~~|
  +--+--+--+--+--+--+
 5|  |/\|AR|/\|ar|/\|
  +--+--+--+--+--+--+
 6|  |~~|AR|~~|ar|~~|
  +--+--+--+--+--+--+
 7|  |/\|AR|/\|ar|/\|
  +--+--+--+--+--+--+
 8|  |~~|AR|~~|ar|~~|
  +--+--+--+--+--+--+
 9|  |/\|AR|/\|ar|/\|
  +--+--+--+--+--+--+
10|  |$ |AR|$ |ar|$ |
  +--+--+--+--+--+--+
11|  |  |AR|  |ar|  |
  +--+--+--+--+--+--+
12|  |$ |AR|$ |ar|$ |
  +--+--+--+--+--+--+
13|  |  |AR|  |ar|  |
  +--+--+--+--+--+--+
14|  |$ |AR|$ |ar|$ |
  +--+--+--+--+--+--+
15|  |  |AR|  |ar|  |
  +--+--+--+--+--+--+
16|  |$ |AR|$ |ar|$ |
  +--+--+--+--+--+--+
17|  |  |AR|  |ar|  |
  +--+--+--+--+--+--+
18|  |$ |AR|$ |ar|$ |
  +--+--+--+--+--+--+
19|  |  |AR|  |ar|  |
  +--+--+--+--+--+--+


Turn 11 (Player A)
    0  1  2  3  4  5
  +--+--+--+--+--+--+
 0|  |~~|AR|~~|  |~~|
  +--+--+--+--+--+--+
 1|  |/\|AR|/\|ar|/\|
  +--+--+--+--+--+--+
 2|  |~~|AR|~~|  |~~|
  +--+--+--+--+--+--+
 3|  |/\|AR|/\|ar|/\|
  +--+--+--+--+--+--+
 4|  |~~|AR|~~|  |~~|
  +--+--+--+--+--+--+
 5|  |/\|AR|/\|ar|/\|
  +--+--+--+--+--+--+
 6|  |~~|AR|~~|ar|~~|
  +--+--+--+--+--+--+
 7|  |/\|AR|/\|ar|/\|
  +--+--+--+--+--+--+
 8|  |~~|AR|~~|ar|~~|
  +--+--+--+--+--+--+
 9|  |/\|AR|/\|ar|/\|
  +--+--+--+--+--+--+
10|  |$ |AR|$ |ar|$ |
  +--+--+--+--+--+--+
11|  |  |AR|  |ar|  |
  +--+--+--+--+--+--+
12|  |$ |AR|$ |ar|$ |
  +--+--+--+--+--+--+
13|  |  |AR|  |ar|  |
  +--+--+--+--+--+--+
14|  |$ |AR|$ |ar|$ |
  +--+--+--+--+--+--+
15|  |  |AR|  |ar|  |
  +--+--+--+--+--+--+
16|  |$ |AR|$ |ar|$ |
  +--+--+--+--+--+--+
17|  |  |AR|  |ar|  |
  +--+--+--+--+--+--+
18|  |$ |AR|$ |ar|$ |
  +--+--+--+--+--+--+
19|  |  |AR|  |ar|  |
  +--+--+--+--+--+--+


Turn 12 (Player B)
    0  1  2  3  4  5
  +--+--+--+--+--+--+
 0|  |~~|AR|~~|  |~~|
  +--+--+--+--+--+--+
 1|  |/\|AR|/\|ar|/\|
  +--+--+--+--+--+--+
 2|  |~~|AR|~~|  |~~|
  +--+--+--+--+--+--+
 3|  |/\|AR|/\|ar|/\|
  +--+--+--+--+--+--+
 4|  |~~|AR|~~|  |~~|
  +--+--+--+--+--+--+
 5|  |/\|AR|/\|ar|/\|
  +--+--+--+--+--+--+
 6|  |~~|AR|~~|ar|~~|
  +--+--+--+--+--+--+
 7|  |/\|AR|/\|ar|/\|
  +--+--+--+--+--+--+
 8|  |~~|AR|~~|ar|~~|
  +--+--+--+--+--+--+
 9|  |/\|AR|/\|ar|/\|
  +--+--+--+--+--+--+
10|  |$ |AR|$ |ar|$ |
  +--+--+--+--+--+--+
11|  |  |AR|  |ar|  |
  +--+--+--+--+--+--+
12|  |$ |AR|$ |ar|$ |
  +--+--+--+--+--+--+
13|  |  |AR|  |ar|  |
  +--+--+--+--+--+--+
14|  |$ |AR|$ |ar|$ |
  +--+--+--+--+--+--+
15|  |  |AR|  |ar|  |
  +--+--+--+--+--+--+
16|  |$ |AR|$ |ar|$ |
  +--+--+--+--+--+--+
17|  |  |AR|  |ar|  |
  +--+--+--+--+--+--+
18|  |$ |AR|$ |ar|$ |
  +--+--+--+--+--+--+
19|  |  |AR|  |ar|  |
  +--+--+--+--+--+--+


Turn 13 (Player A)
    0  1  2  3  4  5
  +--+--+--+--+--+--+
 0|  |~~|AR|~~|  |~~|
  +--+--+--+--+--+--+
 1|  |/\|AR|/\|ar|/\|
  +--+--+--+--+--+--+
 2|  |~~|AR|~~|  |~~|
  +--+--+--+--+--+--+
 3|  |/\|AR|/\|ar|/\|
  +--+--+--+--+--+--+
 4|  |~~|AR|~~|  |~~|
  +--+--+--+--+--+--+
 5|  |/\|AR|/\|ar|/\|
  +--+--+--+--+--+--+
 6|  |~~|AR|~~|  |~~|
  +--+--+--+--+--+--+
 7|  |/\|AR|/\|ar|/\|
  +--+--+--+--+--+--+
 8|  |~~|AR|~~|ar|~~|
  +--+--+--+--+--+--+
 9|  |/\|AR|/\|ar|/\|
  +--+--+--+--+--+--+
10|  |$ |AR|$ |ar|$ |
  +--+--+--+--+--+--+
11|  |  |AR|  |ar|  |
  +--+--+--+--+--+--+
12|  |$ |AR|$ |ar|$ |
  +--+--+--+--+--+--+
13|  |  |AR|  |ar|  |
  +--+--+--+--+--+--+
14|  |$ |AR|$ |ar|$ |
  +--+--+--+--+--+--+
15|  |  |AR|  |ar|  |
  +--+--+--+--+--+--+
16|  |$ |AR|$ |ar|$ |
  +--+--+--+--+--+--+
17|  |  |AR|  |ar|  |
  +--+--+--+--+--+--+
18|  |$ |AR|$ |ar|$ |
  +--+--+--+--+--+--+
19|  |  |AR|  |ar|  |
  +--+--+--+--+--+--+


Turn 14 (Player B)
    0  1  2  3  4  5
  +--+--+--+--+--+--+
 0|  |~~|AR|~~|  |~~|
  +--+--+--+--+--+--+
 1|  |/\|AR|/\|ar|/\|
  +--+--+--+--+--+--+
 2|  |~~|AR|~~|  |~~|
  +--+--+--+--+--+--+
 3|  |/\|AR|/\|ar|/\|
  +--+--+--+--+--+--+
 4|  |~~|AR|~~|  |~~|
  +--+--+--+--+--+--+
 5|  |/\|AR|/\|ar|/\|
  +--+--+--+--+--+--+
 6|  |~~|AR|~~|  |~~|
  +--+--+--+--+--+--+
 7|  |/\|AR|/\|ar|/\|
  +--+--+--+--+--+--+
 8|  |~~|AR|~~|ar|~~|
  +--+--+--+--+--+--+
 9|  |/\|AR|/\|ar|/\|
  +--+--+--+--+--+--+
10|  |$ |AR|$ |ar|$ |
  +--+--+--+--+--+--+
11|  |  |AR|  |ar|  |
  +--+--+--+--+--+--+
12|  |$ |AR|$ |ar|$ |
  +--+--+--+--+--+--+
13|  |  |AR|  |ar|  |
  +--+--+--+--+--+--+
14|  |$ |AR|$ |ar|$ |
  +--+--+--+--+--+--+
15|  |  |AR|  |ar|  |
  +--+--+--+--+--+--+
16|  |$ |AR|$ |ar|$ |
  +--+--+--+--+--+--+
17|  |  |AR|  |ar|  |
  +--+--+--+--+--+--+
18|  |$ |AR|$ |ar|$ |
  +--+--+--+--+--+--+
19|  |  |AR|  |ar|  |
  +--+--+--+--+--+--+


Turn 15 (Player A)
    0  1  2  3  4  5
  +--+--+--+--+--+--+
 0|  |~~|AR|~~|  |~~|
  +--+--+--+--+--+--+
 1|  |/\|AR|/\|ar|/\|
  +--+--+--+--+--+--+
 2|  |~~|AR|~~|  |~~|
  +--+--+--+--+--+--+
 3|  |/\|AR|/\|ar|/\|
  +--+--+--+--+--+--+
 4|  |~~|AR|~~|  |~~|
  +--+--+--+--+--+--+
 5|  |/\|AR|/\|ar|/\|
  +--+--+--+--+--+--+
 6|  |~~|AR|~~|  |~~|
  +--+--+--+--+--+--+
 7|  |/\|AR|/\|ar|/\|
  +--+--+--+--+--+--+
 8|  |~~|AR|~~|ar|~~|
  +--+--+--+--+--+--+
 9|  |/\|AR|/\|ar|/\|
  +--+--+--+--+--+--+
10|  |$ |AR|$ |ar|$ |
  +--+--+--+--+--+--+
11|  |  |AR|  |ar|  |
  +--+--+--+--+--+--+
12|  |$ |AR|$ |ar|$ |
  +--+--+--+--+--+--+
13|  |  |AR|  |ar|  |
  +--+--+--+--+--+--+
14|  |$ |AR|$ |ar|$ |
  +--+--+--+--+--+--+
15|  |  |AR|  |ar|  |
  +--+--+--+--+--+--+
16|  |$ |AR|$ |ar|$ |
  +--+--+--+--+--+--+
17|  |  |AR|  |ar|  |
  +--+--+--+--+--+--+
18|  |$ |AR|$ |ar|$ |
  +--+--+--+--+--+--+
19|  |  |AR|  |ar|  |
  +--+--+--+--+--+--+


Turn 16 (Player B)
    0  1  2  3  4  5
  +--+--+--+--+--+--+
 0|  |~~|AR|~~|  |~~|
  +--+--+--+--+--+--+
 1|  |/\|AR|/\|ar|/\|
  +--+--+--+--+--+--+
 2|  |~~|AR|~~|  |~~|
  +--+--+--+--+--+--+
 3|  |/\|AR|/\|ar|/\|
  +--+--+--+--+--+--+
 4|  |~~|AR|~~|  |~~|
  +--+--+--+--+--+--+
 5|  |/\|AR|/\|ar|/\|
  +--+--+--+--+--+--+
 6|  |~~|AR|~~|  |~~|
  +--+--+--+--+--+--+
 7|  |/\|AR|/\|ar|/\|
  +--+--+--+--+--+--+
 8|  |~~|AR|~~|ar|~~|
  +--+--+--+--+--+--+
 9|  |/\|AR|/\|ar|/\|
  +--+--+--+--+--+--+
10|  |$ |AR|$ |ar|$ |
  +--+--+--+--+--+--+
11|  |  |AR|  |ar|  |
  +--+--+--+--+--+--+
12|  |$ |AR|$ |ar|$ |
  +--+--+--+--+--+--+
13|  |  |AR|  |ar|  |
  +--+--+--+--+--+--+
14|  |$ |AR|$ |ar|$ |
  +--+--+--+--+--+--+
15|  |  |AR|  |ar|  |
  +--+--+--+--+--+--+
16|  |$ |AR|$ |ar|$ |
  +--+--+--+--+--+--+
17|  |  |AR|  |ar|  |
  +--+--+--+--+--+--+
18|  |$ |AR|$ |ar|$ |
  +--+--+--+--+--+--+
19|  |  |AR|  |ar|  |
  +--+--+--+--+--+--+


Turn 17 (Player A)
    0  1  2  3  4  5
  +--+--+--+--+--+--+
 0|  |~~|AR|~~|  |~~|
  +--+--+--+--+--+--+
 1|  |/\|AR|/\|ar|/\|
  +--+--+--+--+--+--+
 2|  |~~|AR|~~|  |~~|
  +--+--+--+--+--+--+
 3|  |/\|AR|/\|ar|/\|
  +--+--+--+--+--+--+
 4|  |~~|AR|~~|  |~~|
  +--+--+--+--+--+--+
 5|  |/\|AR|/\|ar|/\|
  +--+--+--+--+--+--+
 6|  |~~|AR|~~|  |~~|
  +--+--+--+--+--+--+
 7|  |/\|AR|/\|ar|/\|
  +--+--+--+--+--+--+
 8|  |~~|AR|~~|  |~~|
  +--+--+--+--+--+--+
 9|  |/\|AR|/\|ar|/\|
  +--+--+--+--+--+--+
10|  |$ |AR|$ |ar|$ |
  +--+--+--+--+--+--+
11|  |  |AR|  |ar|  |
  +--+--+--+--+--+--+
12|  |$ |AR|$ |ar|$ |
  +--+--+--+--+--+--+
13|  |  |AR|  |ar|  |
  +--+--+--+--+--+--+
14|  |$ |AR|$ |ar|$ |
  +--+--+--+--+--+--+
15|  |  |AR|  |ar|  |
  +--+--+--+--+--+--+
16|  |$ |AR|$ |ar|$ |
  +--+--+--+--+--+--+
17|  |  |AR|  |ar|  |
  +--+--+--+--+--+--+
18|  |$ |AR|$ |ar|$ |
  +--+--+--+--+--+--+
19|  |  |AR|  |ar|  |
  +--+--+--+--+--+--+


Turn 18 (Player B)
    0  1  2  3  4  5
  +--+--+--+--+--+--+
 0|  |~~|AR|~~|  |~~|
  +--+--+--+--+--+--+
 1|  |/\|AR|/\|ar|/\|
  +--+--+--+--+--+--+
 2|  |~~|AR|~~|  |~~|
  +--+--+--+--+--+--+
 3|  |/\|AR|/\|ar|/\|
  +--+--+--+--+--+--+
 4|  |~~|AR|~~|  |~~|
  +--+--+--+--+--+--+
 5|  |/\|AR|/\|ar|/\|
  +--+--+--+--+--+--+
 6|  |~~|AR|~~|  |~~|
  +--+--+--+--+--+--+
 7|  |/\|AR|/\|ar|/\|
  +--+--+--+--+--+--+
 8|  |~~|AR|~~|  |~~|
  +--+--+--+--+--+--+
 9|  |/\|AR|/\|ar|/\|
  +--+--+--+--+--+--+
10|  |$ |AR|$ |ar|$ |
  +--+--+--+--+--+--+
11|  |  |AR|  |ar|  |
  +--+--+--+--+--+--+
12|  |$ |AR|$ |ar|$ |
  +--+--+--+--+--+--+
13|  |  |AR|  |ar|  |
  +--+--+--+--+--+--+
14|  |$ |AR|$ |ar|$ |
  +--+--+--+--+--+--+
15|  |  |AR|  |ar|  |
  +--+--+--+--+--+--+
16|  |$ |AR|$ |ar|$ |
  +--+--+--+--+--+--+
17|  |  |AR|  |ar|  |
  +--+--+--+--+--+--+
18|  |$ |AR|$ |ar|$ |
  +--+--+--+--+--+--+
19|  |  |AR|  |ar|  |
  +--+--+--+--+--+--+


Turn 19 (Player A)
    0  1  2  3  4  5
  +--+--+--+--+--+--+
 0|  |~~|AR|~~|  |~~|
  +--+--+--+--+--+--+
 1|  |/\|AR|/\|ar|/\|
  +--+--+--+--+--+--+
 2|  |~~|AR|~~|  |~~|
  +--+--+--+--+--+--+
 3|  |/\|AR|/\|ar|/\|
  +--+--+--+--+--+--+
 4|  |~~|AR|~~|  |~~|
  +--+--+--+--+--+--+
 5|  |/\|AR|/\|ar|/\|
  +--+--+--+--+--+--+
 6|  |~~|AR|~~|  |~~|
  +--+--+--+--+--+--+
 7|  |/\|AR|/\|ar|/\|
  +--+--+--+--+--+--+
 8|  |~~|AR|~~|  |~~|
  +--+--+--+--+--+--+
 9|  |/\|AR|/\|ar|/\|
  +--+--+--+--+--+--+
10|  |$ |AR|$ |ar|$ |
  +--+--+--+--+--+--+
11|  |  |AR|  |ar|  |
  +--+--+--+--+--+--+
12|  |$ |AR|$ |ar|$ |
  +--+--+--+--+--+--+
13|  |  |AR|  |ar|  |
  +--+--+--+--+--+--+
14|  |$ |AR|$ |ar|$ |
  +--+--+--+--+--+--+
15|  |  |AR|  |ar|  |
  +--+--+--+--+--+--+
16|  |$ |AR|$ |ar|$ |
  +--+--+--+--+--+--+
17|  |  |AR|  |ar|  |
  +--+--+--+--+--+--+
18|  |$ |AR|$ |ar|$ |
  +--+--+--+--+--+--+
19|  |  |AR|  |ar|  |
  +--+--+--+--+--+--+


Turn 20 (Player B)
    0  1  2  3  4  5
  +--+--+--+--+--+--+
 0|  |~~|AR|~~|  |~~|
  +--+--+--+--+--+--+
 1|  |/\|AR|/\|ar|/\|
  +--+--+--+--+--+--+
 2|  |~~|AR|~~|  |~~|
  +--+--+--+--+--+--+
 3|  |/\|AR|/\|ar|/\|
  +--+--+--+--+--+--+
 4|  |~~|AR|~~|  |~~|
  +--+--+--+--+--+--+
 5|  |/\|AR|/\|ar|/\|
  +--+--+--+--+--+--+
 6|  |~~|AR|~~|  |~~|
  +--+--+--+--+--+--+
 7|  |/\|AR|/\|ar|/\|
  +--+--+--+--+--+--+
 8|  |~~|AR|~~|  |~~|
  +--+--+--+--+--+--+
 9|  |/\|AR|/\|ar|/\|
  +--+--+--+--+--+--+
10|  |$ |AR|$ |ar|$ |
  +--+--+--+--+--+--+
11|  |  |AR|  |ar|  |
  +--+--+--+--+--+--+
12|  |$ |AR|$ |ar|$ |
  +--+--+--+--+--+--+
13|  |  |AR|  |ar|  |
  +--+--+--+--+--+--+
14|  |$ |AR|$ |ar|$ |
  +--+--+--+--+--+--+
15|  |  |AR|  |ar|  |
  +--+--+--+--+--+--+
16|  |$ |AR|$ |ar|$ |
  +--+--+--+--+--+--+
17|  |  |AR|  |ar|  |
  +--+--+--+--+--+--+
18|  |$ |AR|$ |ar|$ |
  +--+--+--+--+--+--+
19|  |  |AR|  |ar|  |
  +--+--+--+--+--+--+


Turn 21 (Player A)
    0  1  2  3  4  5
  +--+--+--+--+--+--+
 0|  |~~|AR|~~|  |~~|
  +--+--+--+--+--+--+
 1|  |/\|AR|/\|ar|/\|
  +--+--+--+--+--+--+
 2|  |~~|AR|~~|  |~~|
  +--+--+--+--+--+--+
 3|  |/\|AR|/\|ar|/\|
  +--+--+--+--+--+--+
 4|  |~~|AR|~~|  |~~|
  +--+--+--+--+--+--+
 5|  |/\|AR|/\|ar|/\|
  +--+--+--+--+--+--+
 6|  |~~|AR|~~|  |~~|
  +--+--+--+--+--+--+
 7|  |/\|AR|/\|ar|/\|
  +--+--+--+--+--+--+
 8|  |~~|AR|~~|  |~~|
  +--+--+--+--+--+--+
 9|  |/\|AR|/\|ar|/\|
  +--+--+--+--+--+--+
10|  |$ |AR|$ |  |$ |
  +--+--+--+--+--+--+
11|  |  |AR|  |ar|  |
  +--+--+--+--+--+--+
12|  |$ |AR|$ |ar|$ |
  +--+--+--+--+--+--+
13|  |  |AR|  |ar|  |
  +--+--+--+--+--+--+
14|  |$ |AR|$ |ar|$ |
  +--+--+--+--+--+--+
15|  |  |AR|  |ar|  |
  +--+--+--+--+--+--+
16|  |$ |AR|$ |ar|$ |
  +--+--+--+--+--+--+
17|  |  |AR|  |ar|  |
  +--+--+--+--+--+--+
18|  |$ |AR|$ |ar|$ |
  +--+--+--+--+--+--+
19|  |  |AR|  |ar|  |
  +--+--+--+--+--+--+


Turn 22 (Player B)
    0  1  2  3  4  5
  +--+--+--+--+--+--+
 0|  |~~|AR|~~|  |~~|
  +--+--+--+--+--+--+
 1|  |/\|AR|/\|ar|/\|
  +--+--+--+--+--+--+
 2|  |~~|AR|~~|  |~~|
  +--+--+--+--+--+--+
 3|  |/\|AR|/\|ar|/\|
  +--+--+--+--+--+--+
 4|  |~~|AR|~~|  |~~|
  +--+--+--+--+--+--+
 5|  |/\|AR|/\|ar|/\|
  +--+--+--+--+--+--+
 6|  |~~|AR|~~|  |~~|
  +--+--+--+--+--+--+
 7|  |/\|AR|/\|ar|/\|
  +--+--+--+--+--+--+
 8|  |~~|AR|~~|  |~~|
  +--+--+--+--+--+--+
 9|  |/\|AR|/\|ar|/\|
  +--+--+--+--+--+--+
10|  |$ |AR|$ |  |$ |
  +--+--+--+--+--+--+
11|  |  |AR|  |ar|  |
  +--+--+--+--+--+--+
12|  |$ |AR|$ |ar|$ |
  +--+--+--+--+--+--+
13|  |  |AR|  |ar|  |
  +--+--+--+--+--+--+
14|  |$ |AR|$ |ar|$ |
  +--+--+--+--+--+--+
15|  |  |AR|  |ar|  |
  +--+--+--+--+--+--+
16|  |$ |AR|$ |ar|$ |
  +--+--+--+--+--+--+
17|  |  |AR|  |ar|  |
  +--+--+--+--+--+--+
18|  |$ |AR|$ |ar|$ |
  +--+--+--+--+--+--+
19|  |  |AR|  |ar|  |
  +--+--+--+--+--+--+


Turn 23 (Player A)
    0  1  2  3  4  5
  +--+--+--+--+--+--+
 0|  |~~|AR|~~|  |~~|
  +--+--+--+--+--+--+
 1|  |/\|AR|/\|ar|/\|
  +--+--+--+--+--+--+
 2|  |~~|AR|~~|  |~~|
  +--+--+--+--+--+--+
 3|  |/\|AR|/\|ar|/\|
  +--+--+--+--+--+--+
 4|  |~~|AR|~~|  |~~|
  +--+--+--+--+--+--+
 5|  |/\|AR|/\|ar|/\|
  +--+--+--+--+--+--+
 6|  |~~|AR|~~|  |~~|
  +--+--+--+--+--+--+
 7|  |/\|AR|/\|ar|/\|
  +--+--+--+--+--+--+
 8|  |~~|AR|~~|  |~~|
  +--+--+--+--+--+--+
 9|  |/\|AR|/\|ar|/\|
  +--+--+--+--+--+--+
10|  |$ |AR|$ |  |$ |
  +--+--+--+--+--+--+
11|  |  |AR|  |  |  |
  +--+--+--+--+--+--+
12|  |$ |AR|$ |ar|$ |
  +--+--+--+--+--+--+
13|  |  |AR|  |ar|  |
  +--+--+--+--+--+--+
14|  |$ |AR|$ |ar|$ |
  +--+--+--+--+--+--+
15|  |  |AR|  |ar|  |
  +--+--+--+--+--+--+
16|  |$ |AR|$ |ar|$ |
  +--+--+--+--+--+--+
17|  |  |AR|  |ar|  |
  +--+--+--+--+--+--+
18|  |$ |AR|$ |ar|$ |
  +--+--+--+--+--+--+
19|  |  |AR|  |ar|  |
  +--+--+--+--+--+--+


Turn 24 (Player B)
    0  1  2  3  4  5
  +--+--+--+--+--+--+
 0|  |~~|AR|~~|  |~~|
  +--+--+--+--+--+--+
 1|  |/\|AR|/\|ar|/\|
  +--+--+--+--+--+--+
 2|  |~~|AR|~~|  |~~|
  +--+--+--+--+--+--+
 3|  |/\|AR|/\|ar|/\|
  +--+--+--+--+--+--+
 4|  |~~|AR|~~|  |~~|
  +--+--+--+--+--+--+
 5|  |/\|AR|/\|ar|/\|
  +--+--+--+--+--+--+
 6|  |~~|AR|~~|  |~~|
  +--+--+--+--+--+--+
 7|  |/\|AR|/\|ar|/\|
  +--+--+--+--+--+--+
 8|  |~~|AR|~~|  |~~|
  +--+--+--+--+--+--+
 9|  |/\|AR|/\|ar|/\|
  +--+--+--+--+--+--+
10|  |$ |AR|$ |  |$ |
  +--+--+--+--+--+--+
11|  |  |AR|  |  |  |
  +--+--+--+--+--+--+
12|  |$ |AR|$ |ar|$ |
  +--+--+--+--+--+--+
13|  |  |AR|  |ar|  |
  +--+--+--+--+--+--+
14|  |$ |AR|$ |ar|$ |
  +--+--+--+--+--+--+
15|  |  |AR|  |ar|  |
  +--+--+--+--+--+--+
16|  |$ |AR|$ |ar|$ |
  +--+--+--+--+--+--+
17|  |  |AR|  |ar|  |
  +--+--+--+--+--+--+
18|  |$ |AR|$ |ar|$ |
  +--+--+--+--+--+--+
19|  |  |AR|  |ar|  |
  +--+--+--+--+--+--+


Turn 25 (Player A)
    0  1  2  3  4  5
  +--+--+--+--+--+--+
 0|  |~~|AR|~~|  |~~|
  +--+--+--+--+--+--+
 1|  |/\|AR|/\|ar|/\|
  +--+--+--+--+--+--+
 2|  |~~|AR|~~|  |~~|
  +--+--+--+--+--+--+
 3|  |/\|AR|/\|ar|/\|
  +--+--+--+--+--+--+
 4|  |~~|AR|~~|  |~~|
  +--+--+--+--+--+--+
 5|  |/\|AR|/\|ar|/\|
  +--+--+--+--+--+--+
 6|  |~~|AR|~~|  |~~|
  +--+--+--+--+--+--+
 7|  |/\|AR|/\|ar|/\|
  +--+--+--+--+--+--+
 8|  |~~|AR|~~|  |~~|
  +--+--+--+--+--+--+
 9|  |/\|AR|/\|ar|/\|
  +--+--+--+--+--+--+
10|  |$ |AR|$ |  |$ |
  +--+--+--+--+--+--+
11|  |  |AR|  |  |  |
  +--+--+--+--+--+--+
12|  |$ |AR|$ |  |$ |
  +--+--+--+--+--+--+
13|  |  |AR|  |ar|  |
  +--+--+--+--+--+--+
14|  |$ |AR|$ |ar|$ |
  +--+--+--+--+--+--+
15|  |  |AR|  |ar|  |
  +--+--+--+--+--+--+
16|  |$ |AR|$ |ar|$ |
  +--+--+--+--+--+--+
17|  |  |AR|  |ar|  |
  +--+--+--+--+--+--+
18|  |$ |AR|$ |ar|$ |
  +--+--+--+--+--+--+
19|  |  |AR|  |ar|  |
  +--+--+--+--+--+--+


Turn 26 (Player B)
    0  1  2  3  4  5
  +--+--+--+--+--+--+
 0|  |~~|AR|~~|  |~~|
  +--+--+--+--+--+--+
 1|  |/\|AR|/\|ar|/\|
  +--+--+--+--+--+--+
 2|  |~~|AR|~~|  |~~|
  +--+--+--+--+--+--+
 3|  |/\|AR|/\|ar|/\|
  +--+--+--+--+--+--+
 4|  |~~|AR|~~|  |~~|
  +--+--+--+--+--+--+
 5|  |/\|AR|/\|ar|/\|
  +--+--+--+--+--+--+
 6|  |~~|AR|~~|  |~~|
  +--+--+--+--+--+--+
 7|  |/\|AR|/\|ar|/\|
  +--+--+--+--+--+--+
 8|  |~~|AR|~~|  |~~|
  +--+--+--+--+--+--+
 9|  |/\|AR|/\|ar|/\|
  +--+--+--+--+--+--+
10|  |$ |AR|$ |  |$ |
  +--+--+--+--+--+--+
11|  |  |AR|  |  |  |
  +--+--+--+--+--+--+
12|  |$ |AR|$ |  |$ |
  +--+--+--+--+--+--+
13|  |  |AR|  |ar|  |
  +--+--+--+--+--+--+
14|  |$ |AR|$ |ar|$ |
  +--+--+--+--+--+--+
15|  |  |AR|  |ar|  |
  +--+--+--+--+--+--+
16|  |$ |AR|$ |ar|$ |
  +--+--+--+--+--+--+
17|  |  |AR|  |ar|  |
  +--+--+--+--+--+--+
18|  |$ |AR|$ |ar|$ |
  +--+--+--+--+--+--+
19|  |  |AR|  |ar|  |
  +--+--+--+--+--+--+


Turn 27 (Player A)
    0  1  2  3  4  5
  +--+--+--+--+--+--+
 0|  |~~|AR|~~|  |~~|
  +--+--+--+--+--+--+
 1|  |/\|AR|/\|ar|/\|
  +--+--+--+--+--+--+
 2|  |~~|AR|~~|  |~~|
  +--+--+--+--+--+--+
 3|  |/\|AR|/\|ar|/\|
  +--+--+--+--+--+--+
 4|  |~~|AR|~~|  |~~|
  +--+--+--+--+--+--+
 5|  |/\|AR|/\|ar|/\|
  +--+--+--+--+--+--+
 6|  |~~|AR|~~|  |~~|
  +--+--+--+--+--+--+
 7|  |/\|AR|/\|ar|/\|
  +--+--+--+--+--+--+
 8|  |~~|AR|~~|  |~~|
  +--+--+--+--+--+--+
 9|  |/\|AR|/\|ar|/\|
  +--+--+--+--+--+--+
10|  |$ |AR|$ |  |$ |
  +--+--+--+--+--+--+
11|  |  |AR|  |  |  |
  +--+--+--+--+--+--+
12|  |$ |AR|$ |  |$ |
  +--+--+--+--+--+--+
13|  |  |AR|  |  |  |
  +--+--+--+--+--+--+
14|  |$ |AR|$ |ar|$ |
  +--+--+--+--+--+--+
15|  |  |AR|  |ar|  |
  +--+--+--+--+--+--+
16|  |$ |AR|$ |ar|$ |
  +--+--+--+--+--+--+
17|  |  |AR|  |ar|  |
  +--+--+--+--+--+--+
18|  |$ |AR|$ |ar|$ |
  +--+--+--+--+--+--+
19|  |  |AR|  |ar|  |
  +--+--+--+--+--+--+


Turn 28 (Player B)
    0  1  2  3  4  5
  +--+--+--+--+--+--+
 0|  |~~|AR|~~|  |~~|
  +--+--+--+--+--+--+
 1|  |/\|AR|/\|ar|/\|
  +--+--+--+--+--+--+
 2|  |~~|AR|~~|  |~~|
  +--+--+--+--+--+--+
 3|  |/\|AR|/\|ar|/\|
  +--+--+--+--+--+--+
 4|  |~~|AR|~~|  |~~|
  +--+--+--+--+--+--+
 5|  |/\|AR|/\|ar|/\|
  +--+--+--+--+--+--+
 6|  |~~|AR|~~|  |~~|
  +--+--+--+--+--+--+
 7|  |/\|AR|/\|ar|/\|
  +--+--+--+--+--+--+
 8|  |~~|AR|~~|  |~~|
  +--+--+--+--+--+--+
 9|  |/\|AR|/\|ar|/\|
  +--+--+--+--+--+--+
10|  |$ |AR|$ |  |$ |
  +--+--+--+--+--+--+
11|  |  |AR|  |  |  |
  +--+--+--+--+--+--+
12|  |$ |AR|$ |  |$ |
  +--+--+--+--+--+--+
13|  |  |AR|  |  |  |
  +--+--+--+--+--+--+
14|  |$ |AR|$ |ar|$ |
  +--+--+--+--+--+--+
15|  |  |AR|  |ar|  |
  +--+--+--+--+--+--+
16|  |$ |AR|$ |ar|$ |
  +--+--+--+--+--+--+
17|  |  |AR|  |ar|  |
  +--+--+--+--+--+--+
18|  |$ |AR|$ |ar|$ |
  +--+--+--+--+--+--+
19|  |  |AR|  |ar|  |
  +--+--+--+--+--+--+


Turn 29 (Player A)
    0  1  2  3  4  5
  +--+--+--+--+--+--+
 0|  |~~|AR|~~|  |~~|
  +--+--+--+--+--+--+
 1|  |/\|AR|/\|ar|/\|
  +--+--+--+--+--+--+
 2|  |~~|AR|~~|  |~~|
  +--+--+--+--+--+--+
 3|  |/\|AR|/\|ar|/\|
  +--+--+--+--+--+--+
 4|  |~~|AR|~~|  |~~|
  +--+--+--+--+--+--+
 5|  |/\|AR|/\|ar|/\|
  +--+--+--+--+--+--+
 6|  |~~|AR|~~|  |~~|
  +--+--+--+--+--+--+
 7|  |/\|AR|/\|ar|/\|
  +--+--+--+--+--+--+
 8|  |~~|AR|~~|  |~~|
  +--+--+--+--+--+--+
 9|  |/\|AR|/\|ar|/\|
  +--+--+--+--+--+--+
10|  |$ |AR|$ |  |$ |
  +--+--+--+--+--+--+
11|  |  |AR|  |  |  |
  +--+--+--+--+--+--+
12|  |$ |AR|$ |  |$ |
  +--+--+--+--+--+--+
13|  |  |AR|  |  |  |
  +--+--+--+--+--+--+
14|  |$ |AR|$ |  |$ |
  +--+--+--+--+--+--+
15|  |  |AR|  |ar|  |
  +--+--+--+--+--+--+
16|  |$ |AR|$ |ar|$ |
  +--+--+--+--+--+--+
17|  |  |AR|  |ar|  |
  +--+--+--+--+--+--+
18|  |$ |AR|$ |ar|$ |
  +--+--+--+--+--+--+
19|  |  |AR|  |ar|  |
  +--+--+--+--+--+--+


Turn 30 (Player B)
    0  1  2  3  4  5
  +--+--+--+--+--+--+
 0|  |~~|AR|~~|  |~~|
  +--+--+--+--+--+--+
 1|  |/\|AR|/\|ar|/\|
  +--+--+--+--+--+--+
 2|  |~~|AR|~~|  |~~|
  +--+--+--+--+--+--+
 3|  |/\|AR|/\|ar|/\|
  +--+--+--+--+--+--+
 4|  |~~|AR|~~|  |~~|
  +--+--+--+--+--+--+
 5|  |/\|AR|/\|ar|/\|
  +--+--+--+--+--+--+
 6|  |~~|AR|~~|  |~~|
  +--+--+--+--+--+--+
 7|  |/\|AR|/\|ar|/\|
  +--+--+--+--+--+--+
 8|  |~~|AR|~~|  |~~|
  +--+--+--+--+--+--+
 9|  |/\|AR|/\|ar|/\|
  +--+--+--+--+--+--+
10|  |$ |AR|$ |  |$ |
  +--+--+--+--+--+--+
11|  |  |AR|  |  |  |
  +--+--+--+--+--+--+
12|  |$ |AR|$ |  |$ |
  +--+--+--+--+--+--+
13|  |  |AR|  |  |  |
  +--+--+--+--+--+--+
14|  |$ |AR|$ |  |$ |
  +--+--+--+--+--+--+
15|  |  |AR|  |ar|  |
  +--+--+--+--+--+--+
16|  |$ |AR|$ |ar|$ |
  +--+--+--+--+--+--+
17|  |  |AR|  |ar|  |
  +--+--+--+--+--+--+
18|  |$ |AR|$ |ar|$ |
  +--+--+--+--+--+--+
19|  |  |AR|  |ar|  |
  +--+--+--+--+--+--+


Turn 31 (Player A)
    0  1  2  3  4  5
  +--+--+--+--+--+--+
 0|  |~~|AR|~~|  |~~|
  +--+--+--+--+--+--+
 1|  |/\|AR|/\|ar|/\|
  +--+--+--+--+--+--+
 2|  |~~|AR|~~|  |~~|
  +--+--+--+--+--+--+
 3|  |/\|AR|/\|ar|/\|
  +--+--+--+--+--+--+
 4|  |~~|AR|~~|  |~~|
  +--+--+--+--+--+--+
 5|  |/\|AR|/\|ar|/\|
  +--+--+--+--+--+--+
 6|  |~~|AR|~~|  |~~|
  +--+--+--+--+--+--+
 7|  |/\|AR|/\|ar|/\|
  +--+--+--+--+--+--+
 8|  |~~|AR|~~|  |~~|
  +--+--+--+--+--+--+
 9|  |/\|AR|/\|ar|/\|
  +--+--+--+--+--+--+
10|  |$ |AR|$ |  |$ |
  +--+--+--+--+--+--+
11|  |  |AR|  |  |  |
  +--+--+--+--+--+--+
12|  |$ |AR|$ |  |$ |
  +--+--+--+--+--+--+
13|  |  |AR|  |  |  |
  +--+--+--+--+--+--+
14|  |$ |AR|$ |  |$ |
  +--+--+--+--+--+--+
15|  |  |AR|  |  |  |
  +--+--+--+--+--+--+
16|  |$ |AR|$ |ar|$ |
  +--+--+--+--+--+--+
17|  |  |AR|  |ar|  |
  +--+--+--+--+--+--+
18|  |$ |AR|$ |ar|$ |
  +--+--+--+--+--+--+
19|  |  |AR|  |ar|  |
  +--+--+--+--+--+--+


Turn 32 (Player B)
    0  1  2  3  4  5
  +--+--+--+--+--+--+
 0|  |~~|AR|~~|  |~~|
  +--+--+--+--+--+--+
 1|  |/\|AR|/\|ar|/\|
  +--+--+--+--+--+--+
 2|  |~~|AR|~~|  |~~|
  +--+--+--+--+--+--+
 3|  |/\|AR|/\|ar|/\|
  +--+--+--+--+--+--+
 4|  |~~|AR|~~|  |~~|
  +--+--+--+--+--+--+
 5|  |/\|AR|/\|ar|/\|
  +--+--+--+--+--+--+
 6|  |~~|AR|~~|  |~~|
  +--+--+--+--+--+--+
 7|  |/\|AR|/\|ar|/\|
  +--+--+--+--+--+--+
 8|  |~~|AR|~~|  |~~|
  +--+--+--+--+--+--+
 9|  |/\|AR|/\|ar|/\|
  +--+--+--+--+--+--+
10|  |$ |AR|$ |  |$ |
  +--+--+--+--+--+--+
11|  |  |AR|  |  |  |
  +--+--+--+--+--+--+
12|  |$ |AR|$ |  |$ |
  +--+--+--+--+--+--+
13|  |  |AR|  |  |  |
  +--+--+--+--+--+--+
14|  |$ |AR|$ |  |$ |
  +--+--+--+--+--+--+
15|  |  |AR|  |  |  |
  +--+--+--+--+--+--+
16|  |$ |AR|$ |ar|$ |
  +--+--+--+--+--+--+
17|  |  |AR|  |ar|  |
  +--+--+--+--+--+--+
18|  |$ |AR|$ |ar|$ |
  +--+--+--+--+--+--+
19|  |  |AR|  |ar|  |
  +--+--+--+--+--+--+


Turn 33 (Player A)
    0  1  2  3  4  5
  +--+--+--+--+--+--+
 0|  |~~|AR|~~|  |~~|
  +--+--+--+--+--+--+
 1|  |/\|AR|/\|ar|/\|
  +--+--+--+--+--+--+
 2|  |~~|AR|~~|  |~~|
  +--+--+--+--+--+--+
 3|  |/\|AR|/\|ar|/\|
  +--+--+--+--+--+--+
 4|  |~~|AR|~~|  |~~|
  +--+--+--+--+--+--+
 5|  |/\|AR|/\|ar|/\|
  +--+--+--+--+--+--+
 6|  |~~|AR|~~|  |~~|
  +--+--+--+--+--+--+
 7|  |/\|AR|/\|ar|/\|
  +--+--+--+--+--+--+
 8|  |~~|AR|~~|  |~~|
  +--+--+--+--+--+--+
 9|  |/\|AR|/\|ar|/\|
  +--+--+--+--+--+--+
10|  |$ |AR|$ |  |$ |
  +--+--+--+--+--+--+
11|  |  |AR|  |  |  |
  +--+--+--+--+--+--+
12|  |$ |AR|$ |  |$ |
  +--+--+--+--+--+--+
13|  |  |AR|  |  |  |
  +--+--+--+--+--+--+
14|  |$ |AR|$ |  |$ |
  +--+--+--+--+--+--+
15|  |  |AR|  |  |  |
  +--+--+--+--+--+--+
16|  |$ |AR|$ |  |$ |
  +--+--+--+--+--+--+
17|  |  |AR|  |ar|  |
  +--+--+--+--+--+--+
18|  |$ |AR|$ |ar|$ |
  +--+--+--+--+--+--+
19|  |  |AR|  |ar|  |
  +--+--+--+--+--+--+


Turn 34 (Player B)
    0  1  2  3  4  5
  +--+--+--+--+--+--+
 0|  |~~|AR|~~|  |~~|
  +--+--+--+--+--+--+
 1|  |/\|AR|/\|ar|/\|
  +--+--+--+--+--+--+
 2|  |~~|AR|~~|  |~~|
  +--+--+--+--+--+--+
 3|  |/\|AR|/\|ar|/\|
  +--+--+--+--+--+--+
 4|  |~~|AR|~~|  |~~|
  +--+--+--+--+--+--+
 5|  |/\|AR|/\|ar|/\|
  +--+--+--+--+--+--+
 6|  |~~|AR|~~|  |~~|
  +--+--+--+--+--+--+
 7|  |/\|AR|/\|ar|/\|
  +--+--+--+--+--+--+
 8|  |~~|AR|~~|  |~~|
  +--+--+--+--+--+--+
 9|  |/\|AR|/\|ar|/\|
  +--+--+--+--+--+--+
10|  |$ |AR|$ |  |$ |
  +--+--+--+--+--+--+
11|  |  |AR|  |  |  |
  +--+--+--+--+--+--+
12|  |$ |AR|$ |  |$ |
  +--+--+--+--+--+--+
13|  |  |AR|  |  |  |
  +--+--+--+--+--+--+
14|  |$ |AR|$ |  |$ |
  +--+--+--+--+--+--+
15|  |  |AR|  |  |  |
  +--+--+--+--+--+--+
16|  |$ |AR|$ |  |$ |
  +--+--+--+--+--+--+
17|  |  |AR|  |ar|  |
  +--+--+--+--+--+--+
18|  |$ |AR|$ |ar|$ |
  +--+--+--+--+--+--+
19|  |  |AR|  |ar|  |
  +--+--+--+--+--+--+


Turn 35 (Player A)
    0  1  2  3  4  5
  +--+--+--+--+--+--+
 0|  |~~|AR|~~|  |~~|
  +--+--+--+--+--+--+
 1|  |/\|AR|/\|ar|/\|
  +--+--+--+--+--+--+
 2|  |~~|AR|~~|  |~~|
  +--+--+--+--+--+--+
 3|  |/\|AR|/\|ar|/\|
  +--+--+--+--+--+--+
 4|  |~~|AR|~~|  |~~|
  +--+--+--+--+--+--+
 5|  |/\|AR|/\|ar|/\|
  +--+--+--+--+--+--+
 6|  |~~|AR|~~|  |~~|
  +--+--+--+--+--+--+
 7|  |/\|AR|/\|ar|/\|
  +--+--+--+--+--+--+
 8|  |~~|AR|~~|  |~~|
  +--+--+--+--+--+--+
 9|  |/\|AR|/\|ar|/\|
  +--+--+--+--+--+--+
10|  |$ |AR|$ |  |$ |
  +--+--+--+--+--+--+
11|  |  |AR|  |  |  |
  +--+--+--+--+--+--+
12|  |$ |AR|$ |  |$ |
  +--+--+--+--+--+--+
13|  |  |AR|  |  |  |
  +--+--+--+--+--+--+
14|  |$ |AR|$ |  |$ |
  +--+--+--+--+--+--+
15|  |  |AR|  |  |  |
  +--+--+--+--+--+--+
16|  |$ |AR|$ |  |$ |
  +--+--+--+--+--+--+
17|  |  |AR|  |  |  |
  +--+--+--+--+--+--+
18|  |$ |AR|$ |ar|$ |
  +--+--+--+--+--+--+
19|  |  |AR|  |ar|  |
  +--+--+--+--+--+--+


Turn 36 (Player B)
    0  1  2  3  4  5
  +--+--+--+--+--+--+
 0|  |~~|AR|~~|  |~~|
  +--+--+--+--+--+--+
 1|  |/\|AR|/\|ar|/\|
  +--+--+--+--+--+--+
 2|  |~~|AR|~~|  |~~|
  +--+--+--+--+--+--+
 3|  |/\|AR|/\|ar|/\|
  +--+--+--+--+--+--+
 4|  |~~|AR|~~|  |~~|
  +--+--+--+--+--+--+
 5|  |/\|AR|/\|ar|/\|
  +--+--+--+--+--+--+
 6|  |~~|AR|~~|  |~~|
  +--+--+--+--+--+--+
 7|  |/\|AR|/\|ar|/\|
  +--+--+--+--+--+--+
 8|  |~~|AR|~~|  |~~|
  +--+--+--+--+--+--+
 9|  |/\|AR|/\|ar|/\|
  +--+--+--+--+--+--+
10|  |$ |AR|$ |  |$ |
  +--+--+--+--+--+--+
11|  |  |AR|  |  |  |
  +--+--+--+--+--+--+
12|  |$ |AR|$ |  |$ |
  +--+--+--+--+--+--+
13|  |  |AR|  |  |  |
  +--+--+--+--+--+--+
14|  |$ |AR|$ |  |$ |
  +--+--+--+--+--+--+
15|  |  |AR|  |  |  |
  +--+--+--+--+--+--+
16|  |$ |AR|$ |  |$ |
  +--+--+--+--+--+--+
17|  |  |AR|  |  |  |
  +--+--+--+--+--+--+
18|  |$ |AR|$ |ar|$ |
  +--+--+--+--+--+--+
19|  |  |AR|  |ar|  |
  +--+--+--+--+--+--+


Turn 37 (Player A)
    0  1  2  3  4  5
  +--+--+--+--+--+--+
 0|  |~~|AR|~~|  |~~|
  +--+--+--+--+--+--+
 1|  |/\|AR|/\|ar|/\|
  +--+--+--+--+--+--+
 2|  |~~|AR|~~|  |~~|
  +--+--+--+--+--+--+
 3|  |/\|AR|/\|ar|/\|
  +--+--+--+--+--+--+
 4|  |~~|AR|~~|  |~~|
  +--+--+--+--+--+--+
 5|  |/\|AR|/\|ar|/\|
  +--+--+--+--+--+--+
 6|  |~~|AR|~~|  |~~|
  +--+--+--+--+--+--+
 7|  |/\|AR|/\|ar|/\|
  +--+--+--+--+--+--+
 8|  |~~|AR|~~|  |~~|
  +--+--+--+--+--+--+
 9|  |/\|AR|/\|ar|/\|
  +--+--+--+--+--+--+
10|  |$ |AR|$ |  |$ |
  +--+--+--+--+--+--+
11|  |  |AR|  |  |  |
  +--+--+--+--+--+--+
12|  |$ |AR|$ |  |$ |
  +--+--+--+--+--+--+
13|  |  |AR|  |  |  |
  +--+--+--+--+--+--+
14|  |$ |AR|$ |  |$ |
  +--+--+--+--+--+--+
15|  |  |AR|  |  |  |
  +--+--+--+--+--+--+
16|  |$ |AR|$ |  |$ |
  +--+--+--+--+--+--+
17|  |  |AR|  |  |  |
  +--+--+--+--+--+--+
18|  |$ |AR|$ |  |$ |
  +--+--+--+--+--+--+
19|  |  |AR|  |ar|  |
  +--+--+--+--+--+--+


Turn 38 (Player B)
    0  1  2  3  4  5
  +--+--+--+--+--+--+
 0|  |~~|AR|~~|  |~~|
  +--+--+--+--+--+--+
 1|  |/\|AR|/\|ar|/\|
  +--+--+--+--+--+--+
 2|  |~~|AR|~~|  |~~|
  +--+--+--+--+--+--+
 3|  |/\|AR|/\|ar|/\|
  +--+--+--+--+--+--+
 4|  |~~|AR|~~|  |~~|
  +--+--+--+--+--+--+
 5|  |/\|AR|/\|ar|/\|
  +--+--+--+--+--+--+
 6|  |~~|AR|~~|  |~~|
  +--+--+--+--+--+--+
 7|  |/\|AR|/\|ar|/\|
  +--+--+--+--+--+--+
 8|  |~~|AR|~~|  |~~|
  +--+--+--+--+--+--+
 9|  |/\|AR|/\|ar|/\|
  +--+--+--+--+--+--+
10|  |$ |AR|$ |  |$ |
  +--+--+--+--+--+--+
11|  |  |AR|  |  |  |
  +--+--+--+--+--+--+
12|  |$ |AR|$ |  |$ |
  +--+--+--+--+--+--+
13|  |  |AR|  |  |  |
  +--+--+--+--+--+--+
14|  |$ |AR|$ |  |$ |
  +--+--+--+--+--+--+
15|  |  |AR|  |  |  |
  +--+--+--+--+--+--+
16|  |$ |AR|$ |  |$ |
  +--+--+--+--+--+--+
17|  |  |AR|  |  |  |
  +--+--+--+--+--+--+
18|  |$ |AR|$ |  |$ |
  +--+--+--+--+--+--+
19|  |  |AR|  |ar|  |
  +--+--+--+--+--+--+


Turn 39 (Player A)
    0  1  2  3  4  5
  +--+--+--+--+--+--+
 0|  |~~|AR|~~|  |~~|
  +--+--+--+--+--+--+
 1|  |/\|AR|/\|ar|/\|
  +--+--+--+--+--+--+
 2|  |~~|AR|~~|  |~~|
  +--+--+--+--+--+--+
 3|  |/\|AR|/\|ar|/\|
  +--+--+--+--+--+--+
 4|  |~~|AR|~~|  |~~|
  +--+--+--+--+--+--+
 5|  |/\|AR|/\|ar|/\|
  +--+--+--+--+--+--+
 6|  |~~|AR|~~|  |~~|
  +--+--+--+--+--+--+
 7|  |/\|AR|/\|ar|/\|
  +--+--+--+--+--+--+
 8|  |~~|AR|~~|  |~~|
  +--+--+--+--+--+--+
 9|  |/\|AR|/\|ar|/\|
  +--+--+--+--+--+--+
10|  |$ |AR|$ |  |$ |
  +--+--+--+--+--+--+
11|  |  |AR|  |  |  |
  +--+--+--+--+--+--+
12|  |$ |AR|$ |  |$ |
  +--+--+--+--+--+--+
13|  |  |AR|  |  |  |
  +--+--+--+--+--+--+
14|  |$ |AR|$ |  |$ |
  +--+--+--+--+--+--+
15|  |  |AR|  |  |  |
  +--+--+--+--+--+--+
16|  |$ |AR|$ |  |$ |
  +--+--+--+--+--+--+
17|  |  |AR|  |  |  |
  +--+--+--+--+--+--+
18|  |$ |AR|$ |  |$ |
  +--+--+--+--+--+--+
19|  |  |AR|  |  |  |
  +--+--+--+--+--+--+


Turn 40 (Player B)
    0  1  2  3  4  5
  +--+--+--+--+--+--+
 0|  |~~|AR|~~|  |~~|
  +--+--+--+--+--+--+
 1|  |/\|AR|/\|ar|/\|
  +--+--+--+--+--+--+
 2|  |~~|AR|~~|  |~~|
  +--+--+--+--+--+--+
 3|  |/\|AR|/\|ar|/\|
  +--+--+--+--+--+--+
 4|  |~~|AR|~~|  |~~|
  +--+--+--+--+--+--+
 5|  |/\|AR|/\|ar|/\|
  +--+--+--+--+--+--+
 6|  |~~|AR|~~|  |~~|
  +--+--+--+--+--+--+
 7|  |/\|AR|/\|ar|/\|
  +--+--+--+--+--+--+
 8|  |~~|AR|~~|  |~~|
  +--+--+--+--+--+--+
 9|  |/\|AR|/\|ar|/\|
  +--+--+--+--+--+--+
10|  |$ |AR|$ |  |$ |
  +--+--+--+--+--+--+
11|  |  |AR|  |  |  |
  +--+--+--+--+--+--+
12|  |$ |AR|$ |  |$ |
  +--+--+--+--+--+--+
13|  |  |AR|  |  |  |
  +--+--+--+--+--+--+
14|  |$ |AR|$ |  |$ |
  +--+--+--+--+--+--+
15|  |  |AR|  |  |  |
  +--+--+--+--+--+--+
16|  |$ |AR|$ |  |$ |
  +--+--+--+--+--+--+
17|  |  |AR|  |  |  |
  +--+--+--+--+--+--+
18|  |$ |AR|$ |  |$ |
  +--+--+--+--+--+--+
19|  |  |AR|  |  |  |
  +--+--+--+--+--+--+


Turn 41 (Player A)
    0  1  2  3  4  5
  +--+--+--+--+--+--+
 0|  |~~|AR|~~|  |~~|
  +--+--+--+--+--+--+
 1|  |/\|AR|/\|  |/\|
  +--+--+--+--+--+--+
 2|  |~~|AR|~~|  |~~|
  +--+--+--+--+--+--+
 3|  |/\|AR|/\|ar|/\|
  +--+--+--+--+--+--+
 4|  |~~|AR|~~|  |~~|
  +--+--+--+--+--+--+
 5|  |/\|AR|/\|ar|/\|
  +--+--+--+--+--+--+
 6|  |~~|AR|~~|  |~~|
  +--+--+--+--+--+--+
 7|  |/\|AR|/\|ar|/\|
  +--+--+--+--+--+--+
 8|  |~~|AR|~~|  |~~|
  +--+--+--+--+--+--+
 9|  |/\|AR|/\|ar|/\|
  +--+--+--+--+--+--+
10|  |$ |AR|$ |  |$ |
  +--+--+--+--+--+--+
11|  |  |AR|  |  |  |
  +--+--+--+--+--+--+
12|  |$ |AR|$ |  |$ |
  +--+--+--+--+--+--+
13|  |  |AR|  |  |  |
  +--+--+--+--+--+--+
14|  |$ |AR|$ |  |$ |
  +--+--+--+--+--+--+
15|  |  |AR|  |  |  |
  +--+--+--+--+--+--+
16|  |$ |AR|$ |  |$ |
  +--+--+--+--+--+--+
17|  |  |AR|  |  |  |
  +--+--+--+--+--+--+
18|  |$ |AR|$ |  |$ |
  +--+--+--+--+--+--+
19|  |  |AR|  |  |  |
  +--+--+--+--+--+--+


Turn 42 (Player B)
    0  1  2  3  4  5
  +--+--+--+--+--+--+
 0|  |~~|AR|~~|  |~~|
  +--+--+--+--+--+--+
 1|  |/\|AR|/\|  |/\|
  +--+--+--+--+--+--+
 2|  |~~|AR|~~|  |~~|
  +--+--+--+--+--+--+
 3|  |/\|AR|/\|ar|/\|
  +--+--+--+--+--+--+
 4|  |~~|AR|~~|  |~~|
  +--+--+--+--+--+--+
 5|  |/\|AR|/\|ar|/\|
  +--+--+--+--+--+--+
 6|  |~~|AR|~~|  |~~|
  +--+--+--+--+--+--+
 7|  |/\|AR|/\|ar|/\|
  +--+--+--+--+--+--+
 8|  |~~|AR|~~|  |~~|
  +--+--+--+--+--+--+
 9|  |/\|AR|/\|ar|/\|
  +--+--+--+--+--+--+
10|  |$ |AR|$ |  |$ |
  +--+--+--+--+--+--+
11|  |  |AR|  |  |  |
  +--+--+--+--+--+--+
12|  |$ |AR|$ |  |$ |
  +--+--+--+--+--+--+
13|  |  |AR|  |  |  |
  +--+--+--+--+--+--+
14|  |$ |AR|$ |  |$ |
  +--+--+--+--+--+--+
15|  |  |AR|  |  |  |
  +--+--+--+--+--+--+
16|  |$ |AR|$ |  |$ |
  +--+--+--+--+--+--+
17|  |  |AR|  |  |  |
  +--+--+--+--+--+--+
18|  |$ |AR|$ |  |$ |
  +--+--+--+--+--+--+
19|  |  |AR|  |  |  |
  +--+--+--+--+--+--+


Turn 43 (Player A)
    0  1  2  3  4  5
  +--+--+--+--+--+--+
 0|  |~~|AR|~~|  |~~|
  +--+--+--+--+--+--+
 1|  |/\|AR|/\|  |/\|
  +--+--+--+--+--+--+
 2|  |~~|AR|~~|  |~~|
  +--+--+--+--+--+--+
 3|  |/\|AR|/\|  |/\|
  +--+--+--+--+--+--+
 4|  |~~|AR|~~|  |~~|
  +--+--+--+--+--+--+
 5|  |/\|AR|/\|ar|/\|
  +--+--+--+--+--+--+
 6|  |~~|AR|~~|  |~~|
  +--+--+--+--+--+--+
 7|  |/\|AR|/\|ar|/\|
  +--+--+--+--+--+--+
 8|  |~~|AR|~~|  |~~|
  +--+--+--+--+--+--+
 9|  |/\|AR|/\|ar|/\|
  +--+--+--+--+--+--+
10|  |$ |AR|$ |  |$ |
  +--+--+--+--+--+--+
11|  |  |AR|  |  |  |
  +--+--+--+--+--+--+
12|  |$ |AR|$ |  |$ |
  +--+--+--+--+--+--+
13|  |  |AR|  |  |  |
  +--+--+--+--+--+--+
14|  |$ |AR|$ |  |$ |
  +--+--+--+--+--+--+
15|  |  |AR|  |  |  |
  +--+--+--+--+--+--+
16|  |$ |AR|$ |  |$ |
  +--+--+--+--+--+--+
17|  |  |AR|  |  |  |
  +--+--+--+--+--+--+
18|  |$ |AR|$ |  |$ |
  +--+--+--+--+--+--+
19|  |  |AR|  |  |  |
  +--+--+--+--+--+--+


Turn 44 (Player B)
    0  1  2  3  4  5
  +--+--+--+--+--+--+
 0|  |~~|AR|~~|  |~~|
  +--+--+--+--+--+--+
 1|  |/\|AR|/\|  |/\|
  +--+--+--+--+--+--+
 2|  |~~|AR|~~|  |~~|
  +--+--+--+--+--+--+
 3|  |/\|AR|/\|  |/\|
  +--+--+--+--+--+--+
 4|  |~~|AR|~~|  |~~|
  +--+--+--+--+--+--+
 5|  |/\|AR|/\|ar|/\|
  +--+--+--+--+--+--+
 6|  |~~|AR|~~|  |~~|
  +--+--+--+--+--+--+
 7|  |/\|AR|/\|ar|/\|
  +--+--+--+--+--+--+
 8|  |~~|AR|~~|  |~~|
  +--+--+--+--+--+--+
 9|  |/\|AR|/\|ar|/\|
  +--+--+--+--+--+--+
10|  |$ |AR|$ |  |$ |
  +--+--+--+--+--+--+
11|  |  |AR|  |  |  |
  +--+--+--+--+--+--+
12|  |$ |AR|$ |  |$ |
  +--+--+--+--+--+--+
13|  |  |AR|  |  |  |
  +--+--+--+--+--+--+
14|  |$ |AR|$ |  |$ |
  +--+--+--+--+--+--+
15|  |  |AR|  |  |  |
  +--+--+--+--+--+--+
16|  |$ |AR|$ |  |$ |
  +--+--+--+--+--+--+
17|  |  |AR|  |  |  |
  +--+--+--+--+--+--+
18|  |$ |AR|$ |  |$ |
  +--+--+--+--+--+--+
19|  |  |AR|  |  |  |
  +--+--+--+--+--+--+


Turn 45 (Player A)
    0  1  2  3  4  5
  +--+--+--+--+--+--+
 0|  |~~|AR|~~|  |~~|
  +--+--+--+--+--+--+
 1|  |/\|AR|/\|  |/\|
  +--+--+--+--+--+--+
 2|  |~~|AR|~~|  |~~|
  +--+--+--+--+--+--+
 3|  |/\|AR|/\|  |/\|
  +--+--+--+--+--+--+
 4|  |~~|AR|~~|  |~~|
  +--+--+--+--+--+--+
 5|  |/\|AR|/\|  |/\|
  +--+--+--+--+--+--+
 6|  |~~|AR|~~|  |~~|
  +--+--+--+--+--+--+
 7|  |/\|AR|/\|ar|/\|
  +--+--+--+--+--+--+
 8|  |~~|AR|~~|  |~~|
  +--+--+--+--+--+--+
 9|  |/\|AR|/\|ar|/\|
  +--+--+--+--+--+--+
10|  |$ |AR|$ |  |$ |
  +--+--+--+--+--+--+
11|  |  |AR|  |  |  |
  +--+--+--+--+--+--+
12|  |$ |AR|$ |  |$ |
  +--+--+--+--+--+--+
13|  |  |AR|  |  |  |
  +--+--+--+--+--+--+
14|  |$ |AR|$ |  |$ |
  +--+--+--+--+--+--+
15|  |  |AR|  |  |  |
  +--+--+--+--+--+--+
16|  |$ |AR|$ |  |$ |
  +--+--+--+--+--+--+
17|  |  |AR|  |  |  |
  +--+--+--+--+--+--+
18|  |$ |AR|$ |  |$ |
  +--+--+--+--+--+--+
19|  |  |AR|  |  |  |
  +--+--+--+--+--+--+


Turn 46 (Player B)
    0  1  2  3  4  5
  +--+--+--+--+--+--+
 0|  |~~|AR|~~|  |~~|
  +--+--+--+--+--+--+
 1|  |/\|AR|/\|  |/\|
  +--+--+--+--+--+--+
 2|  |~~|AR|~~|  |~~|
  +--+--+--+--+--+--+
 3|  |/\|AR|/\|  |/\|
  +--+--+--+--+--+--+
 4|  |~~|AR|~~|  |~~|
  +--+--+--+--+--+--+
 5|  |/\|AR|/\|  |/\|
  +--+--+--+--+--+--+
 6|  |~~|AR|~~|  |~~|
  +--+--+--+--+--+--+
 7|  |/\|AR|/\|ar|/\|
  +--+--+--+--+--+--+
 8|  |~~|AR|~~|  |~~|
  +--+--+--+--+--+--+
 9|  |/\|AR|/\|ar|/\|
  +--+--+--+--+--+--+
10|  |$ |AR|$ |  |$ |
  +--+--+--+--+--+--+
11|  |  |AR|  |  |  |
  +--+--+--+--+--+--+
12|  |$ |AR|$ |  |$ |
  +--+--+--+--+--+--+
13|  |  |AR|  |  |  |
  +--+--+--+--+--+--+
14|  |$ |AR|$ |  |$ |
  +--+--+--+--+--+--+
15|  |  |AR|  |  |  |
  +--+--+--+--+--+--+
16|  |$ |AR|$ |  |$ |
  +--+--+--+--+--+--+
17|  |  |AR|  |  |  |
  +--+--+--+--+--+--+
18|  |$ |AR|$ |  |$ |
  +--+--+--+--+--+--+
19|  |  |AR|  |  |  |
  +--+--+--+--+--+--+


Turn 47 (Player A)
    0  1  2  3  4  5
  +--+--+--+--+--+--+
 0|  |~~|AR|~~|  |~~|
  +--+--+--+--+--+--+
 1|  |/\|AR|/\|  |/\|
  +--+--+--+--+--+--+
 2|  |~~|AR|~~|  |~~|
  +--+--+--+--+--+--+
 3|  |/\|AR|/\|  |/\|
  +--+--+--+--+--+--+
 4|  |~~|AR|~~|  |~~|
  +--+--+--+--+--+--+
 5|  |/\|AR|/\|  |/\|
  +--+--+--+--+--+--+
 6|  |~~|AR|~~|  |~~|
  +--+--+--+--+--+--+
 7|  |/\|AR|/\|  |/\|
  +--+--+--+--+--+--+
 8|  |~~|AR|~~|  |~~|
  +--+--+--+--+--+--+
 9|  |/\|AR|/\|ar|/\|
  +--+--+--+--+--+--+
10|  |$ |AR|$ |  |$ |
  +--+--+--+--+--+--+
11|  |  |AR|  |  |  |
  +--+--+--+--+--+--+
12|  |$ |AR|$ |  |$ |
  +--+--+--+--+--+--+
13|  |  |AR|  |  |  |
  +--+--+--+--+--+--+
14|  |$ |AR|$ |  |$ |
  +--+--+--+--+--+--+
15|  |  |AR|  |  |  |
  +--+--+--+--+--+--+
16|  |$ |AR|$ |  |$ |
  +--+--+--+--+--+--+
17|  |  |AR|  |  |  |
  +--+--+--+--+--+--+
18|  |$ |AR|$ |  |$ |
  +--+--+--+--+--+--+
19|  |  |AR|  |  |  |
  +--+--+--+--+--+--+


Turn 48 (Player B)
    0  1  2  3  4  5
  +--+--+--+--+--+--+
 0|  |~~|AR|~~|  |~~|
  +--+--+--+--+--+--+
 1|  |/\|AR|/\|  |/\|
  +--+--+--+--+--+--+
 2|  |~~|AR|~~|  |~~|
  +--+--+--+--+--+--+
 3|  |/\|AR|/\|  |/\|
  +--+--+--+--+--+--+
 4|  |~~|AR|~~|  |~~|
  +--+--+--+--+--+--+
 5|  |/\|AR|/\|  |/\|
  +--+--+--+--+--+--+
 6|  |~~|AR|~~|  |~~|
  +--+--+--+--+--+--+
 7|  |/\|AR|/\|  |/\|
  +--+--+--+--+--+--+
 8|  |~~|AR|~~|  |~~|
  +--+--+--+--+--+--+
 9|  |/\|AR|/\|ar|/\|
  +--+--+--+--+--+--+
10|  |$ |AR|$ |  |$ |
  +--+--+--+--+--+--+
11|  |  |AR|  |  |  |
  +--+--+--+--+--+--+
12|  |$ |AR|$ |  |$ |
  +--+--+--+--+--+--+
13|  |  |AR|  |  |  |
  +--+--+--+--+--+--+
14|  |$ |AR|$ |  |$ |
  +--+--+--+--+--+--+
15|  |  |AR|  |  |  |
  +--+--+--+--+--+--+
16|  |$ |AR|$ |  |$ |
  +--+--+--+--+--+--+
17|  |  |AR|  |  |  |
  +--+--+--+--+--+--+
18|  |$ |AR|$ |  |$ |
  +--+--+--+--+--+--+
19|  |  |AR|  |  |  |
  +--+--+--+--+--+--+


Turn 49 (Player A)
    0  1  2  3  4  5
  +--+--+--+--+--+--+
 0|  |~~|AR|~~|  |~~|
  +--+--+--+--+--+--+
 1|  |/\|AR|/\|  |/\|
  +--+--+--+--+--+--+
 2|  |~~|AR|~~|  |~~|
  +--+--+--+--+--+--+
 3|  |/\|AR|/\|  |/\|
  +--+--+--+--+--+--+
 4|  |~~|AR|~~|  |~~|
  +--+--+--+--+--+--+
 5|  |/\|AR|/\|  |/\|
  +--+--+--+--+--+--+
 6|  |~~|AR|~~|  |~~|
  +--+--+--+--+--+--+
 7|  |/\|AR|/\|  |/\|
  +--+--+--+--+--+--+
 8|  |~~|AR|~~|  |~~|
  +--+--+--+--+--+--+
 9|  |/\|AR|/\|  |/\|
  +--+--+--+--+--+--+
10|  |$ |AR|$ |  |$ |
  +--+--+--+--+--+--+
11|  |  |AR|  |  |  |
  +--+--+--+--+--+--+
12|  |$ |AR|$ |  |$ |
  +--+--+--+--+--+--+
13|  |  |AR|  |  |  |
  +--+--+--+--+--+--+
14|  |$ |AR|$ |  |$ |
  +--+--+--+--+--+--+
15|  |  |AR|  |  |  |
  +--+--+--+--+--+--+
16|  |$ |AR|$ |  |$ |
  +--+--+--+--+--+--+
17|  |  |AR|  |  |  |
  +--+--+--+--+--+--+
18|  |$ |AR|$ |  |$ |
  +--+--+--+--+--+--+
19|  |  |AR|  |  |  |
  +--+--+--+--+--+--+


Winner is Player A!
