    0  1  2  3  4
  +--+--+--+--+--+
 0|ar|KN|  |  |  |
  +--+--+--+--+--+
 1|/\|/\|/\|/\|  |
  +--+--+--+--+--+
 2|  |  |  |  |  |
  +--+--+--+--+--+
 3|  |/\|/\|/\|/\|
  +--+--+--+--+--+
 4|  |  |  |  |  |
  +--+--+--+--+--+
 5|/\|/\|/\|/\|  |
  +--+--+--+--+--+
 6|  |  |  |  |  |
  +--+--+--+--+--+


Turn 1 (Player A)
    0  1  2  3  4
  +--+--+--+--+--+
 0|ar|  |KN|  |  |
  +--+--+--+--+--+
 1|/\|/\|/\|/\|  |
  +--+--+--+--+--+
 2|  |  |  |  |  |
  +--+--+--+--+--+
 3|  |/\|/\|/\|/\|
  +--+--+--+--+--+
 4|  |  |  |  |  |
  +--+--+--+--+--+
 5|/\|/\|/\|/\|  |
  +--+--+--+--+--+
 6|  |  |  |  |  |
  +--+--+--+--+--+


Turn 2 (Player B)
    0  1  2  3  4
  +--+--+--+--+--+
 0|  |ar|KN|  |  |
  +--+--+--+--+--+
 1|/\|/\|/\|/\|  |
  +--+--+--+--+--+
 2|  |  |  |  |  |
  +--+--+--+--+--+
 3|  |/\|/\|/\|/\|
  +--+--+--+--+--+
 4|  |  |  |  |  |
  +--+--+--+--+--+
 5|/\|/\|/\|/\|  |
  +--+--+--+--+--+
 6|  |  |  |  |  |
  +--+--+--+--+--+


Turn 3 (Player A)
    0  1  2  3  4
  +--+--+--+--+--+
 0|  |ar|  |KN|  |
  +--+--+--+--+--+
 1|/\|/\|/\|/\|  |
  +--+--+--+--+--+
 2|  |  |  |  |  |
  +--+--+--+--+--+
 3|  |/\|/\|/\|/\|
  +--+--+--+--+--+
 4|  |  |  |  |  |
  +--+--+--+--+--+
 5|/\|/\|/\|/\|  |
  +--+--+--+--+--+
 6|  |  |  |  |  |
  +--+--+--+--+--+


Turn 4 (Player B)
    0  1  2  3  4
  +--+--+--+--+--+
 0|  |  |ar|KN|  |
  +--+--+--+--+--+
 1|/\|/\|/\|/\|  |
  +--+--+--+--+--+
 2|  |  |  |  |  |
  +--+--+--+--+--+
 3|  |/\|/\|/\|/\|
  +--+--+--+--+--+
 4|  |  |  |  |  |
  +--+--+--+--+--+
 5|/\|/\|/\|/\|  |
  +--+--+--+--+--+
 6|  |  |  |  |  |
  +--+--+--+--+--+


Turn 5 (Player A)
    0  1  2  3  4
  +--+--+--+--+--+
 0|  |  |ar|  |KN|
  +--+--+--+--+--+
 1|/\|/\|/\|/\|  |
  +--+--+--+--+--+
 2|  |  |  |  |  |
  +--+--+--+--+--+
 3|  |/\|/\|/\|/\|
  +--+--+--+--+--+
 4|  |  |  |  |  |
  +--+--+--+--+--+
 5|/\|/\|/\|/\|  |
  +--+--+--+--+--+
 6|  |  |  |  |  |
  +--+--+--+--+--+


Turn 6 (Player B)
    0  1  2  3  4
  +--+--+--+--+--+
 0|  |  |  |ar|KN|
  +--+--+--+--+--+
 1|/\|/\|/\|/\|  |
  +--+--+--+--+--+
 2|  |  |  |  |  |
  +--+--+--+--+--+
 3|  |/\|/\|/\|/\|
  +--+--+--+--+--+
 4|  |  |  |  |  |
  +--+--+--+--+--+
 5|/\|/\|/\|/\|  |
  +--+--+--+--+--+
 6|  |  |  |  |  |
  +--+--+--+--+--+


Turn 7 (Player A)
    0  1  2  3  4
  +--+--+--+--+--+
 0|  |  |  |ar|  |
  +--+--+--+--+--+
 1|/\|/\|/\|/\|KN|
  +--+--+--+--+--+
 2|  |  |  |  |  |
  +--+--+--+--+--+
 3|  |/\|/\|/\|/\|
  +--+--+--+--+--+
 4|  |  |  |  |  |
  +--+--+--+--+--+
 5|/\|/\|/\|/\|  |
  +--+--+--+--+--+
 6|  |  |  |  |  |
  +--+--+--+--+--+


Turn 8 (Player B)
    0  1  2  3  4
  +--+--+--+--+--+
 0|  |  |  |  |ar|
  +--+--+--+--+--+
 1|/\|/\|/\|/\|KN|
  +--+--+--+--+--+
 2|  |  |  |  |  |
  +--+--+--+--+--+
 3|  |/\|/\|/\|/\|
  +--+--+--+--+--+
 4|  |  |  |  |  |
  +--+--+--+--+--+
 5|/\|/\|/\|/\|  |
  +--+--+--+--+--+
 6|  |  |  |  |  |
  +--+--+--+--+--+


Turn 9 (Player A)
    0  1  2  3  4
  +--+--+--+--+--+
 0|  |  |  |  |ar|
  +--+--+--+--+--+
 1|/\|/\|/\|/\|  |
  +--+--+--+--+--+
 2|  |  |  |  |KN|
  +--+--+--+--+--+
 3|  |/\|/\|/\|/\|
  +--+--+--+--+--+
 4|  |  |  |  |  |
  +--+--+--+--+--+
 5|/\|/\|/\|/\|  |
  +--+--+--+--+--+
 6|  |  |  |  |  |
  +--+--+--+--+--+


Turn 10 (Player B)
    0  1  2  3  4
  +--+--+--+--+--+
 0|  |  |  |  |  |
  +--+--+--+--+--+
 1|/\|/\|/\|/\|ar|
  +--+--+--+--+--+
 2|  |  |  |  |KN|
  +--+--+--+--+--+
 3|  |/\|/\|/\|/\|
  +--+--+--+--+--+
 4|  |  |  |  |  |
  +--+--+--+--+--+
 5|/\|/\|/\|/\|  |
  +--+--+--+--+--+
 6|  |  |  |  |  |
  +--+--+--+--+--+


Turn 11 (Player A)
    0  1  2  3  4
  +--+--+--+--+--+
 0|  |  |  |  |  |
  +--+--+--+--+--+
 1|/\|/\|/\|/\|ar|
  +--+--+--+--+--+
 2|  |  |  |KN|  |
  +--+--+--+--+--+
 3|  |/\|/\|/\|/\|
  +--+--+--+--+--+
 4|  |  |  |  |  |
  +--+--+--+--+--+
 5|/\|/\|/\|/\|  |
  +--+--+--+--+--+
 6|  |  |  |  |  |
  +--+--+--+--+--+


Turn 12 (Player B)
    0  1  2  3  4
  +--+--+--+--+--+
 0|  |  |  |  |  |
  +--+--+--+--+--+
 1|/\|/\|/\|/\|  |
  +--+--+--+--+--+
 2|  |  |  |KN|ar|
  +--+--+--+--+--+
 3|  |/\|/\|/\|/\|
  +--+--+--+--+--+
 4|  |  |  |  |  |
  +--+--+--+--+--+
 5|/\|/\|/\|/\|  |
  +--+--+--+--+--+
 6|  |  |  |  |  |
  +--+--+--+--+--+


Turn 13 (Player A)
    0  1  2  3  4
  +--+--+--+--+--+
 0|  |  |  |  |  |
  +--+--+--+--+--+
 1|/\|/\|/\|/\|  |
  +--+--+--+--+--+
 2|  |  |KN|  |ar|
  +--+--+--+--+--+
 3|  |/\|/\|/\|/\|
  +--+--+--+--+--+
 4|  |  |  |  |  |
  +--+--+--+--+--+
 5|/\|/\|/\|/\|  |
  +--+--+--+--+--+
 6|  |  |  |  |  |
  +--+--+--+--+--+


Turn 14 (Player B)
    0  1  2  3  4
  +--+--+--+--+--+
 0|  |  |  |  |  |
  +--+--+--+--+--+
 1|/\|/\|/\|/\|  |
  +--+--+--+--+--+
 2|  |  |KN|ar|  |
  +--+--+--+--+--+
 3|  |/\|/\|/\|/\|
  +--+--+--+--+--+
 4|  |  |  |  |  |
  +--+--+--+--+--+
 5|/\|/\|/\|/\|  |
  +--+--+--+--+--+
 6|  |  |  |  |  |
  +--+--+--+--+--+


Turn 15 (Player A)
    0  1  2  3  4
  +--+--+--+--+--+
 0|  |  |  |  |  |
  +--+--+--+--+--+
 1|/\|/\|/\|/\|  |
  +--+--+--+--+--+
 2|  |KN|  |ar|  |
  +--+--+--+--+--+
 3|  |/\|/\|/\|/\|
  +--+--+--+--+--+
 4|  |  |  |  |  |
  +--+--+--+--+--+
 5|/\|/\|/\|/\|  |
  +--+--+--+--+--+
 6|  |  |  |  |  |
  +--+--+--+--+--+


Turn 16 (Player B)
    0  1  2  3  4
  +--+--+--+--+--+
 0|  |  |  |  |  |
  +--+--+--+--+--+
 1|/\|/\|/\|/\|  |
  +--+--+--+--+--+
 2|  |KN|ar|  |  |
  +--+--+--+--+--+
 3|  |/\|/\|/\|/\|
  +--+--+--+--+--+
 4|  |  |  |  |  |
  +--+--+--+--+--+
 5|/\|/\|/\|/\|  |
  +--+--+--+--+--+
 6|  |  |  |  |  |
  +--+--+--+--+--+


Turn 17 (Player A)
    0  1  2  3  4
  +--+--+--+--+--+
 0|  |  |  |  |  |
  +--+--+--+--+--+
 1|/\|/\|/\|/\|  |
  +--+--+--+--+--+
 2|KN|  |ar|  |  |
  +--+--+--+--+--+
 3|  |/\|/\|/\|/\|
  +--+--+--+--+--+
 4|  |  |  |  |  |
  +--+--+--+--+--+
 5|/\|/\|/\|/\|  |
  +--+--+--+--+--+
 6|  |  |  |  |  |
  +--+--+--+--+--+


Turn 18 (Player B)
    0  1  2  3  4
  +--+--+--+--+--+
 0|  |  |  |  |  |
  +--+--+--+--+--+
 1|/\|/\|/\|/\|  |
  +--+--+--+--+--+
 2|KN|ar|  |  |  |
  +--+--+--+--+--+
 3|  |/\|/\|/\|/\|
  +--+--+--+--+--+
 4|  |  |  |  |  |
  +--+--+--+--+--+
 5|/\|/\|/\|/\|  |
  +--+--+--+--+--+
 6|  |  |  |  |  |
  +--+--+--+--+--+


Turn 19 (Player A)
    0  1  2  3  4
  +--+--+--+--+--+
 0|  |  |  |  |  |
  +--+--+--+--+--+
 1|/\|/\|/\|/\|  |
  +--+--+--+--+--+
 2|  |ar|  |  |  |
  +--+--+--+--+--+
 3|KN|/\|/\|/\|/\|
  +--+--+--+--+--+
 4|  |  |  |  |  |
  +--+--+--+--+--+
 5|/\|/\|/\|/\|  |
  +--+--+--+--+--+
 6|  |  |  |  |  |
  +--+--+--+--+--+


Turn 20 (Player B)
    0  1  2  3  4
  +--+--+--+--+--+
 0|  |  |  |  |  |
  +--+--+--+--+--+
 1|/\|/\|/\|/\|  |
  +--+--+--+--+--+
 2|ar|  |  |  |  |
  +--+--+--+--+--+
 3|KN|/\|/\|/\|/\|
  +--+--+--+--+--+
 4|  |  |  |  |  |
  +--+--+--+--+--+
 5|/\|/\|/\|/\|  |
  +--+--+--+--+--+
 6|  |  |  |  |  |
  +--+--+--+--+--+


Turn 21 (Player A)
    0  1  2  3  4
  +--+--+--+--+--+
 0|  |  |  |  |  |
  +--+--+--+--+--+
 1|/\|/\|/\|/\|  |
  +--+--+--+--+--+
 2|ar|  |  |  |  |
  +--+--+--+--+--+
 3|  |/\|/\|/\|/\|
  +--+--+--+--+--+
 4|KN|  |  |  |  |
  +--+--+--+--+--+
 5|/\|/\|/\|/\|  |
  +--+--+--+--+--+
 6|  |  |  |  |  |
  +--+--+--+--+--+


Turn 22 (Player B)
    0  1  2  3  4
  +--+--+--+--+--+
 0|  |  |  |  |  |
  +--+--+--+--+--+
 1|/\|/\|/\|/\|  |
  +--+--+--+--+--+
 2|  |  |  |  |  |
  +--+--+--+--+--+
 3|ar|/\|/\|/\|/\|
  +--+--+--+--+--+
 4|KN|  |  |  |  |
  +--+--+--+--+--+
 5|/\|/\|/\|/\|  |
  +--+--+--+--+--+
 6|  |  |  |  |  |
  +--+--+--+--+--+


Turn 23 (Player A)
    0  1  2  3  4
  +--+--+--+--+--+
 0|  |  |  |  |  |
  +--+--+--+--+--+
 1|/\|/\|/\|/\|  |
  +--+--+--+--+--+
 2|  |  |  |  |  |
  +--+--+--+--+--+
 3|ar|/\|/\|/\|/\|
  +--+--+--+--+--+
 4|  |KN|  |  |  |
  +--+--+--+--+--+
 5|/\|/\|/\|/\|  |
  +--+--+--+--+--+
 6|  |  |  |  |  |
  +--+--+--+--+--+


Turn 24 (Player B)
    0  1  2  3  4
  +--+--+--+--+--+
 0|  |  |  |  |  |
  +--+--+--+--+--+
 1|/\|/\|/\|/\|  |
  +--+--+--+--+--+
 2|  |  |  |  |  |
  +--+--+--+--+--+
 3|  |/\|/\|/\|/\|
  +--+--+--+--+--+
 4|ar|KN|  |  |  |
  +--+--+--+--+--+
 5|/\|/\|/\|/\|  |
  +--+--+--+--+--+
 6|  |  |  |  |  |
  +--+--+--+--+--+


Turn 25 (Player A)
    0  1  2  3  4
  +--+--+--+--+--+
 0|  |  |  |  |  |
  +--+--+--+--+--+
 1|/\|/\|/\|/\|  |
  +--+--+--+--+--+
 2|  |  |  |  |  |
  +--+--+--+--+--+
 3|  |/\|/\|/\|/\|
  +--+--+--+--+--+
 4|ar|  |KN|  |  |
  +--+--+--+--+--+
 5|/\|/\|/\|/\|  |
  +--+--+--+--+--+
 6|  |  |  |  |  |
  +--+--+--+--+--+


Turn 26 (Player B)
    0  1  2  3  4
  +--+--+--+--+--+
 0|  |  |  |  |  |
  +--+--+--+--+--+
 1|/\|/\|/\|/\|  |
  +--+--+--+--+--+
 2|  |  |  |  |  |
  +--+--+--+--+--+
 3|  |/\|/\|/\|/\|
  +--+--+--+--+--+
 4|  |ar|KN|  |  |
  +--+--+--+--+--+
 5|/\|/\|/\|/\|  |
  +--+--+--+--+--+
 6|  |  |  |  |  |
  +--+--+--+--+--+


Turn 27 (Player A)
    0  1  2  3  4
  +--+--+--+--+--+
 0|  |  |  |  |  |
  +--+--+--+--+--+
 1|/\|/\|/\|/\|  |
  +--+--+--+--+--+
 2|  |  |  |  |  |
  +--+--+--+--+--+
 3|  |/\|/\|/\|/\|
  +--+--+--+--+--+
 4|  |ar|  |KN|  |
  +--+--+--+--+--+
 5|/\|/\|/\|/\|  |
  +--+--+--+--+--+
 6|  |  |  |  |  |
  +--+--+--+--+--+


Turn 28 (Player B)
    0  1  2  3  4
  +--+--+--+--+--+
 0|  |  |  |  |  |
  +--+--+--+--+--+
 1|/\|/\|/\|/\|  |
  +--+--+--+--+--+
 2|  |  |  |  |  |
  +--+--+--+--+--+
 3|  |/\|/\|/\|/\|
  +--+--+--+--+--+
 4|  |  |ar|KN|  |
  +--+--+--+--+--+
 5|/\|/\|/\|/\|  |
  +--+--+--+--+--+
 6|  |  |  |  |  |
  +--+--+--+--+--+


Turn 29 (Player A)
    0  1  2  3  4
  +--+--+--+--+--+
 0|  |  |  |  |  |
  +--+--+--+--+--+
 1|/\|/\|/\|/\|  |
  +--+--+--+--+--+
 2|  |  |  |  |  |
  +--+--+--+--+--+
 3|  |/\|/\|/\|/\|
  +--+--+--+--+--+
 4|  |  |ar|  |KN|
  +--+--+--+--+--+
 5|/\|/\|/\|/\|  |
  +--+--+--+--+--+
 6|  |  |  |  |  |
  +--+--+--+--+--+


Turn 30 (Player B)
    0  1  2  3  4
  +--+--+--+--+--+
 0|  |  |  |  |  |
  +--+--+--+--+--+
 1|/\|/\|/\|/\|  |
  +--+--+--+--+--+
 2|  |  |  |  |  |
  +--+--+--+--+--+
 3|  |/\|/\|/\|/\|
  +--+--+--+--+--+
 4|  |  |  |ar|KN|
  +--+--+--+--+--+
 5|/\|/\|/\|/\|  |
  +--+--+--+--+--+
 6|  |  |  |  |  |
  +--+--+--+--+--+


Turn 31 (Player A)
    0  1  2  3  4
  +--+--+--+--+--+
 0|  |  |  |  |  |
  +--+--+--+--+--+
 1|/\|/\|/\|/\|  |
  +--+--+--+--+--+
 2|  |  |  |  |  |
  +--+--+--+--+--+
 3|  |/\|/\|/\|/\|
  +--+--+--+--+--+
 4|  |  |  |ar|  |
  +--+--+--+--+--+
 5|/\|/\|/\|/\|KN|
  +--+--+--+--+--+
 6|  |  |  |  |  |
  +--+--+--+--+--+


Turn 32 (Player B)
    0  1  2  3  4
  +--+--+--+--+--+
 0|  |  |  |  |  |
  +--+--+--+--+--+
 1|/\|/\|/\|/\|  |
  +--+--+--+--+--+
 2|  |  |  |  |  |
  +--+--+--+--+--+
 3|  |/\|/\|/\|/\|
  +--+--+--+--+--+
 4|  |  |  |  |ar|
  +--+--+--+--+--+
 5|/\|/\|/\|/\|KN|
  +--+--+--+--+--+
 6|  |  |  |  |  |
  +--+--+--+--+--+


Turn 33 (Player A)
    0  1  2  3  4
  +--+--+--+--+--+
 0|  |  |  |  |  |
  +--+--+--+--+--+
 1|/\|/\|/\|/\|  |
  +--+--+--+--+--+
 2|  |  |  |  |  |
  +--+--+--+--+--+
 3|  |/\|/\|/\|/\|
  +--+--+--+--+--+
 4|  |  |  |  |ar|
  +--+--+--+--+--+
 5|/\|/\|/\|/\|  |
  +--+--+--+--+--+
 6|  |  |  |  |KN|
  +--+--+--+--+--+


Turn 34 (Player B)
    0  1  2  3  4
  +--+--+--+--+--+
 0|  |  |  |  |  |
  +--+--+--+--+--+
 1|/\|/\|/\|/\|  |
  +--+--+--+--+--+
 2|  |  |  |  |  |
  +--+--+--+--+--+
 3|  |/\|/\|/\|/\|
  +--+--+--+--+--+
 4|  |  |  |  |  |
  +--+--+--+--+--+
 5|/\|/\|/\|/\|ar|
  +--+--+--+--+--+
 6|  |  |  |  |KN|
  +--+--+--+--+--+


Turn 35 (Player A)
    0  1  2  3  4
  +--+--+--+--+--+
 0|  |  |  |  |  |
  +--+--+--+--+--+
 1|/\|/\|/\|/\|  |
  +--+--+--+--+--+
 2|  |  |  |  |  |
  +--+--+--+--+--+
 3|  |/\|/\|/\|/\|
  +--+--+--+--+--+
 4|  |  |  |  |  |
  +--+--+--+--+--+
 5|/\|/\|/\|/\|ar|
  +--+--+--+--+--+
 6|  |  |  |KN|  |
  +--+--+--+--+--+


Turn 36 (Player B)
    0  1  2  3  4
  +--+--+--+--+--+
 0|  |  |  |  |  |
  +--+--+--+--+--+
 1|/\|/\|/\|/\|  |
  +--+--+--+--+--+
 2|  |  |  |  |  |
  +--+--+--+--+--+
 3|  |/\|/\|/\|/\|
  +--+--+--+--+--+
 4|  |  |  |  |  |
  +--+--+--+--+--+
 5|/\|/\|/\|/\|  |
  +--+--+--+--+--+
 6|  |  |  |KN|ar|
  +--+--+--+--+--+


Turn 37 (Player A)
    0  1  2  3  4
  +--+--+--+--+--+
 0|  |  |  |  |  |
  +--+--+--+--+--+
 1|/\|/\|/\|/\|  |
  +--+--+--+--+--+
 2|  |  |  |  |  |
  +--+--+--+--+--+
 3|  |/\|/\|/\|/\|
  +--+--+--+--+--+
 4|  |  |  |  |  |
  +--+--+--+--+--+
 5|/\|/\|/\|/\|  |
  +--+--+--+--+--+
 6|  |  |KN|  |ar|
  +--+--+--+--+--+


Turn 38 (Player B)
    0  1  2  3  4
  +--+--+--+--+--+
 0|  |  |  |  |  |
  +--+--+--+--+--+
 1|/\|/\|/\|/\|  |
  +--+--+--+--+--+
 2|  |  |  |  |  |
  +--+--+--+--+--+
 3|  |/\|/\|/\|/\|
  +--+--+--+--+--+
 4|  |  |  |  |  |
  +--+--+--+--+--+
 5|/\|/\|/\|/\|  |
  +--+--+--+--+--+
 6|  |  |KN|ar|  |
  +--+--+--+--+--+


Turn 39 (Player A)
    0  1  2  3  4
  +--+--+--+--+--+
 0|  |  |  |  |  |
  +--+--+--+--+--+
 1|/\|/\|/\|/\|  |
  +--+--+--+--+--+
 2|  |  |  |  |  |
  +--+--+--+--+--+
 3|  |/\|/\|/\|/\|
  +--+--+--+--+--+
 4|  |  |  |  |  |
  +--+--+--+--+--+
 5|/\|/\|/\|/\|  |
  +--+--+--+--+--+
 6|  |KN|  |ar|  |
  +--+--+--+--+--+


Turn 40 (Player B)
    0  1  2  3  4
  +--+--+--+--+--+
 0|  |  |  |  |  |
  +--+--+--+--+--+
 1|/\|/\|/\|/\|  |
  +--+--+--+--+--+
 2|  |  |  |  |  |
  +--+--+--+--+--+
 3|  |/\|/\|/\|/\|
  +--+--+--+--+--+
 4|  |  |  |  |  |
  +--+--+--+--+--+
 5|/\|/\|/\|/\|  |
  +--+--+--+--+--+
 6|  |KN|ar|  |  |
  +--+--+--+--+--+


Turn 41 (Player A)
    0  1  2  3  4
  +--+--+--+--+--+
 0|  |  |  |  |  |
  +--+--+--+--+--+
 1|/\|/\|/\|/\|  |
  +--+--+--+--+--+
 2|  |  |  |  |  |
  +--+--+--+--+--+
 3|  |/\|/\|/\|/\|
  +--+--+--+--+--+
 4|  |  |  |  |  |
  +--+--+--+--+--+
 5|/\|/\|/\|/\|  |
  +--+--+--+--+--+
 6|KN|  |ar|  |  |
  +--+--+--+--+--+


Turn 42 (Player B)
    0  1  2  3  4
  +--+--+--+--+--+
 0|  |  |  |  |  |
  +--+--+--+--+--+
 1|/\|/\|/\|/\|  |
  +--+--+--+--+--+
 2|  |  |  |  |  |
  +--+--+--+--+--+
 3|  |/\|/\|/\|/\|
  +--+--+--+--+--+
 4|  |  |  |  |  |
  +--+--+--+--+--+
 5|/\|/\|/\|/\|  |
  +--+--+--+--+--+
 6|KN|ar|  |  |  |
  +--+--+--+--+--+


Turn 43 (Player A)
    0  1  2  3  4
  +--+--+--+--+--+
 0|  |  |  |  |  |
  +--+--+--+--+--+
 1|/\|/\|/\|/\|  |
  +--+--+--+--+--+
 2|  |  |  |  |  |
  +--+--+--+--+--+
 3|  |/\|/\|/\|/\|
  +--+--+--+--+--+
 4|  |  |  |  |  |
  +--+--+--+--+--+
 5|/\|/\|/\|/\|  |
  +--+--+--+--+--+
 6|KN|  |  |  |  |
  +--+--+--+--+--+


Winner is Player A!
