    0  1  2  3  4  5  6  7  8
  +--+--+--+--+--+--+--+--+--+
 0|  |  |  |  |KN|  |  |  |  |
  +--+--+--+--+--+--+--+--+--+
 1|  |FT|  |$ |MG|$ |  |FT|  |
  +--+--+--+--+--+--+--+--+--+
 2|  |/\|  |  |  |  |$ |/\|  |
  +--+--+--+--+--+--+--+--+--+
 3|  |  |  |  |~~|  |  |$ |  |
  +--+--+--+--+--+--+--+--+--+
 4|~~|  |~~|~~|  |~~|~~|$ |~~|
  +--+--+--+--+--+--+--+--+--+
 5|  |  |  |  |  |  |  |$ |  |
  +--+--+--+--+--+--+--+--+--+
 6|  |/\|  |  |  |  |$ |/\|  |
  +--+--+--+--+--+--+--+--+--+
 7|  |ft|  |$ |mg|$ |  |ft|  |
  +--+--+--+--+--+--+--+--+--+
 8|  |  |  |  |kn|  |  |  |  |
  +--+--+--+--+--+--+--+--+--+


Turn 1 (Player A)
    0  1  2  3  4  5  6  7  8
  +--+--+--+--+--+--+--+--+--+
 0|  |  |  |  |KN|  |  |  |  |
  +--+--+--+--+--+--+--+--+--+
 1|  |FT|  |  |  |  |  |FT|  |
  +--+--+--+--+--+--+--+--+--+
 2|  |/\|  |  |  |  |  |/\|  |
  +--+--+--+--+--+--+--+--+--+
 3|  |  |  |  |~~|  |  |  |  |
  +--+--+--+--+--+--+--+--+--+
 4|~~|  |~~|~~|  |~~|~~|  |~~|
  +--+--+--+--+--+--+--+--+--+
 5|  |  |  |  |  |  |  |  |  |
  +--+--+--+--+--+--+--+--+--+
 6|  |/\|  |  |  |  |  |/\|  |
  +--+--+--+--+--+--+--+--+--+
 7|  |ft|  |  |  |  |  |ft|  |
  +--+--+--+--+--+--+--+--+--+
 8|  |  |  |  |kn|  |  |  |  |
  +--+--+--+--+--+--+--+--+--+


Turn 2 (Player B)