    0  1  2  3  4  5  6  7  8
  +--+--+--+--+--+--+--+--+--+
 0|  |  |  |$ |$ |  |  |  |  |
  +--+--+--+--+--+--+--+--+--+
 1|  |  |$ |FT|  |/\|  |  |  |
  +--+--+--+--+--+--+--+--+--+
 2|  |MG|  |  |  |AR|/\|/\|  |
  +--+--+--+--+--+--+--+--+--+
 3|  |  |  |KN|  |~~|/\|  |  |
  +--+--+--+--+--+--+--+--+--+
 4|  |  |  |~~|~~|  |  |  |  |
  +--+--+--+--+--+--+--+--+--+
 5|  |  |ft|  |~~|~~|  |  |  |
  +--+--+--+--+--+--+--+--+--+
 6|  |  |\/|mg|  |kn|  |  |  |
  +--+--+--+--+--+--+--+--+--+
 7|  |\/|\/|  |ar|  |  |  |  |
  +--+--+--+--+--+--+--+--+--+
 8|  |  |  |  |  |  |  |  |  |
  +--+--+--+--+--+--+--+--+--+


Turn 1 (Player A)
    0  1  2  3  4  5  6  7  8
  +--+--+--+--+--+--+--+--+--+
 0|  |  |  |$ |$ |  |  |  |  |
  +--+--+--+--+--+--+--+--+--+
 1|  |  |$ |  |  |/\|  |  |  |
  +--+--+--+--+--+--+--+--+--+
 2|  |MG|  |  |  |AR|/\|/\|  |
  +--+--+--+--+--+--+--+--+--+
 3|  |  |  |KN|  |~~|/\|  |  |
  +--+--+--+--+--+--+--+--+--+
 4|  |  |FT|~~|~~|  |  |  |  |
  +--+--+--+--+--+--+--+--+--+
 5|  |  |  |  |~~|~~|  |  |  |
  +--+--+--+--+--+--+--+--+--+
 6|  |  |\/|mg|  |kn|  |  |  |
  +--+--+--+--+--+--+--+--+--+
 7|  |\/|\/|  |ar|  |  |  |  |
  +--+--+--+--+--+--+--+--+--+
 8|  |  |  |  |  |  |  |  |  |
  +--+--+--+--+--+--+--+--+--+


Turn 2 (Player B)
    0  1  2  3  4  5  6  7  8
  +--+--+--+--+--+--+--+--+--+
 0|  |  |  |$ |$ |  |  |  |  |
  +--+--+--+--+--+--+--+--+--+
 1|  |  |$ |  |  |/\|  |  |  |
  +--+--+--+--+--+--+--+--+--+
 2|  |MG|  |  |  |AR|/\|/\|  |
  +--+--+--+--+--+--+--+--+--+
 3|  |  |  |KN|  |~~|/\|  |  |
  +--+--+--+--+--+--+--+--+--+
 4|  |  |FT|~~|~~|  |  |  |  |
  +--+--+--+--+--+--+--+--+--+
 5|  |  |mg|  |~~|~~|  |  |  |
  +--+--+--+--+--+--+--+--+--+
 6|  |  |\/|  |  |kn|  |  |  |
  +--+--+--+--+--+--+--+--+--+
 7|  |\/|\/|  |ar|  |  |  |  |
  +--+--+--+--+--+--+--+--+--+
 8|  |  |  |  |  |  |  |  |  |
  +--+--+--+--+--+--+--+--+--+


Turn 3 (Player A)
    0  1  2  3  4  5  6  7  8
  +--+--+--+--+--+--+--+--+--+
 0|  |  |  |$ |$ |  |  |  |  |
  +--+--+--+--+--+--+--+--+--+
 1|  |  |$ |  |  |/\|  |  |  |
  +--+--+--+--+--+--+--+--+--+
 2|  |$ |MG|  |  |AR|/\|/\|  |
  +--+--+--+--+--+--+--+--+--+
 3|  |  |  |KN|  |~~|/\|  |  |
  +--+--+--+--+--+--+--+--+--+
 4|  |  |~~|~~|~~|  |  |  |  |
  +--+--+--+--+--+--+--+--+--+
 5|  |~~|~~|~~|~~|~~|  |  |  |
  +--+--+--+--+--+--+--+--+--+
 6|  |  |~~|  |  |kn|  |  |  |
  +--+--+--+--+--+--+--+--+--+
 7|  |~~|~~|  |ar|  |  |  |  |
  +--+--+--+--+--+--+--+--+--+
 8|  |  |  |  |  |  |  |  |  |
  +--+--+--+--+--+--+--+--+--+


Turn 4 (Player B)
    0  1  2  3  4  5  6  7  8
  +--+--+--+--+--+--+--+--+--+
 0|  |  |  |$ |$ |  |  |  |  |
  +--+--+--+--+--+--+--+--+--+
 1|  |  |$ |  |  |/\|  |  |  |
  +--+--+--+--+--+--+--+--+--+
 2|  |$ |MG|  |  |AR|/\|/\|  |
  +--+--+--+--+--+--+--+--+--+
 3|  |  |  |KN|  |~~|/\|  |  |
  +--+--+--+--+--+--+--+--+--+
 4|  |  |~~|~~|~~|  |  |  |  |
  +--+--+--+--+--+--+--+--+--+
 5|  |~~|~~|~~|~~|~~|  |  |  |
  +--+--+--+--+--+--+--+--+--+
 6|  |  |~~|  |  |kn|  |  |  |
  +--+--+--+--+--+--+--+--+--+
 7|  |~~|~~|  |ar|  |  |  |  |
  +--+--+--+--+--+--+--+--+--+
 8|  |  |  |  |  |  |  |  |  |
  +--+--+--+--+--+--+--+--+--+


Turn 5 (Player A)
    0  1  2  3  4  5  6  7  8
  +--+--+--+--+--+--+--+--+--+
 0|  |  |  |$ |$ |  |  |  |  |
  +--+--+--+--+--+--+--+--+--+
 1|  |  |$ |  |  |/\|  |  |  |
  +--+--+--+--+--+--+--+--+--+
 2|  |$ |  |  |  |AR|/\|/\|  |
  +--+--+--+--+--+--+--+--+--+
 3|  |  |MG|KN|  |~~|/\|  |  |
  +--+--+--+--+--+--+--+--+--+
 4|  |  |~~|~~|~~|  |  |  |  |
  +--+--+--+--+--+--+--+--+--+
 5|  |~~|~~|~~|~~|~~|  |  |  |
  +--+--+--+--+--+--+--+--+--+
 6|  |  |~~|  |  |  |  |  |  |
  +--+--+--+--+--+--+--+--+--+
 7|  |~~|~~|  |ar|  |  |  |  |
  +--+--+--+--+--+--+--+--+--+
 8|  |  |  |  |  |  |  |  |  |
  +--+--+--+--+--+--+--+--+--+


Turn 6 (Player B)
    0  1  2  3  4  5  6  7  8
  +--+--+--+--+--+--+--+--+--+
 0|  |  |  |$ |$ |  |  |  |  |
  +--+--+--+--+--+--+--+--+--+
 1|  |  |$ |  |  |/\|  |  |  |
  +--+--+--+--+--+--+--+--+--+
 2|  |$ |  |  |  |AR|/\|/\|  |
  +--+--+--+--+--+--+--+--+--+
 3|  |  |MG|KN|  |~~|/\|  |  |
  +--+--+--+--+--+--+--+--+--+
 4|  |  |~~|~~|~~|  |  |  |  |
  +--+--+--+--+--+--+--+--+--+
 5|  |~~|~~|~~|~~|~~|  |  |  |
  +--+--+--+--+--+--+--+--+--+
 6|  |  |~~|  |ar|  |  |  |  |
  +--+--+--+--+--+--+--+--+--+
 7|  |~~|~~|  |  |  |  |  |  |
  +--+--+--+--+--+--+--+--+--+
 8|  |  |  |  |  |  |  |  |  |
  +--+--+--+--+--+--+--+--+--+


Turn 7 (Player A)
    0  1  2  3  4  5  6  7  8
  +--+--+--+--+--+--+--+--+--+
 0|  |  |  |$ |$ |  |  |  |  |
  +--+--+--+--+--+--+--+--+--+
 1|  |  |$ |  |  |/\|  |  |  |
  +--+--+--+--+--+--+--+--+--+
 2|  |$ |  |  |  |AR|/\|/\|  |
  +--+--+--+--+--+--+--+--+--+
 3|  |  |  |KN|MG|~~|/\|  |  |
  +--+--+--+--+--+--+--+--+--+
 4|  |  |~~|~~|~~|  |  |  |  |
  +--+--+--+--+--+--+--+--+--+
 5|  |~~|~~|~~|~~|~~|  |  |  |
  +--+--+--+--+--+--+--+--+--+
 6|  |  |~~|~~|~~|~~|  |  |  |
  +--+--+--+--+--+--+--+--+--+
 7|  |~~|~~|  |~~|  |  |  |  |
  +--+--+--+--+--+--+--+--+--+
 8|  |  |  |  |  |  |  |  |  |
  +--+--+--+--+--+--+--+--+--+


Winner is Player A!
