    0  1  2  3  4  5  6  7  8  9 10
  +--+--+--+--+--+--+--+--+--+--+--+
 0|~~|~~|~~|  |  |  |  |  |~~|~~|~~|
  +--+--+--+--+--+--+--+--+--+--+--+
 1|~~|~~|  |MG|  |MG|  |MG|  |~~|~~|
  +--+--+--+--+--+--+--+--+--+--+--+
 2|~~|  |MG|  |MG|  |MG|  |MG|  |~~|
  +--+--+--+--+--+--+--+--+--+--+--+
 3|  |  |  |  |  |  |  |  |  |  |  |
  +--+--+--+--+--+--+--+--+--+--+--+
 4|  |  |  |$ |$ |  |$ |$ |  |  |  |
  +--+--+--+--+--+--+--+--+--+--+--+
 5|  |$ |$ |/\|/\|$ |/\|/\|$ |$ |  |
  +--+--+--+--+--+--+--+--+--+--+--+
 6|  |  |  |$ |$ |  |$ |$ |  |  |  |
  +--+--+--+--+--+--+--+--+--+--+--+
 7|  |  |  |  |  |  |  |  |  |  |  |
  +--+--+--+--+--+--+--+--+--+--+--+
 8|~~|  |mg|  |mg|  |mg|  |mg|  |~~|
  +--+--+--+--+--+--+--+--+--+--+--+
 9|~~|~~|  |mg|  |mg|  |mg|  |~~|~~|
  +--+--+--+--+--+--+--+--+--+--+--+
10|~~|~~|~~|  |  |  |  |  |~~|~~|~~|
  +--+--+--+--+--+--+--+--+--+--+--+


Turn 1 (Player A)
    0  1  2  3  4  5  6  7  8  9 10
  +--+--+--+--+--+--+--+--+--+--+--+
 0|~~|~~|~~|  |  |  |  |  |~~|~~|~~|
  +--+--+--+--+--+--+--+--+--+--+--+
 1|~~|~~|  |MG|  |MG|  |MG|  |~~|~~|
  +--+--+--+--+--+--+--+--+--+--+--+
 2|~~|  |MG|  |MG|  |MG|  |MG|  |~~|
  +--+--+--+--+--+--+--+--+--+--+--+
 3|  |  |  |  |  |  |  |  |  |  |  |
  +--+--+--+--+--+--+--+--+--+--+--+
 4|  |  |  |$ |$ |  |$ |$ |  |  |  |
  +--+--+--+--+--+--+--+--+--+--+--+
 5|  |$ |$ |/\|/\|$ |/\|/\|$ |$ |  |
  +--+--+--+--+--+--+--+--+--+--+--+
 6|  |  |  |$ |$ |  |$ |$ |  |  |  |
  +--+--+--+--+--+--+--+--+--+--+--+
 7|  |  |  |  |  |  |  |  |  |  |  |
  +--+--+--+--+--+--+--+--+--+--+--+
 8|~~|  |mg|  |mg|  |mg|  |mg|  |~~|
  +--+--+--+--+--+--+--+--+--+--+--+
 9|~~|~~|  |mg|  |mg|  |mg|  |~~|~~|
  +--+--+--+--+--+--+--+--+--+--+--+
10|~~|~~|~~|  |  |  |  |  |~~|~~|~~|
  +--+--+--+--+--+--+--+--+--+--+--+


Turn 2 (Player B)
    0  1  2  3  4  5  6  7  8  9 10
  +--+--+--+--+--+--+--+--+--+--+--+
 0|~~|~~|~~|  |  |  |  |  |~~|~~|~~|
  +--+--+--+--+--+--+--+--+--+--+--+
 1|~~|~~|  |MG|  |MG|  |MG|  |~~|~~|
  +--+--+--+--+--+--+--+--+--+--+--+
 2|~~|  |MG|  |MG|  |MG|  |MG|  |~~|
  +--+--+--+--+--+--+--+--+--+--+--+
 3|  |  |  |  |  |  |  |  |  |  |  |
  +--+--+--+--+--+--+--+--+--+--+--+
 4|  |  |  |$ |$ |  |$ |$ |  |  |  |
  +--+--+--+--+--+--+--+--+--+--+--+
 5|  |$ |$ |/\|/\|$ |/\|/\|$ |$ |  |
  +--+--+--+--+--+--+--+--+--+--+--+
 6|  |  |  |$ |$ |  |$ |$ |  |  |  |
  +--+--+--+--+--+--+--+--+--+--+--+
 7|  |  |  |  |  |  |  |  |  |  |  |
  +--+--+--+--+--+--+--+--+--+--+--+
 8|~~|  |mg|  |mg|  |mg|  |mg|  |~~|
  +--+--+--+--+--+--+--+--+--+--+--+
 9|~~|~~|mg|  |  |  |  |mg|  |~~|~~|
  +--+--+--+--+--+--+--+--+--+--+--+
10|~~|~~|~~|  |  |  |  |  |~~|~~|~~|
  +--+--+--+--+--+--+--+--+--+--+--+


Turn 3 (Player A)
    0  1  2  3  4  5  6  7  8  9 10
  +--+--+--+--+--+--+--+--+--+--+--+
 0|~~|~~|~~|  |  |  |  |  |~~|~~|~~|
  +--+--+--+--+--+--+--+--+--+--+--+
 1|~~|~~|  |MG|  |MG|  |MG|  |~~|~~|
  +--+--+--+--+--+--+--+--+--+--+--+
 2|~~|  |MG|  |MG|  |MG|  |MG|  |~~|
  +--+--+--+--+--+--+--+--+--+--+--+
 3|  |  |  |  |  |  |  |  |  |  |  |
  +--+--+--+--+--+--+--+--+--+--+--+
 4|  |  |  |  |  |  |  |  |  |  |  |
  +--+--+--+--+--+--+--+--+--+--+--+
 5|  |  |  |/\|/\|  |/\|/\|  |  |  |
  +--+--+--+--+--+--+--+--+--+--+--+
 6|  |  |  |  |  |  |  |  |  |  |  |
  +--+--+--+--+--+--+--+--+--+--+--+
 7|  |  |  |  |  |  |  |  |  |  |  |
  +--+--+--+--+--+--+--+--+--+--+--+
 8|~~|  |mg|  |mg|  |mg|  |mg|  |~~|
  +--+--+--+--+--+--+--+--+--+--+--+
 9|~~|~~|mg|  |  |  |  |mg|  |~~|~~|
  +--+--+--+--+--+--+--+--+--+--+--+
10|~~|~~|~~|  |  |  |  |  |~~|~~|~~|
  +--+--+--+--+--+--+--+--+--+--+--+


Turn 4 (Player B)
    0  1  2  3  4  5  6  7  8  9 10
  +--+--+--+--+--+--+--+--+--+--+--+
 0|~~|~~|~~|  |  |  |  |  |~~|~~|~~|
  +--+--+--+--+--+--+--+--+--+--+--+
 1|~~|~~|  |MG|  |MG|  |MG|  |~~|~~|
  +--+--+--+--+--+--+--+--+--+--+--+
 2|~~|  |MG|  |MG|  |MG|  |MG|  |~~|
  +--+--+--+--+--+--+--+--+--+--+--+
 3|  |  |  |  |  |  |  |  |  |  |  |
  +--+--+--+--+--+--+--+--+--+--+--+
 4|  |  |  |  |  |  |  |  |  |  |  |
  +--+--+--+--+--+--+--+--+--+--+--+
 5|  |  |  |/\|/\|  |/\|/\|  |  |  |
  +--+--+--+--+--+--+--+--+--+--+--+
 6|  |  |  |  |  |  |  |  |  |  |  |
  +--+--+--+--+--+--+--+--+--+--+--+
 7|  |  |  |  |  |  |  |  |  |  |  |
  +--+--+--+--+--+--+--+--+--+--+--+
 8|~~|  |mg|  |mg|  |mg|  |mg|  |~~|
  +--+--+--+--+--+--+--+--+--+--+--+
 9|~~|~~|mg|  |  |  |  |mg|  |~~|~~|
  +--+--+--+--+--+--+--+--+--+--+--+
10|~~|~~|~~|  |  |  |  |  |~~|~~|~~|
  +--+--+--+--+--+--+--+--+--+--+--+


Turn 5 (Player A)
    0  1  2  3  4  5  6  7  8  9 10
  +--+--+--+--+--+--+--+--+--+--+--+
 0|~~|~~|~~|  |  |  |  |  |~~|~~|~~|
  +--+--+--+--+--+--+--+--+--+--+--+
 1|~~|~~|  |MG|  |MG|  |MG|  |~~|~~|
  +--+--+--+--+--+--+--+--+--+--+--+
 2|~~|  |MG|  |MG|  |MG|  |MG|  |~~|
  +--+--+--+--+--+--+--+--+--+--+--+
 3|  |  |  |  |  |  |  |  |  |  |  |
  +--+--+--+--+--+--+--+--+--+--+--+
 4|  |  |  |  |  |  |  |  |  |  |  |
  +--+--+--+--+--+--+--+--+--+--+--+
 5|  |  |  |/\|/\|  |/\|/\|  |  |  |
  +--+--+--+--+--+--+--+--+--+--+--+
 6|  |  |  |  |  |  |  |  |  |  |  |
  +--+--+--+--+--+--+--+--+--+--+--+
 7|  |  |  |  |  |  |  |  |  |  |  |
  +--+--+--+--+--+--+--+--+--+--+--+
 8|~~|  |  |  |mg|  |mg|  |mg|  |~~|
  +--+--+--+--+--+--+--+--+--+--+--+
 9|~~|~~|mg|  |  |  |  |mg|  |~~|~~|
  +--+--+--+--+--+--+--+--+--+--+--+
10|~~|~~|~~|  |  |  |  |  |~~|~~|~~|
  +--+--+--+--+--+--+--+--+--+--+--+


Turn 6 (Player B)
    0  1  2  3  4  5  6  7  8  9 10
  +--+--+--+--+--+--+--+--+--+--+--+
 0|~~|~~|~~|  |  |  |  |  |~~|~~|~~|
  +--+--+--+--+--+--+--+--+--+--+--+
 1|~~|~~|  |MG|  |MG|  |MG|  |~~|~~|
  +--+--+--+--+--+--+--+--+--+--+--+
 2|~~|  |MG|  |MG|  |MG|  |MG|  |~~|
  +--+--+--+--+--+--+--+--+--+--+--+
 3|  |  |  |  |  |  |  |  |  |  |  |
  +--+--+--+--+--+--+--+--+--+--+--+
 4|  |  |  |  |  |  |  |  |  |  |  |
  +--+--+--+--+--+--+--+--+--+--+--+
 5|  |  |  |/\|/\|  |/\|/\|  |  |  |
  +--+--+--+--+--+--+--+--+--+--+--+
 6|  |  |  |  |  |  |  |  |  |  |  |
  +--+--+--+--+--+--+--+--+--+--+--+
 7|  |  |  |  |  |  |  |  |  |  |  |
  +--+--+--+--+--+--+--+--+--+--+--+
 8|~~|  |  |  |mg|  |mg|  |mg|  |~~|
  +--+--+--+--+--+--+--+--+--+--+--+
 9|~~|~~|mg|  |  |  |  |mg|  |~~|~~|
  +--+--+--+--+--+--+--+--+--+--+--+
10|~~|~~|~~|  |  |  |  |  |~~|~~|~~|
  +--+--+--+--+--+--+--+--+--+--+--+


Turn 7 (Player A)
    0  1  2  3  4  5  6  7  8  9 10
  +--+--+--+--+--+--+--+--+--+--+--+
 0|~~|~~|~~|  |  |  |  |  |~~|~~|~~|
  +--+--+--+--+--+--+--+--+--+--+--+
 1|~~|~~|  |MG|  |MG|  |MG|  |~~|~~|
  +--+--+--+--+--+--+--+--+--+--+--+
 2|~~|  |MG|  |MG|  |MG|  |MG|  |~~|
  +--+--+--+--+--+--+--+--+--+--+--+
 3|  |  |  |  |  |  |  |  |  |  |  |
  +--+--+--+--+--+--+--+--+--+--+--+
 4|  |  |  |  |  |  |  |  |  |  |  |
  +--+--+--+--+--+--+--+--+--+--+--+
 5|  |  |  |/\|/\|  |/\|/\|  |  |  |
  +--+--+--+--+--+--+--+--+--+--+--+
 6|  |  |  |  |  |  |  |  |  |  |  |
  +--+--+--+--+--+--+--+--+--+--+--+
 7|  |  |  |  |  |  |  |  |  |  |  |
  +--+--+--+--+--+--+--+--+--+--+--+
 8|~~|  |  |  |mg|  |mg|  |mg|  |~~|
  +--+--+--+--+--+--+--+--+--+--+--+
 9|~~|~~|  |  |  |  |  |mg|  |~~|~~|
  +--+--+--+--+--+--+--+--+--+--+--+
10|~~|~~|~~|  |  |  |  |  |~~|~~|~~|
  +--+--+--+--+--+--+--+--+--+--+--+


Turn 8 (Player B)
    0  1  2  3  4  5  6  7  8  9 10
  +--+--+--+--+--+--+--+--+--+--+--+
 0|~~|~~|~~|  |  |  |  |  |~~|~~|~~|
  +--+--+--+--+--+--+--+--+--+--+--+
 1|~~|~~|  |MG|  |MG|  |MG|  |~~|~~|
  +--+--+--+--+--+--+--+--+--+--+--+
 2|~~|  |  |  |MG|  |MG|  |MG|  |~~|
  +--+--+--+--+--+--+--+--+--+--+--+
 3|  |  |  |  |  |  |  |  |  |  |  |
  +--+--+--+--+--+--+--+--+--+--+--+
 4|  |  |  |  |  |  |  |  |  |  |  |
  +--+--+--+--+--+--+--+--+--+--+--+
 5|  |  |  |/\|/\|  |/\|/\|  |  |  |
  +--+--+--+--+--+--+--+--+--+--+--+
 6|  |  |  |  |  |  |  |  |  |  |  |
  +--+--+--+--+--+--+--+--+--+--+--+
 7|  |  |  |  |  |  |  |mg|  |  |  |
  +--+--+--+--+--+--+--+--+--+--+--+
 8|~~|  |  |  |mg|  |mg|  |  |  |~~|
  +--+--+--+--+--+--+--+--+--+--+--+
 9|~~|~~|  |  |  |  |  |mg|  |~~|~~|
  +--+--+--+--+--+--+--+--+--+--+--+
10|~~|~~|~~|  |  |  |  |  |~~|~~|~~|
  +--+--+--+--+--+--+--+--+--+--+--+


Turn 9 (Player A)
    0  1  2  3  4  5  6  7  8  9 10
  +--+--+--+--+--+--+--+--+--+--+--+
 0|~~|~~|~~|  |MG|  |  |  |~~|~~|~~|
  +--+--+--+--+--+--+--+--+--+--+--+
 1|~~|~~|  |MG|  |  |  |MG|  |~~|~~|
  +--+--+--+--+--+--+--+--+--+--+--+
 2|~~|  |  |  |  |  |MG|  |MG|  |~~|
  +--+--+--+--+--+--+--+--+--+--+--+
 3|  |  |  |  |  |  |  |  |  |  |  |
  +--+--+--+--+--+--+--+--+--+--+--+
 4|  |  |  |  |  |  |  |  |  |  |  |
  +--+--+--+--+--+--+--+--+--+--+--+
 5|  |  |  |/\|/\|  |/\|/\|  |  |  |
  +--+--+--+--+--+--+--+--+--+--+--+
 6|  |  |  |  |  |  |  |  |  |  |  |
  +--+--+--+--+--+--+--+--+--+--+--+
 7|  |  |  |  |  |  |  |mg|  |  |  |
  +--+--+--+--+--+--+--+--+--+--+--+
 8|~~|  |  |  |mg|  |mg|  |  |  |~~|
  +--+--+--+--+--+--+--+--+--+--+--+
 9|~~|~~|  |  |  |  |  |mg|  |~~|~~|
  +--+--+--+--+--+--+--+--+--+--+--+
10|~~|~~|~~|  |  |  |  |  |~~|~~|~~|
  +--+--+--+--+--+--+--+--+--+--+--+


Turn 10 (Player B)
    0  1  2  3  4  5  6  7  8  9 10
  +--+--+--+--+--+--+--+--+--+--+--+
 0|~~|~~|~~|  |MG|  |  |  |~~|~~|~~|
  +--+--+--+--+--+--+--+--+--+--+--+
 1|~~|~~|  |MG|  |  |  |MG|  |~~|~~|
  +--+--+--+--+--+--+--+--+--+--+--+
 2|~~|  |  |  |  |  |MG|  |MG|  |~~|
  +--+--+--+--+--+--+--+--+--+--+--+
 3|  |  |  |  |  |  |  |  |  |  |  |
  +--+--+--+--+--+--+--+--+--+--+--+
 4|  |  |  |  |  |  |  |  |  |  |  |
  +--+--+--+--+--+--+--+--+--+--+--+
 5|  |  |  |/\|/\|  |/\|/\|  |  |  |
  +--+--+--+--+--+--+--+--+--+--+--+
 6|  |  |  |  |  |  |  |  |  |  |  |
  +--+--+--+--+--+--+--+--+--+--+--+
 7|  |  |  |  |  |  |  |mg|  |  |  |
  +--+--+--+--+--+--+--+--+--+--+--+
 8|~~|  |  |  |mg|  |mg|  |  |  |~~|
  +--+--+--+--+--+--+--+--+--+--+--+
 9|~~|~~|  |  |  |  |  |  |  |~~|~~|
  +--+--+--+--+--+--+--+--+--+--+--+
10|~~|~~|~~|  |  |  |  |mg|~~|~~|~~|
  +--+--+--+--+--+--+--+--+--+--+--+


Turn 11 (Player A)
