    0  1  2  3  4  5  6  7  8  9 10 11 12 13 14
  +--+--+--+--+--+--+--+--+--+--+--+--+--+--+--+
 0|  |  |  |  |  |  |  |  |KN|  |  |  |  |  |AR|
  +--+--+--+--+--+--+--+--+--+--+--+--+--+--+--+
 1|$ |mg|  |  |  |  |  |  |  |  |  |  |~~|  |  |
  +--+--+--+--+--+--+--+--+--+--+--+--+--+--+--+
 2|  |$ |  |  |  |  |  |  |/\|/\|  |/\|  |  |  |
  +--+--+--+--+--+--+--+--+--+--+--+--+--+--+--+
 3|  |  |/\|  |  |kn|  |  |  |  |  |ft|  |$ |  |
  +--+--+--+--+--+--+--+--+--+--+--+--+--+--+--+
 4|  |  |  |$ |  |  |$ |  |~~|~~|~~|~~|  |$ |  |
  +--+--+--+--+--+--+--+--+--+--+--+--+--+--+--+
 5|  |  |FT|  |  |  |$ |  |  |kn|  |  |  |$ |  |
  +--+--+--+--+--+--+--+--+--+--+--+--+--+--+--+
 6|  |MG|  |  |/\|  |  |  |ar|  |~~|~~|  |$ |  |
  +--+--+--+--+--+--+--+--+--+--+--+--+--+--+--+
 7|  |  |  |  |  |$ |$ |  |  |  |$ |$ |  |  |/\|
  +--+--+--+--+--+--+--+--+--+--+--+--+--+--+--+
 8|  |  |  |  |  |AR|  |$ |  |  |~~|~~|$ |$ |  |
  +--+--+--+--+--+--+--+--+--+--+--+--+--+--+--+
 9|/\|/\|$ |$ |~~|~~|$ |$ |~~|~~|  |  |  |  |~~|
  +--+--+--+--+--+--+--+--+--+--+--+--+--+--+--+
10|  |  |  |  |  |  |MG|  |  |  |  |mg|  |  |  |
  +--+--+--+--+--+--+--+--+--+--+--+--+--+--+--+
11|  |mg|  |  |  |  |  |MG|/\|  |  |  |$ |  |  |
  +--+--+--+--+--+--+--+--+--+--+--+--+--+--+--+
12|  |/\|/\|/\|/\|  |  |  |  |/\|  |  |$ |  |$ |
  +--+--+--+--+--+--+--+--+--+--+--+--+--+--+--+
13|  |  |  |  |  |  |~~|  |  |  |/\|$ |  |  |  |
  +--+--+--+--+--+--+--+--+--+--+--+--+--+--+--+
14|  |  |  |  |  |~~|  |  |  |  |$ |/\|  |  |  |
  +--+--+--+--+--+--+--+--+--+--+--+--+--+--+--+
15|  |$ |  |  |~~|  |  |~~|  |$ |  |  |/\|  |  |
  +--+--+--+--+--+--+--+--+--+--+--+--+--+--+--+
16|  |$ |  |~~|$ |kn|~~|~~|$ |  |  |  |  |KN|  |
  +--+--+--+--+--+--+--+--+--+--+--+--+--+--+--+
17|  |$ |  |  |  |  |  |  |  |  |  |  |  |  |ar|
  +--+--+--+--+--+--+--+--+--+--+--+--+--+--+--+
18|  |  |  |  |  |  |  |  |KN|  |/\|  |~~|  |  |
  +--+--+--+--+--+--+--+--+--+--+--+--+--+--+--+


Turn 1 (Player A)
    0  1  2  3  4  5  6  7  8  9 10 11 12 13 14
  +--+--+--+--+--+--+--+--+--+--+--+--+--+--+--+
 0|  |  |  |  |  |  |  |  |KN|  |  |  |  |  |AR|
  +--+--+--+--+--+--+--+--+--+--+--+--+--+--+--+
 1|$ |mg|  |  |  |  |  |  |  |  |  |  |~~|  |  |
  +--+--+--+--+--+--+--+--+--+--+--+--+--+--+--+
 2|  |$ |  |  |  |  |  |  |/\|/\|  |/\|  |  |  |
  +--+--+--+--+--+--+--+--+--+--+--+--+--+--+--+
 3|  |  |/\|  |  |kn|  |  |  |  |  |ft|  |$ |  |
  +--+--+--+--+--+--+--+--+--+--+--+--+--+--+--+
 4|  |  |  |$ |  |  |$ |  |~~|~~|~~|~~|  |$ |  |
  +--+--+--+--+--+--+--+--+--+--+--+--+--+--+--+
 5|  |  |FT|  |  |  |$ |  |  |kn|  |  |  |$ |  |
  +--+--+--+--+--+--+--+--+--+--+--+--+--+--+--+
 6|  |MG|  |  |/\|  |  |  |ar|  |~~|~~|  |$ |  |
  +--+--+--+--+--+--+--+--+--+--+--+--+--+--+--+
 7|  |  |  |  |  |$ |$ |  |  |  |$ |$ |  |  |/\|
  +--+--+--+--+--+--+--+--+--+--+--+--+--+--+--+
 8|  |  |  |  |  |AR|  |$ |  |  |~~|~~|$ |$ |  |
  +--+--+--+--+--+--+--+--+--+--+--+--+--+--+--+
 9|/\|/\|$ |$ |~~|~~|$ |$ |~~|~~|  |  |  |  |~~|
  +--+--+--+--+--+--+--+--+--+--+--+--+--+--+--+
10|  |  |  |  |  |  |MG|  |  |  |  |mg|  |  |  |
  +--+--+--+--+--+--+--+--+--+--+--+--+--+--+--+
11|  |  |  |  |  |  |  |MG|/\|  |  |  |$ |  |  |
  +--+--+--+--+--+--+--+--+--+--+--+--+--+--+--+
12|  |/\|/\|/\|/\|  |  |  |  |/\|  |  |$ |  |$ |
  +--+--+--+--+--+--+--+--+--+--+--+--+--+--+--+
13|  |  |  |  |  |  |~~|  |  |  |/\|$ |  |  |  |
  +--+--+--+--+--+--+--+--+--+--+--+--+--+--+--+
14|  |  |  |  |  |~~|  |  |  |  |$ |/\|  |  |  |
  +--+--+--+--+--+--+--+--+--+--+--+--+--+--+--+
15|  |$ |  |  |~~|  |  |~~|  |$ |  |  |/\|  |  |
  +--+--+--+--+--+--+--+--+--+--+--+--+--+--+--+
16|  |$ |  |~~|$ |kn|~~|~~|$ |  |  |  |  |KN|  |
  +--+--+--+--+--+--+--+--+--+--+--+--+--+--+--+
17|  |$ |  |  |  |  |  |  |  |  |  |  |  |  |ar|
  +--+--+--+--+--+--+--+--+--+--+--+--+--+--+--+
18|  |  |  |  |  |  |  |  |KN|  |/\|  |~~|  |  |
  +--+--+--+--+--+--+--+--+--+--+--+--+--+--+--+


Turn 2 (Player B)
    0  1  2  3  4  5  6  7  8  9 10 11 12 13 14
  +--+--+--+--+--+--+--+--+--+--+--+--+--+--+--+
 0|  |  |  |  |  |  |  |  |KN|  |  |  |  |  |AR|
  +--+--+--+--+--+--+--+--+--+--+--+--+--+--+--+
 1|$ |mg|  |  |  |  |  |  |  |  |  |  |~~|  |  |
  +--+--+--+--+--+--+--+--+--+--+--+--+--+--+--+
 2|  |$ |  |  |  |  |  |  |/\|/\|  |/\|  |  |  |
  +--+--+--+--+--+--+--+--+--+--+--+--+--+--+--+
 3|  |  |/\|  |  |kn|  |  |  |  |  |ft|  |$ |  |
  +--+--+--+--+--+--+--+--+--+--+--+--+--+--+--+
 4|  |  |  |$ |  |  |$ |  |~~|~~|~~|~~|  |$ |  |
  +--+--+--+--+--+--+--+--+--+--+--+--+--+--+--+
 5|  |  |FT|  |  |  |$ |  |  |kn|  |  |  |$ |  |
  +--+--+--+--+--+--+--+--+--+--+--+--+--+--+--+
 6|  |MG|  |  |/\|  |  |  |ar|  |~~|~~|  |$ |  |
  +--+--+--+--+--+--+--+--+--+--+--+--+--+--+--+
 7|  |  |  |  |  |$ |$ |  |  |  |$ |$ |  |  |/\|
  +--+--+--+--+--+--+--+--+--+--+--+--+--+--+--+
 8|  |  |  |  |  |AR|  |$ |  |  |~~|~~|$ |$ |  |
  +--+--+--+--+--+--+--+--+--+--+--+--+--+--+--+
 9|/\|/\|$ |$ |~~|~~|$ |$ |~~|~~|  |  |  |  |~~|
  +--+--+--+--+--+--+--+--+--+--+--+--+--+--+--+
10|  |  |  |  |  |  |  |  |  |  |mg|  |  |  |  |
  +--+--+--+--+--+--+--+--+--+--+--+--+--+--+--+
11|  |  |  |  |  |  |  |MG|/\|  |  |  |$ |  |  |
  +--+--+--+--+--+--+--+--+--+--+--+--+--+--+--+
12|  |/\|/\|/\|/\|  |  |  |  |/\|  |  |$ |  |$ |
  +--+--+--+--+--+--+--+--+--+--+--+--+--+--+--+
13|  |  |  |  |  |  |~~|  |  |  |/\|$ |  |  |  |
  +--+--+--+--+--+--+--+--+--+--+--+--+--+--+--+
14|  |  |  |  |  |~~|  |  |  |  |$ |/\|  |  |  |
  +--+--+--+--+--+--+--+--+--+--+--+--+--+--+--+
15|  |$ |  |  |~~|  |  |~~|  |$ |  |  |/\|  |  |
  +--+--+--+--+--+--+--+--+--+--+--+--+--+--+--+
16|  |$ |  |~~|$ |kn|~~|~~|$ |  |  |  |  |KN|  |
  +--+--+--+--+--+--+--+--+--+--+--+--+--+--+--+
17|  |$ |  |  |  |  |  |  |  |  |  |  |  |  |ar|
  +--+--+--+--+--+--+--+--+--+--+--+--+--+--+--+
18|  |  |  |  |  |  |  |  |KN|  |/\|  |~~|  |  |
  +--+--+--+--+--+--+--+--+--+--+--+--+--+--+--+


Turn 3 (Player A)
    0  1  2  3  4  5  6  7  8  9 10 11 12 13 14
  +--+--+--+--+--+--+--+--+--+--+--+--+--+--+--+
 0|  |  |  |  |  |  |  |  |KN|  |  |  |  |  |AR|
  +--+--+--+--+--+--+--+--+--+--+--+--+--+--+--+
 1|$ |mg|  |  |  |  |  |  |  |  |  |  |~~|  |  |
  +--+--+--+--+--+--+--+--+--+--+--+--+--+--+--+
 2|  |$ |  |  |  |  |  |  |/\|/\|  |/\|  |  |  |
  +--+--+--+--+--+--+--+--+--+--+--+--+--+--+--+
 3|  |  |/\|  |  |kn|  |  |  |  |  |ft|  |$ |  |
  +--+--+--+--+--+--+--+--+--+--+--+--+--+--+--+
 4|  |  |  |$ |  |  |$ |  |~~|~~|~~|~~|  |$ |  |
  +--+--+--+--+--+--+--+--+--+--+--+--+--+--+--+
 5|  |  |FT|  |  |  |\/|  |  |kn|  |  |  |$ |  |
  +--+--+--+--+--+--+--+--+--+--+--+--+--+--+--+
 6|  |  |  |MG|/\|\/|\/|\/|ar|  |~~|~~|  |$ |  |
  +--+--+--+--+--+--+--+--+--+--+--+--+--+--+--+
 7|  |  |  |  |  |$ |\/|  |  |  |$ |$ |  |  |/\|
  +--+--+--+--+--+--+--+--+--+--+--+--+--+--+--+
 8|  |  |  |  |  |AR|  |$ |  |  |~~|~~|$ |$ |  |
  +--+--+--+--+--+--+--+--+--+--+--+--+--+--+--+
 9|/\|/\|$ |$ |~~|~~|$ |$ |~~|~~|  |  |  |  |~~|
  +--+--+--+--+--+--+--+--+--+--+--+--+--+--+--+
10|  |  |  |  |  |  |  |  |  |  |mg|  |  |  |  |
  +--+--+--+--+--+--+--+--+--+--+--+--+--+--+--+
11|  |  |  |  |  |  |  |MG|/\|  |  |  |$ |  |  |
  +--+--+--+--+--+--+--+--+--+--+--+--+--+--+--+
12|  |/\|/\|/\|/\|  |  |  |  |/\|  |  |$ |  |$ |
  +--+--+--+--+--+--+--+--+--+--+--+--+--+--+--+
13|  |  |  |  |  |  |~~|  |  |  |/\|$ |  |  |  |
  +--+--+--+--+--+--+--+--+--+--+--+--+--+--+--+
14|  |  |  |  |  |~~|  |  |  |  |$ |/\|  |  |  |
  +--+--+--+--+--+--+--+--+--+--+--+--+--+--+--+
15|  |$ |  |  |~~|  |  |~~|  |$ |  |  |/\|  |  |
  +--+--+--+--+--+--+--+--+--+--+--+--+--+--+--+
16|  |$ |  |~~|$ |kn|~~|~~|$ |  |  |  |  |KN|  |
  +--+--+--+--+--+--+--+--+--+--+--+--+--+--+--+
17|  |$ |  |  |  |  |  |  |  |  |  |  |  |  |ar|
  +--+--+--+--+--+--+--+--+--+--+--+--+--+--+--+
18|  |  |  |  |  |  |  |  |KN|  |/\|  |~~|  |  |
  +--+--+--+--+--+--+--+--+--+--+--+--+--+--+--+


Turn 4 (Player B)
    0  1  2  3  4  5  6  7  8  9 10 11 12 13 14
  +--+--+--+--+--+--+--+--+--+--+--+--+--+--+--+
 0|  |mg|  |  |  |  |  |  |  |  |  |  |  |  |AR|
  +--+--+--+--+--+--+--+--+--+--+--+--+--+--+--+
 1|$ |  |  |  |  |  |  |  |  |  |  |  |~~|  |  |
  +--+--+--+--+--+--+--+--+--+--+--+--+--+--+--+
 2|  |$ |  |  |  |  |  |  |/\|/\|  |/\|  |  |  |
  +--+--+--+--+--+--+--+--+--+--+--+--+--+--+--+
 3|  |  |/\|  |  |kn|  |  |  |  |  |ft|  |$ |  |
  +--+--+--+--+--+--+--+--+--+--+--+--+--+--+--+
 4|  |  |  |$ |  |  |$ |  |~~|~~|~~|~~|  |$ |  |
  +--+--+--+--+--+--+--+--+--+--+--+--+--+--+--+
 5|  |  |FT|  |  |  |\/|  |  |kn|  |  |  |$ |  |
  +--+--+--+--+--+--+--+--+--+--+--+--+--+--+--+
 6|  |  |  |MG|/\|\/|\/|\/|ar|  |~~|~~|  |$ |  |
  +--+--+--+--+--+--+--+--+--+--+--+--+--+--+--+
 7|  |  |  |  |  |$ |\/|  |  |  |$ |$ |  |  |/\|
  +--+--+--+--+--+--+--+--+--+--+--+--+--+--+--+
 8|  |  |  |  |  |AR|  |$ |  |  |~~|~~|$ |$ |  |
  +--+--+--+--+--+--+--+--+--+--+--+--+--+--+--+
 9|/\|/\|$ |$ |~~|~~|$ |$ |~~|~~|  |  |  |  |~~|
  +--+--+--+--+--+--+--+--+--+--+--+--+--+--+--+
10|  |  |  |  |  |  |  |  |  |  |mg|  |  |  |  |
  +--+--+--+--+--+--+--+--+--+--+--+--+--+--+--+
11|  |  |  |  |  |  |  |MG|/\|  |  |  |$ |  |  |
  +--+--+--+--+--+--+--+--+--+--+--+--+--+--+--+
12|  |/\|/\|/\|/\|  |  |  |  |/\|  |  |$ |  |$ |
  +--+--+--+--+--+--+--+--+--+--+--+--+--+--+--+
13|  |  |  |  |  |  |~~|  |  |  |/\|$ |  |  |  |
  +--+--+--+--+--+--+--+--+--+--+--+--+--+--+--+
14|  |  |  |  |  |~~|  |  |  |  |$ |/\|  |  |  |
  +--+--+--+--+--+--+--+--+--+--+--+--+--+--+--+
15|  |$ |  |  |~~|  |  |~~|  |$ |  |  |/\|  |  |
  +--+--+--+--+--+--+--+--+--+--+--+--+--+--+--+
16|  |$ |  |~~|$ |kn|~~|~~|$ |  |  |  |  |KN|  |
  +--+--+--+--+--+--+--+--+--+--+--+--+--+--+--+
17|  |$ |  |  |  |  |  |  |  |  |  |  |  |  |ar|
  +--+--+--+--+--+--+--+--+--+--+--+--+--+--+--+
18|  |  |  |  |  |  |  |  |KN|  |/\|  |~~|  |  |
  +--+--+--+--+--+--+--+--+--+--+--+--+--+--+--+


Turn 5 (Player A)
    0  1  2  3  4  5  6  7  8  9 10 11 12 13 14
  +--+--+--+--+--+--+--+--+--+--+--+--+--+--+--+
 0|  |mg|  |  |  |  |  |  |  |  |  |  |  |  |AR|
  +--+--+--+--+--+--+--+--+--+--+--+--+--+--+--+
 1|$ |  |  |  |  |  |  |  |  |  |  |  |~~|  |  |
  +--+--+--+--+--+--+--+--+--+--+--+--+--+--+--+
 2|  |$ |  |  |  |  |  |  |/\|/\|  |/\|  |  |  |
  +--+--+--+--+--+--+--+--+--+--+--+--+--+--+--+
 3|  |  |/\|  |  |kn|  |  |  |  |  |ft|  |$ |  |
  +--+--+--+--+--+--+--+--+--+--+--+--+--+--+--+
 4|  |  |  |$ |  |  |$ |  |~~|~~|~~|~~|  |$ |  |
  +--+--+--+--+--+--+--+--+--+--+--+--+--+--+--+
 5|  |  |FT|  |  |  |\/|  |  |kn|  |  |  |$ |  |
  +--+--+--+--+--+--+--+--+--+--+--+--+--+--+--+
 6|  |  |  |MG|/\|\/|\/|\/|ar|  |~~|~~|  |$ |  |
  +--+--+--+--+--+--+--+--+--+--+--+--+--+--+--+
 7|  |  |  |  |  |$ |\/|  |  |  |$ |$ |  |  |/\|
  +--+--+--+--+--+--+--+--+--+--+--+--+--+--+--+
 8|  |  |  |  |  |AR|  |$ |  |  |~~|~~|$ |$ |  |
  +--+--+--+--+--+--+--+--+--+--+--+--+--+--+--+
 9|/\|/\|$ |$ |~~|~~|$ |$ |~~|~~|  |  |  |  |~~|
  +--+--+--+--+--+--+--+--+--+--+--+--+--+--+--+
10|  |  |  |  |  |  |  |MG|  |  |  |  |  |  |  |
  +--+--+--+--+--+--+--+--+--+--+--+--+--+--+--+
11|  |  |  |  |  |  |  |  |/\|  |  |  |$ |  |  |
  +--+--+--+--+--+--+--+--+--+--+--+--+--+--+--+
12|  |/\|/\|/\|/\|  |  |  |  |/\|  |  |$ |  |$ |
  +--+--+--+--+--+--+--+--+--+--+--+--+--+--+--+
13|  |  |  |  |  |  |~~|  |  |  |/\|$ |  |  |  |
  +--+--+--+--+--+--+--+--+--+--+--+--+--+--+--+
14|  |  |  |  |  |~~|  |  |  |  |$ |/\|  |  |  |
  +--+--+--+--+--+--+--+--+--+--+--+--+--+--+--+
15|  |$ |  |  |~~|  |  |~~|  |$ |  |  |/\|  |  |
  +--+--+--+--+--+--+--+--+--+--+--+--+--+--+--+
16|  |$ |  |~~|$ |kn|~~|~~|$ |  |  |  |  |KN|  |
  +--+--+--+--+--+--+--+--+--+--+--+--+--+--+--+
17|  |$ |  |  |  |  |  |  |  |  |  |  |  |  |ar|
  +--+--+--+--+--+--+--+--+--+--+--+--+--+--+--+
18|  |  |  |  |  |  |  |  |KN|  |/\|  |~~|  |  |
  +--+--+--+--+--+--+--+--+--+--+--+--+--+--+--+


Turn 6 (Player B)
    0  1  2  3  4  5  6  7  8  9 10 11 12 13 14
  +--+--+--+--+--+--+--+--+--+--+--+--+--+--+--+
 0|  |mg|  |  |  |  |  |  |  |  |  |  |  |  |AR|
  +--+--+--+--+--+--+--+--+--+--+--+--+--+--+--+
 1|$ |  |  |  |  |  |  |  |  |  |  |  |~~|  |  |
  +--+--+--+--+--+--+--+--+--+--+--+--+--+--+--+
 2|  |$ |  |  |  |  |  |  |/\|/\|  |/\|  |  |  |
  +--+--+--+--+--+--+--+--+--+--+--+--+--+--+--+
 3|  |  |/\|  |  |kn|  |  |  |  |  |ft|  |$ |  |
  +--+--+--+--+--+--+--+--+--+--+--+--+--+--+--+
 4|  |  |  |$ |  |  |$ |  |~~|~~|~~|~~|  |$ |  |
  +--+--+--+--+--+--+--+--+--+--+--+--+--+--+--+
 5|  |  |FT|  |  |  |\/|  |  |kn|  |  |  |$ |  |
  +--+--+--+--+--+--+--+--+--+--+--+--+--+--+--+
 6|  |  |  |MG|/\|\/|\/|\/|ar|  |~~|~~|  |$ |  |
  +--+--+--+--+--+--+--+--+--+--+--+--+--+--+--+
 7|  |  |  |  |  |$ |\/|  |  |  |$ |$ |  |  |/\|
  +--+--+--+--+--+--+--+--+--+--+--+--+--+--+--+
 8|  |  |  |  |  |AR|  |$ |  |  |~~|~~|$ |$ |  |
  +--+--+--+--+--+--+--+--+--+--+--+--+--+--+--+
 9|/\|/\|$ |$ |~~|~~|$ |$ |~~|~~|  |  |  |  |~~|
  +--+--+--+--+--+--+--+--+--+--+--+--+--+--+--+
10|  |  |  |  |  |  |  |MG|  |  |  |  |  |  |  |
  +--+--+--+--+--+--+--+--+--+--+--+--+--+--+--+
11|  |  |  |  |  |  |  |  |/\|  |  |  |$ |  |  |
  +--+--+--+--+--+--+--+--+--+--+--+--+--+--+--+
12|  |/\|/\|/\|/\|  |  |  |  |/\|  |  |$ |  |$ |
  +--+--+--+--+--+--+--+--+--+--+--+--+--+--+--+
13|  |  |  |  |  |  |~~|  |  |  |/\|$ |  |  |  |
  +--+--+--+--+--+--+--+--+--+--+--+--+--+--+--+
14|  |  |  |  |  |~~|  |  |  |  |$ |/\|  |  |  |
  +--+--+--+--+--+--+--+--+--+--+--+--+--+--+--+
15|  |$ |  |  |~~|  |  |~~|  |$ |  |  |/\|  |  |
  +--+--+--+--+--+--+--+--+--+--+--+--+--+--+--+
16|  |$ |  |~~|$ |kn|~~|~~|$ |  |  |  |  |  |  |
  +--+--+--+--+--+--+--+--+--+--+--+--+--+--+--+
17|  |$ |  |  |  |  |  |  |  |  |  |  |  |  |  |
  +--+--+--+--+--+--+--+--+--+--+--+--+--+--+--+
18|  |  |  |  |  |  |  |  |KN|  |/\|  |~~|ar|  |
  +--+--+--+--+--+--+--+--+--+--+--+--+--+--+--+


Turn 7 (Player A)
    0  1  2  3  4  5  6  7  8  9 10 11 12 13 14
  +--+--+--+--+--+--+--+--+--+--+--+--+--+--+--+
 0|  |mg|  |  |  |  |  |  |  |  |  |  |  |  |AR|
  +--+--+--+--+--+--+--+--+--+--+--+--+--+--+--+
 1|$ |  |  |  |  |  |  |  |  |  |  |  |~~|  |  |
  +--+--+--+--+--+--+--+--+--+--+--+--+--+--+--+
 2|  |$ |  |  |  |  |  |  |/\|/\|  |/\|  |  |  |
  +--+--+--+--+--+--+--+--+--+--+--+--+--+--+--+
 3|  |  |/\|  |  |kn|  |  |  |  |  |ft|  |$ |  |
  +--+--+--+--+--+--+--+--+--+--+--+--+--+--+--+
 4|  |  |  |$ |  |  |$ |  |~~|~~|~~|~~|  |$ |  |
  +--+--+--+--+--+--+--+--+--+--+--+--+--+--+--+
 5|  |  |FT|  |  |  |\/|  |  |kn|  |  |  |$ |  |
  +--+--+--+--+--+--+--+--+--+--+--+--+--+--+--+
 6|  |  |  |MG|/\|\/|\/|\/|ar|  |~~|~~|  |$ |  |
  +--+--+--+--+--+--+--+--+--+--+--+--+--+--+--+
 7|  |  |  |  |  |$ |\/|  |  |  |$ |$ |  |  |/\|
  +--+--+--+--+--+--+--+--+--+--+--+--+--+--+--+
 8|  |  |  |  |  |AR|  |$ |  |  |~~|~~|$ |$ |  |
  +--+--+--+--+--+--+--+--+--+--+--+--+--+--+--+
 9|/\|/\|$ |$ |~~|~~|$ |$ |~~|~~|  |  |  |  |~~|
  +--+--+--+--+--+--+--+--+--+--+--+--+--+--+--+
10|  |  |  |  |  |  |  |MG|  |  |  |  |  |  |  |
  +--+--+--+--+--+--+--+--+--+--+--+--+--+--+--+
11|  |  |  |  |  |  |  |  |/\|  |  |  |$ |  |  |
  +--+--+--+--+--+--+--+--+--+--+--+--+--+--+--+
12|  |/\|/\|/\|/\|  |  |  |  |/\|  |  |$ |  |$ |
  +--+--+--+--+--+--+--+--+--+--+--+--+--+--+--+
13|  |  |  |  |  |  |~~|  |  |  |/\|$ |  |  |  |
  +--+--+--+--+--+--+--+--+--+--+--+--+--+--+--+
14|  |  |  |  |  |~~|  |  |  |  |$ |/\|  |  |  |
  +--+--+--+--+--+--+--+--+--+--+--+--+--+--+--+
15|  |$ |  |  |~~|  |  |~~|  |$ |  |  |/\|  |  |
  +--+--+--+--+--+--+--+--+--+--+--+--+--+--+--+
16|  |$ |  |~~|$ |kn|~~|~~|$ |  |  |  |  |  |  |
  +--+--+--+--+--+--+--+--+--+--+--+--+--+--+--+
17|  |$ |  |  |  |  |  |  |  |  |  |  |KN|  |  |
  +--+--+--+--+--+--+--+--+--+--+--+--+--+--+--+
18|  |  |  |  |  |  |  |  |  |  |/\|  |~~|ar|  |
  +--+--+--+--+--+--+--+--+--+--+--+--+--+--+--+


Turn 8 (Player B)
    0  1  2  3  4  5  6  7  8  9 10 11 12 13 14
  +--+--+--+--+--+--+--+--+--+--+--+--+--+--+--+
 0|  |mg|  |  |  |  |  |  |  |  |  |  |  |  |  |
  +--+--+--+--+--+--+--+--+--+--+--+--+--+--+--+
 1|$ |  |  |  |  |  |  |  |  |  |  |  |~~|  |  |
  +--+--+--+--+--+--+--+--+--+--+--+--+--+--+--+
 2|  |$ |  |  |  |  |  |  |/\|/\|  |/\|  |  |  |
  +--+--+--+--+--+--+--+--+--+--+--+--+--+--+--+
 3|  |  |/\|  |  |kn|  |  |  |  |  |ft|  |$ |  |
  +--+--+--+--+--+--+--+--+--+--+--+--+--+--+--+
 4|  |  |  |$ |  |  |$ |  |~~|~~|~~|~~|  |$ |  |
  +--+--+--+--+--+--+--+--+--+--+--+--+--+--+--+
 5|  |  |FT|  |  |  |\/|  |  |kn|  |  |  |$ |  |
  +--+--+--+--+--+--+--+--+--+--+--+--+--+--+--+
 6|  |  |  |MG|/\|\/|\/|\/|ar|  |~~|~~|  |$ |  |
  +--+--+--+--+--+--+--+--+--+--+--+--+--+--+--+
 7|  |  |  |  |  |$ |\/|  |  |  |$ |$ |  |  |/\|
  +--+--+--+--+--+--+--+--+--+--+--+--+--+--+--+
 8|  |  |  |  |  |AR|  |$ |  |  |~~|~~|$ |$ |  |
  +--+--+--+--+--+--+--+--+--+--+--+--+--+--+--+
 9|/\|/\|$ |$ |~~|~~|$ |$ |~~|~~|  |  |  |  |~~|
  +--+--+--+--+--+--+--+--+--+--+--+--+--+--+--+
10|  |  |  |  |  |  |  |MG|  |  |  |  |  |  |  |
  +--+--+--+--+--+--+--+--+--+--+--+--+--+--+--+
11|  |  |  |  |  |  |  |  |/\|  |  |  |$ |  |  |
  +--+--+--+--+--+--+--+--+--+--+--+--+--+--+--+
12|  |/\|/\|/\|/\|  |  |  |  |/\|  |  |$ |  |$ |
  +--+--+--+--+--+--+--+--+--+--+--+--+--+--+--+
13|  |  |  |  |  |  |~~|  |  |  |/\|$ |  |  |  |
  +--+--+--+--+--+--+--+--+--+--+--+--+--+--+--+
14|  |  |  |  |  |~~|  |  |  |  |$ |/\|  |  |  |
  +--+--+--+--+--+--+--+--+--+--+--+--+--+--+--+
15|  |$ |  |  |~~|  |  |~~|  |$ |  |  |/\|  |  |
  +--+--+--+--+--+--+--+--+--+--+--+--+--+--+--+
16|  |$ |  |~~|$ |kn|~~|~~|$ |  |  |  |  |  |  |
  +--+--+--+--+--+--+--+--+--+--+--+--+--+--+--+
17|  |$ |  |  |  |  |  |  |  |  |  |  |KN|  |  |
  +--+--+--+--+--+--+--+--+--+--+--+--+--+--+--+
18|  |  |  |  |  |  |  |  |  |  |/\|  |~~|ar|  |
  +--+--+--+--+--+--+--+--+--+--+--+--+--+--+--+


Turn 9 (Player A)
    0  1  2  3  4  5  6  7  8  9 10 11 12 13 14
  +--+--+--+--+--+--+--+--+--+--+--+--+--+--+--+
 0|  |mg|  |  |  |  |  |  |  |  |  |  |  |  |  |
  +--+--+--+--+--+--+--+--+--+--+--+--+--+--+--+
 1|$ |  |  |  |\/|  |  |  |  |  |  |  |~~|  |  |
  +--+--+--+--+--+--+--+--+--+--+--+--+--+--+--+
 2|  |$ |  |\/|\/|\/|  |  |/\|/\|  |/\|  |  |  |
  +--+--+--+--+--+--+--+--+--+--+--+--+--+--+--+
 3|  |  |/\|  |\/|kn|  |  |  |  |  |ft|  |$ |  |
  +--+--+--+--+--+--+--+--+--+--+--+--+--+--+--+
 4|  |  |  |$ |  |  |$ |  |~~|~~|~~|~~|  |$ |  |
  +--+--+--+--+--+--+--+--+--+--+--+--+--+--+--+
 5|  |  |FT|  |MG|  |\/|  |  |kn|  |  |  |$ |  |
  +--+--+--+--+--+--+--+--+--+--+--+--+--+--+--+
 6|  |  |  |  |/\|\/|\/|\/|ar|  |~~|~~|  |$ |  |
  +--+--+--+--+--+--+--+--+--+--+--+--+--+--+--+
 7|  |  |  |  |  |$ |\/|  |  |  |$ |$ |  |  |/\|
  +--+--+--+--+--+--+--+--+--+--+--+--+--+--+--+
 8|  |  |  |  |  |AR|  |$ |  |  |~~|~~|$ |$ |  |
  +--+--+--+--+--+--+--+--+--+--+--+--+--+--+--+
 9|/\|/\|$ |$ |~~|~~|$ |$ |~~|~~|  |  |  |  |~~|
  +--+--+--+--+--+--+--+--+--+--+--+--+--+--+--+
10|  |  |  |  |  |  |  |MG|  |  |  |  |  |  |  |
  +--+--+--+--+--+--+--+--+--+--+--+--+--+--+--+
11|  |  |  |  |  |  |  |  |/\|  |  |  |$ |  |  |
  +--+--+--+--+--+--+--+--+--+--+--+--+--+--+--+
12|  |/\|/\|/\|/\|  |  |  |  |/\|  |  |$ |  |$ |
  +--+--+--+--+--+--+--+--+--+--+--+--+--+--+--+
13|  |  |  |  |  |  |~~|  |  |  |/\|$ |  |  |  |
  +--+--+--+--+--+--+--+--+--+--+--+--+--+--+--+
14|  |  |  |  |  |~~|  |  |  |  |$ |/\|  |  |  |
  +--+--+--+--+--+--+--+--+--+--+--+--+--+--+--+
15|  |$ |  |  |~~|  |  |~~|  |$ |  |  |/\|  |  |
  +--+--+--+--+--+--+--+--+--+--+--+--+--+--+--+
16|  |$ |  |~~|$ |kn|~~|~~|$ |  |  |  |  |  |  |
  +--+--+--+--+--+--+--+--+--+--+--+--+--+--+--+
17|  |$ |  |  |  |  |  |  |  |  |  |  |KN|  |  |
  +--+--+--+--+--+--+--+--+--+--+--+--+--+--+--+
18|  |  |  |  |  |  |  |  |  |  |/\|  |~~|ar|  |
  +--+--+--+--+--+--+--+--+--+--+--+--+--+--+--+


Turn 10 (Player B)
    0  1  2  3  4  5  6  7  8  9 10 11 12 13 14
  +--+--+--+--+--+--+--+--+--+--+--+--+--+--+--+
 0|  |mg|  |  |  |  |  |  |  |  |  |  |  |  |  |
  +--+--+--+--+--+--+--+--+--+--+--+--+--+--+--+
 1|$ |  |  |  |\/|  |  |  |  |  |  |  |~~|  |  |
  +--+--+--+--+--+--+--+--+--+--+--+--+--+--+--+
 2|  |$ |  |\/|\/|\/|  |  |/\|/\|  |/\|  |  |  |
  +--+--+--+--+--+--+--+--+--+--+--+--+--+--+--+
 3|  |  |/\|  |\/|kn|  |  |  |  |  |ft|  |$ |  |
  +--+--+--+--+--+--+--+--+--+--+--+--+--+--+--+
 4|  |  |  |$ |  |  |$ |  |~~|~~|~~|~~|  |$ |  |
  +--+--+--+--+--+--+--+--+--+--+--+--+--+--+--+
 5|  |  |FT|  |MG|  |\/|  |  |kn|  |  |  |$ |  |
  +--+--+--+--+--+--+--+--+--+--+--+--+--+--+--+
 6|  |  |  |  |/\|\/|\/|\/|ar|  |~~|~~|  |$ |  |
  +--+--+--+--+--+--+--+--+--+--+--+--+--+--+--+
 7|  |  |  |  |  |$ |\/|  |  |  |$ |$ |  |  |/\|
  +--+--+--+--+--+--+--+--+--+--+--+--+--+--+--+
 8|  |  |  |  |  |AR|  |$ |  |  |~~|~~|$ |$ |  |
  +--+--+--+--+--+--+--+--+--+--+--+--+--+--+--+
 9|/\|/\|$ |$ |~~|~~|$ |$ |~~|~~|  |  |  |  |~~|
  +--+--+--+--+--+--+--+--+--+--+--+--+--+--+--+
10|  |  |  |  |  |  |  |MG|  |  |  |  |  |  |  |
  +--+--+--+--+--+--+--+--+--+--+--+--+--+--+--+
11|  |  |  |  |  |  |  |  |/\|  |  |  |$ |  |  |
  +--+--+--+--+--+--+--+--+--+--+--+--+--+--+--+
12|  |/\|/\|/\|/\|  |  |  |  |/\|  |  |$ |  |$ |
  +--+--+--+--+--+--+--+--+--+--+--+--+--+--+--+
13|  |  |  |  |  |  |~~|  |  |  |/\|$ |  |  |  |
  +--+--+--+--+--+--+--+--+--+--+--+--+--+--+--+
14|  |  |  |  |  |~~|  |  |  |  |$ |/\|  |  |  |
  +--+--+--+--+--+--+--+--+--+--+--+--+--+--+--+
15|  |$ |  |  |~~|  |  |~~|  |$ |  |  |/\|  |  |
  +--+--+--+--+--+--+--+--+--+--+--+--+--+--+--+
16|  |$ |  |~~|$ |kn|~~|~~|$ |  |  |  |  |  |  |
  +--+--+--+--+--+--+--+--+--+--+--+--+--+--+--+
17|  |$ |  |  |  |  |  |  |  |  |  |  |  |  |ar|
  +--+--+--+--+--+--+--+--+--+--+--+--+--+--+--+
18|  |  |  |  |  |  |  |  |  |  |/\|  |~~|  |  |
  +--+--+--+--+--+--+--+--+--+--+--+--+--+--+--+


Turn 11 (Player A)
    0  1  2  3  4  5  6  7  8  9 10 11 12 13 14
  +--+--+--+--+--+--+--+--+--+--+--+--+--+--+--+
 0|  |mg|  |  |  |  |  |  |  |  |  |  |  |  |  |
  +--+--+--+--+--+--+--+--+--+--+--+--+--+--+--+
 1|$ |  |  |  |\/|  |  |  |  |  |  |  |~~|  |  |
  +--+--+--+--+--+--+--+--+--+--+--+--+--+--+--+
 2|  |$ |  |\/|\/|\/|  |  |/\|/\|  |/\|  |  |  |
  +--+--+--+--+--+--+--+--+--+--+--+--+--+--+--+
 3|  |  |/\|  |\/|kn|  |  |  |  |  |ft|  |$ |  |
  +--+--+--+--+--+--+--+--+--+--+--+--+--+--+--+
 4|  |  |  |$ |  |  |$ |  |~~|~~|~~|~~|  |$ |  |
  +--+--+--+--+--+--+--+--+--+--+--+--+--+--+--+
 5|  |  |FT|  |  |MG|~~|~~|~~|~~|  |  |  |$ |  |
  +--+--+--+--+--+--+--+--+--+--+--+--+--+--+--+
 6|  |  |  |  |/\|~~|~~|~~|~~|  |~~|~~|  |$ |  |
  +--+--+--+--+--+--+--+--+--+--+--+--+--+--+--+
 7|  |  |  |  |  |$ |~~|  |  |  |$ |$ |  |  |/\|
  +--+--+--+--+--+--+--+--+--+--+--+--+--+--+--+
 8|  |  |  |  |  |AR|  |$ |  |  |~~|~~|$ |$ |  |
  +--+--+--+--+--+--+--+--+--+--+--+--+--+--+--+
 9|/\|/\|$ |$ |~~|~~|$ |$ |~~|~~|  |  |  |  |~~|
  +--+--+--+--+--+--+--+--+--+--+--+--+--+--+--+
10|  |  |  |  |  |  |  |MG|  |  |  |  |  |  |  |
  +--+--+--+--+--+--+--+--+--+--+--+--+--+--+--+
11|  |  |  |  |  |  |  |  |/\|  |  |  |$ |  |  |
  +--+--+--+--+--+--+--+--+--+--+--+--+--+--+--+
12|  |/\|/\|/\|/\|  |  |  |  |/\|  |  |$ |  |$ |
  +--+--+--+--+--+--+--+--+--+--+--+--+--+--+--+
13|  |  |  |  |  |  |~~|  |  |  |/\|$ |  |  |  |
  +--+--+--+--+--+--+--+--+--+--+--+--+--+--+--+
14|  |  |  |  |  |~~|  |  |  |  |$ |/\|  |  |  |
  +--+--+--+--+--+--+--+--+--+--+--+--+--+--+--+
15|  |$ |  |  |~~|  |  |~~|  |$ |  |  |/\|  |  |
  +--+--+--+--+--+--+--+--+--+--+--+--+--+--+--+
16|  |$ |  |~~|$ |kn|~~|~~|$ |  |  |  |  |  |  |
  +--+--+--+--+--+--+--+--+--+--+--+--+--+--+--+
17|  |$ |  |  |  |  |  |  |  |  |  |  |  |  |ar|
  +--+--+--+--+--+--+--+--+--+--+--+--+--+--+--+
18|  |  |  |  |  |  |  |  |  |  |/\|  |~~|  |  |
  +--+--+--+--+--+--+--+--+--+--+--+--+--+--+--+


Turn 12 (Player B)
    0  1  2  3  4  5  6  7  8  9 10 11 12 13 14
  +--+--+--+--+--+--+--+--+--+--+--+--+--+--+--+
 0|  |  |  |  |  |  |  |  |  |  |  |  |  |  |  |
  +--+--+--+--+--+--+--+--+--+--+--+--+--+--+--+
 1|$ |  |  |  |\/|  |  |  |  |  |  |  |~~|  |  |
  +--+--+--+--+--+--+--+--+--+--+--+--+--+--+--+
 2|  |$ |mg|\/|\/|\/|  |  |/\|/\|  |/\|  |  |  |
  +--+--+--+--+--+--+--+--+--+--+--+--+--+--+--+
 3|  |  |/\|  |\/|kn|  |  |  |  |  |ft|  |$ |  |
  +--+--+--+--+--+--+--+--+--+--+--+--+--+--+--+
 4|  |  |\/|$ |  |  |$ |  |~~|~~|~~|~~|  |$ |  |
  +--+--+--+--+--+--+--+--+--+--+--+--+--+--+--+
 5|  |\/|\/|\/|  |MG|~~|~~|~~|~~|  |  |  |$ |  |
  +--+--+--+--+--+--+--+--+--+--+--+--+--+--+--+
 6|  |  |\/|  |/\|~~|~~|~~|~~|  |~~|~~|  |$ |  |
  +--+--+--+--+--+--+--+--+--+--+--+--+--+--+--+
 7|  |  |  |  |  |$ |~~|  |  |  |$ |$ |  |  |/\|
  +--+--+--+--+--+--+--+--+--+--+--+--+--+--+--+
 8|  |  |  |  |  |AR|  |$ |  |  |~~|~~|$ |$ |  |
  +--+--+--+--+--+--+--+--+--+--+--+--+--+--+--+
 9|/\|/\|$ |$ |~~|~~|$ |$ |~~|~~|  |  |  |  |~~|
  +--+--+--+--+--+--+--+--+--+--+--+--+--+--+--+
10|  |  |  |  |  |  |  |MG|  |  |  |  |  |  |  |
  +--+--+--+--+--+--+--+--+--+--+--+--+--+--+--+
11|  |  |  |  |  |  |  |  |/\|  |  |  |$ |  |  |
  +--+--+--+--+--+--+--+--+--+--+--+--+--+--+--+
12|  |/\|/\|/\|/\|  |  |  |  |/\|  |  |$ |  |$ |
  +--+--+--+--+--+--+--+--+--+--+--+--+--+--+--+
13|  |  |  |  |  |  |~~|  |  |  |/\|$ |  |  |  |
  +--+--+--+--+--+--+--+--+--+--+--+--+--+--+--+
14|  |  |  |  |  |~~|  |  |  |  |$ |/\|  |  |  |
  +--+--+--+--+--+--+--+--+--+--+--+--+--+--+--+
15|  |$ |  |  |~~|  |  |~~|  |$ |  |  |/\|  |  |
  +--+--+--+--+--+--+--+--+--+--+--+--+--+--+--+
16|  |$ |  |~~|$ |kn|~~|~~|$ |  |  |  |  |  |  |
  +--+--+--+--+--+--+--+--+--+--+--+--+--+--+--+
17|  |$ |  |  |  |  |  |  |  |  |  |  |  |  |ar|
  +--+--+--+--+--+--+--+--+--+--+--+--+--+--+--+
18|  |  |  |  |  |  |  |  |  |  |/\|  |~~|  |  |
  +--+--+--+--+--+--+--+--+--+--+--+--+--+--+--+


Turn 13 (Player A)
    0  1  2  3  4  5  6  7  8  9 10 11 12 13 14
  +--+--+--+--+--+--+--+--+--+--+--+--+--+--+--+
 0|  |  |  |  |  |  |  |  |  |  |  |  |  |  |  |
  +--+--+--+--+--+--+--+--+--+--+--+--+--+--+--+
 1|$ |  |  |  |\/|  |  |  |  |  |  |  |~~|  |  |
  +--+--+--+--+--+--+--+--+--+--+--+--+--+--+--+
 2|  |$ |mg|\/|\/|\/|  |  |/\|/\|  |/\|  |  |  |
  +--+--+--+--+--+--+--+--+--+--+--+--+--+--+--+
 3|  |  |/\|  |\/|  |  |  |  |  |  |ft|  |$ |  |
  +--+--+--+--+--+--+--+--+--+--+--+--+--+--+--+
 4|  |  |\/|$ |  |  |$ |  |~~|~~|~~|~~|  |$ |  |
  +--+--+--+--+--+--+--+--+--+--+--+--+--+--+--+
 5|  |\/|\/|\/|  |MG|~~|~~|~~|~~|  |  |  |$ |  |
  +--+--+--+--+--+--+--+--+--+--+--+--+--+--+--+
 6|  |  |\/|  |/\|~~|~~|~~|~~|  |~~|~~|  |$ |  |
  +--+--+--+--+--+--+--+--+--+--+--+--+--+--+--+
 7|  |  |  |  |  |$ |~~|  |  |  |$ |$ |  |  |/\|
  +--+--+--+--+--+--+--+--+--+--+--+--+--+--+--+
 8|  |  |  |  |  |AR|  |$ |  |  |~~|~~|$ |$ |  |
  +--+--+--+--+--+--+--+--+--+--+--+--+--+--+--+
 9|/\|/\|$ |$ |~~|~~|$ |$ |~~|~~|  |  |  |  |~~|
  +--+--+--+--+--+--+--+--+--+--+--+--+--+--+--+
10|  |  |  |  |  |  |  |MG|  |  |  |  |  |  |  |
  +--+--+--+--+--+--+--+--+--+--+--+--+--+--+--+
11|  |  |  |  |  |  |  |  |/\|  |  |  |$ |  |  |
  +--+--+--+--+--+--+--+--+--+--+--+--+--+--+--+
12|  |/\|/\|/\|/\|  |  |  |  |/\|  |  |$ |  |$ |
  +--+--+--+--+--+--+--+--+--+--+--+--+--+--+--+
13|  |  |  |  |  |  |~~|  |  |  |/\|$ |  |  |  |
  +--+--+--+--+--+--+--+--+--+--+--+--+--+--+--+
14|  |  |  |  |  |~~|  |  |  |  |$ |/\|  |  |  |
  +--+--+--+--+--+--+--+--+--+--+--+--+--+--+--+
15|  |$ |  |  |~~|  |  |~~|  |$ |  |  |/\|  |  |
  +--+--+--+--+--+--+--+--+--+--+--+--+--+--+--+
16|  |$ |  |~~|$ |kn|~~|~~|$ |  |  |  |  |  |  |
  +--+--+--+--+--+--+--+--+--+--+--+--+--+--+--+
17|  |$ |  |  |  |  |  |  |  |  |  |  |  |  |ar|
  +--+--+--+--+--+--+--+--+--+--+--+--+--+--+--+
18|  |  |  |  |  |  |  |  |  |  |/\|  |~~|  |  |
  +--+--+--+--+--+--+--+--+--+--+--+--+--+--+--+


Turn 14 (Player B)
    0  1  2  3  4  5  6  7  8  9 10 11 12 13 14
  +--+--+--+--+--+--+--+--+--+--+--+--+--+--+--+
 0|  |  |  |  |  |  |  |  |  |  |  |  |  |  |  |
  +--+--+--+--+--+--+--+--+--+--+--+--+--+--+--+
 1|$ |  |  |  |\/|  |  |  |  |  |  |  |~~|  |  |
  +--+--+--+--+--+--+--+--+--+--+--+--+--+--+--+
 2|  |$ |mg|\/|\/|\/|  |  |/\|/\|  |/\|  |  |  |
  +--+--+--+--+--+--+--+--+--+--+--+--+--+--+--+
 3|  |  |/\|  |\/|  |  |  |  |  |  |ft|  |$ |  |
  +--+--+--+--+--+--+--+--+--+--+--+--+--+--+--+
 4|  |  |\/|$ |  |  |$ |  |~~|~~|~~|~~|  |$ |  |
  +--+--+--+--+--+--+--+--+--+--+--+--+--+--+--+
 5|  |\/|\/|\/|  |MG|~~|~~|~~|~~|  |  |  |$ |  |
  +--+--+--+--+--+--+--+--+--+--+--+--+--+--+--+
 6|  |  |\/|  |/\|~~|~~|~~|~~|  |~~|~~|  |$ |  |
  +--+--+--+--+--+--+--+--+--+--+--+--+--+--+--+
 7|  |  |  |  |  |$ |~~|  |  |  |$ |$ |  |  |/\|
  +--+--+--+--+--+--+--+--+--+--+--+--+--+--+--+
 8|  |  |  |  |  |AR|  |$ |  |  |~~|~~|$ |$ |  |
  +--+--+--+--+--+--+--+--+--+--+--+--+--+--+--+
 9|/\|/\|$ |$ |~~|~~|$ |$ |~~|~~|  |  |  |  |~~|
  +--+--+--+--+--+--+--+--+--+--+--+--+--+--+--+
10|  |  |  |  |  |  |  |MG|  |  |  |  |  |  |  |
  +--+--+--+--+--+--+--+--+--+--+--+--+--+--+--+
11|  |  |  |  |  |  |  |  |/\|  |  |  |$ |  |  |
  +--+--+--+--+--+--+--+--+--+--+--+--+--+--+--+
12|  |/\|/\|/\|/\|  |  |  |  |/\|  |  |$ |  |$ |
  +--+--+--+--+--+--+--+--+--+--+--+--+--+--+--+
13|  |  |  |  |  |  |~~|kn|  |  |/\|$ |  |  |  |
  +--+--+--+--+--+--+--+--+--+--+--+--+--+--+--+
14|  |  |  |  |  |~~|  |  |  |  |$ |/\|  |  |  |
  +--+--+--+--+--+--+--+--+--+--+--+--+--+--+--+
15|  |$ |  |  |~~|  |  |~~|  |$ |  |  |/\|  |  |
  +--+--+--+--+--+--+--+--+--+--+--+--+--+--+--+
16|  |$ |  |~~|$ |  |~~|~~|$ |  |  |  |  |  |  |
  +--+--+--+--+--+--+--+--+--+--+--+--+--+--+--+
17|  |$ |  |  |  |  |  |  |  |  |  |  |  |  |ar|
  +--+--+--+--+--+--+--+--+--+--+--+--+--+--+--+
18|  |  |  |  |  |  |  |  |  |  |/\|  |~~|  |  |
  +--+--+--+--+--+--+--+--+--+--+--+--+--+--+--+


Turn 15 (Player A)
    0  1  2  3  4  5  6  7  8  9 10 11 12 13 14
  +--+--+--+--+--+--+--+--+--+--+--+--+--+--+--+
 0|  |  |  |  |  |  |  |  |  |  |  |  |  |  |  |
  +--+--+--+--+--+--+--+--+--+--+--+--+--+--+--+
 1|$ |  |  |  |\/|  |  |  |  |  |  |  |~~|  |  |
  +--+--+--+--+--+--+--+--+--+--+--+--+--+--+--+
 2|  |$ |mg|\/|\/|\/|  |  |/\|/\|  |/\|  |  |  |
  +--+--+--+--+--+--+--+--+--+--+--+--+--+--+--+
 3|  |  |/\|  |\/|  |  |  |  |  |  |ft|  |$ |  |
  +--+--+--+--+--+--+--+--+--+--+--+--+--+--+--+
 4|  |  |\/|$ |  |  |$ |  |~~|~~|~~|~~|  |$ |  |
  +--+--+--+--+--+--+--+--+--+--+--+--+--+--+--+
 5|  |\/|\/|\/|  |MG|~~|~~|~~|~~|  |  |  |$ |  |
  +--+--+--+--+--+--+--+--+--+--+--+--+--+--+--+
 6|  |  |\/|  |/\|~~|~~|~~|~~|  |~~|~~|  |$ |  |
  +--+--+--+--+--+--+--+--+--+--+--+--+--+--+--+
 7|  |  |  |  |  |$ |~~|  |  |  |$ |$ |  |  |/\|
  +--+--+--+--+--+--+--+--+--+--+--+--+--+--+--+
 8|  |  |  |  |  |AR|  |$ |  |  |~~|~~|$ |$ |  |
  +--+--+--+--+--+--+--+--+--+--+--+--+--+--+--+
 9|/\|/\|$ |$ |~~|~~|$ |$ |~~|~~|  |  |  |  |~~|
  +--+--+--+--+--+--+--+--+--+--+--+--+--+--+--+
10|  |  |  |  |  |  |  |MG|  |  |  |  |  |  |  |
  +--+--+--+--+--+--+--+--+--+--+--+--+--+--+--+
11|  |  |  |  |  |  |  |  |/\|  |  |  |$ |  |  |
  +--+--+--+--+--+--+--+--+--+--+--+--+--+--+--+
12|  |/\|/\|/\|/\|  |  |  |  |/\|  |  |$ |  |$ |
  +--+--+--+--+--+--+--+--+--+--+--+--+--+--+--+
13|  |  |  |  |  |  |~~|  |  |  |/\|$ |  |  |  |
  +--+--+--+--+--+--+--+--+--+--+--+--+--+--+--+
14|  |  |  |  |  |~~|  |  |  |  |$ |/\|  |  |  |
  +--+--+--+--+--+--+--+--+--+--+--+--+--+--+--+
15|  |$ |  |  |~~|  |  |~~|  |$ |  |  |/\|  |  |
  +--+--+--+--+--+--+--+--+--+--+--+--+--+--+--+
16|  |$ |  |~~|$ |  |~~|~~|$ |  |  |  |  |  |  |
  +--+--+--+--+--+--+--+--+--+--+--+--+--+--+--+
17|  |$ |  |  |  |  |  |  |  |  |  |  |  |  |ar|
  +--+--+--+--+--+--+--+--+--+--+--+--+--+--+--+
18|  |  |  |  |  |  |  |  |  |  |/\|  |~~|  |  |
  +--+--+--+--+--+--+--+--+--+--+--+--+--+--+--+


Turn 16 (Player B)
    0  1  2  3  4  5  6  7  8  9 10 11 12 13 14
  +--+--+--+--+--+--+--+--+--+--+--+--+--+--+--+
 0|  |  |  |  |  |  |  |  |  |  |  |  |  |  |  |
  +--+--+--+--+--+--+--+--+--+--+--+--+--+--+--+
 1|$ |  |  |  |\/|  |  |  |  |  |  |  |~~|  |  |
  +--+--+--+--+--+--+--+--+--+--+--+--+--+--+--+
 2|  |$ |mg|\/|\/|\/|  |  |/\|/\|  |/\|  |  |  |
  +--+--+--+--+--+--+--+--+--+--+--+--+--+--+--+
 3|  |  |/\|  |\/|  |  |  |  |  |  |ft|  |$ |  |
  +--+--+--+--+--+--+--+--+--+--+--+--+--+--+--+
 4|  |  |\/|$ |  |  |$ |  |~~|~~|~~|~~|  |$ |  |
  +--+--+--+--+--+--+--+--+--+--+--+--+--+--+--+
 5|  |\/|\/|\/|  |MG|~~|~~|~~|~~|  |  |  |$ |  |
  +--+--+--+--+--+--+--+--+--+--+--+--+--+--+--+
 6|  |  |\/|  |/\|~~|~~|~~|~~|  |~~|~~|  |$ |  |
  +--+--+--+--+--+--+--+--+--+--+--+--+--+--+--+
 7|  |  |  |  |  |$ |~~|  |  |  |$ |$ |  |  |/\|
  +--+--+--+--+--+--+--+--+--+--+--+--+--+--+--+
 8|  |  |  |  |  |AR|  |$ |  |  |~~|~~|$ |$ |  |
  +--+--+--+--+--+--+--+--+--+--+--+--+--+--+--+
 9|/\|/\|$ |$ |~~|~~|$ |$ |~~|~~|  |  |  |  |~~|
  +--+--+--+--+--+--+--+--+--+--+--+--+--+--+--+
10|  |  |  |  |  |  |  |MG|  |  |  |  |  |  |  |
  +--+--+--+--+--+--+--+--+--+--+--+--+--+--+--+
11|  |  |  |  |  |  |  |  |/\|  |  |  |$ |  |  |
  +--+--+--+--+--+--+--+--+--+--+--+--+--+--+--+
12|  |/\|/\|/\|/\|  |  |  |  |/\|  |  |$ |  |$ |
  +--+--+--+--+--+--+--+--+--+--+--+--+--+--+--+
13|  |  |  |  |  |  |~~|  |  |  |/\|$ |  |  |  |
  +--+--+--+--+--+--+--+--+--+--+--+--+--+--+--+
14|  |  |  |  |  |~~|  |  |  |  |$ |/\|  |  |  |
  +--+--+--+--+--+--+--+--+--+--+--+--+--+--+--+
15|  |$ |  |  |~~|  |  |~~|  |$ |  |ar|/\|  |  |
  +--+--+--+--+--+--+--+--+--+--+--+--+--+--+--+
16|  |$ |  |~~|$ |  |~~|~~|$ |  |  |  |  |  |  |
  +--+--+--+--+--+--+--+--+--+--+--+--+--+--+--+
17|  |$ |  |  |  |  |  |  |  |  |  |  |  |  |  |
  +--+--+--+--+--+--+--+--+--+--+--+--+--+--+--+
18|  |  |  |  |  |  |  |  |  |  |/\|  |~~|  |  |
  +--+--+--+--+--+--+--+--+--+--+--+--+--+--+--+


Turn 17 (Player A)
    0  1  2  3  4  5  6  7  8  9 10 11 12 13 14
  +--+--+--+--+--+--+--+--+--+--+--+--+--+--+--+
 0|  |  |  |  |  |  |  |  |  |  |  |  |  |  |  |
  +--+--+--+--+--+--+--+--+--+--+--+--+--+--+--+
 1|$ |  |  |  |\/|  |  |  |  |  |  |  |~~|  |  |
  +--+--+--+--+--+--+--+--+--+--+--+--+--+--+--+
 2|  |$ |mg|\/|\/|\/|  |  |/\|/\|  |/\|  |  |  |
  +--+--+--+--+--+--+--+--+--+--+--+--+--+--+--+
 3|  |  |/\|  |\/|MG|  |  |  |  |  |  |  |$ |  |
  +--+--+--+--+--+--+--+--+--+--+--+--+--+--+--+
 4|  |  |\/|$ |  |  |$ |  |~~|~~|~~|~~|  |$ |  |
  +--+--+--+--+--+--+--+--+--+--+--+--+--+--+--+
 5|  |\/|\/|\/|  |  |~~|~~|~~|~~|  |  |  |$ |  |
  +--+--+--+--+--+--+--+--+--+--+--+--+--+--+--+
 6|  |  |\/|  |/\|~~|~~|~~|~~|  |~~|~~|  |$ |  |
  +--+--+--+--+--+--+--+--+--+--+--+--+--+--+--+
 7|  |  |  |  |  |$ |~~|  |  |  |$ |$ |  |  |/\|
  +--+--+--+--+--+--+--+--+--+--+--+--+--+--+--+
 8|  |  |  |  |  |AR|  |$ |  |  |~~|~~|$ |$ |  |
  +--+--+--+--+--+--+--+--+--+--+--+--+--+--+--+
 9|/\|/\|$ |$ |~~|~~|$ |$ |~~|~~|  |  |  |  |~~|
  +--+--+--+--+--+--+--+--+--+--+--+--+--+--+--+
10|  |  |  |  |  |  |  |MG|  |  |  |  |  |  |  |
  +--+--+--+--+--+--+--+--+--+--+--+--+--+--+--+
11|  |  |  |  |  |  |  |  |/\|  |  |  |$ |  |  |
  +--+--+--+--+--+--+--+--+--+--+--+--+--+--+--+
12|  |/\|/\|/\|/\|  |  |  |  |/\|  |  |$ |  |$ |
  +--+--+--+--+--+--+--+--+--+--+--+--+--+--+--+
13|  |  |  |  |  |  |~~|  |  |  |/\|$ |  |  |  |
  +--+--+--+--+--+--+--+--+--+--+--+--+--+--+--+
14|  |  |  |  |  |~~|  |  |  |  |$ |/\|  |  |  |
  +--+--+--+--+--+--+--+--+--+--+--+--+--+--+--+
15|  |$ |  |  |~~|  |  |~~|  |$ |  |ar|/\|  |  |
  +--+--+--+--+--+--+--+--+--+--+--+--+--+--+--+
16|  |$ |  |~~|$ |  |~~|~~|$ |  |  |  |  |  |  |
  +--+--+--+--+--+--+--+--+--+--+--+--+--+--+--+
17|  |$ |  |  |  |  |  |  |  |  |  |  |  |  |  |
  +--+--+--+--+--+--+--+--+--+--+--+--+--+--+--+
18|  |  |  |  |  |  |  |  |  |  |/\|  |~~|  |  |
  +--+--+--+--+--+--+--+--+--+--+--+--+--+--+--+


Turn 18 (Player B)
    0  1  2  3  4  5  6  7  8  9 10 11 12 13 14
  +--+--+--+--+--+--+--+--+--+--+--+--+--+--+--+
 0|  |  |  |  |  |  |  |  |  |  |  |  |  |  |  |
  +--+--+--+--+--+--+--+--+--+--+--+--+--+--+--+
 1|$ |  |  |  |\/|\/|  |  |  |  |  |  |~~|  |  |
  +--+--+--+--+--+--+--+--+--+--+--+--+--+--+--+
 2|  |$ |mg|\/|\/|\/|\/|  |/\|/\|  |/\|  |  |  |
  +--+--+--+--+--+--+--+--+--+--+--+--+--+--+--+
 3|  |  |/\|  |\/|\/|  |  |  |  |  |  |  |$ |  |
  +--+--+--+--+--+--+--+--+--+--+--+--+--+--+--+
 4|  |  |\/|$ |  |  |$ |  |~~|~~|~~|~~|  |$ |  |
  +--+--+--+--+--+--+--+--+--+--+--+--+--+--+--+
 5|  |\/|\/|\/|  |  |~~|~~|~~|~~|  |  |  |$ |  |
  +--+--+--+--+--+--+--+--+--+--+--+--+--+--+--+
 6|  |  |\/|  |/\|~~|~~|~~|~~|  |~~|~~|  |$ |  |
  +--+--+--+--+--+--+--+--+--+--+--+--+--+--+--+
 7|  |  |  |  |  |$ |~~|  |  |  |$ |$ |  |  |/\|
  +--+--+--+--+--+--+--+--+--+--+--+--+--+--+--+
 8|  |  |  |  |  |AR|  |$ |  |  |~~|~~|$ |$ |  |
  +--+--+--+--+--+--+--+--+--+--+--+--+--+--+--+
 9|/\|/\|$ |$ |~~|~~|$ |$ |~~|~~|  |  |  |  |~~|
  +--+--+--+--+--+--+--+--+--+--+--+--+--+--+--+
10|  |  |  |  |  |  |  |MG|  |  |  |  |  |  |  |
  +--+--+--+--+--+--+--+--+--+--+--+--+--+--+--+
11|  |  |  |  |  |  |  |  |/\|  |  |  |$ |  |  |
  +--+--+--+--+--+--+--+--+--+--+--+--+--+--+--+
12|  |/\|/\|/\|/\|  |  |  |  |/\|  |  |$ |  |$ |
  +--+--+--+--+--+--+--+--+--+--+--+--+--+--+--+
13|  |  |  |  |  |  |~~|  |  |  |/\|$ |  |  |  |
  +--+--+--+--+--+--+--+--+--+--+--+--+--+--+--+
14|  |  |  |  |  |~~|  |  |  |  |$ |/\|  |  |  |
  +--+--+--+--+--+--+--+--+--+--+--+--+--+--+--+
15|  |$ |  |  |~~|  |  |~~|  |$ |  |ar|/\|  |  |
  +--+--+--+--+--+--+--+--+--+--+--+--+--+--+--+
16|  |$ |  |~~|$ |  |~~|~~|$ |  |  |  |  |  |  |
  +--+--+--+--+--+--+--+--+--+--+--+--+--+--+--+
17|  |$ |  |  |  |  |  |  |  |  |  |  |  |  |  |
  +--+--+--+--+--+--+--+--+--+--+--+--+--+--+--+
18|  |  |  |  |  |  |  |  |  |  |/\|  |~~|  |  |
  +--+--+--+--+--+--+--+--+--+--+--+--+--+--+--+


Turn 19 (Player A)
    0  1  2  3  4  5  6  7  8  9 10 11 12 13 14
  +--+--+--+--+--+--+--+--+--+--+--+--+--+--+--+
 0|  |  |  |  |  |  |  |  |  |  |  |  |  |  |  |
  +--+--+--+--+--+--+--+--+--+--+--+--+--+--+--+
 1|$ |  |  |  |\/|\/|  |  |  |  |  |  |~~|  |  |
  +--+--+--+--+--+--+--+--+--+--+--+--+--+--+--+
 2|  |$ |mg|\/|\/|\/|\/|  |/\|/\|  |/\|  |  |  |
  +--+--+--+--+--+--+--+--+--+--+--+--+--+--+--+
 3|  |  |/\|  |\/|\/|  |  |  |  |  |  |  |$ |  |
  +--+--+--+--+--+--+--+--+--+--+--+--+--+--+--+
 4|  |  |\/|$ |  |  |$ |  |~~|~~|~~|~~|  |$ |  |
  +--+--+--+--+--+--+--+--+--+--+--+--+--+--+--+
 5|  |\/|\/|\/|  |  |~~|~~|~~|~~|  |  |  |$ |  |
  +--+--+--+--+--+--+--+--+--+--+--+--+--+--+--+
 6|  |  |\/|  |/\|~~|~~|~~|~~|  |~~|~~|  |$ |  |
  +--+--+--+--+--+--+--+--+--+--+--+--+--+--+--+
 7|  |  |AR|  |  |$ |~~|  |  |  |$ |$ |  |  |/\|
  +--+--+--+--+--+--+--+--+--+--+--+--+--+--+--+
 8|  |  |  |  |  |  |  |$ |  |  |~~|~~|$ |$ |  |
  +--+--+--+--+--+--+--+--+--+--+--+--+--+--+--+
 9|/\|/\|$ |$ |~~|~~|$ |$ |~~|~~|  |  |  |  |~~|
  +--+--+--+--+--+--+--+--+--+--+--+--+--+--+--+
10|  |  |  |  |  |  |  |MG|  |  |  |  |  |  |  |
  +--+--+--+--+--+--+--+--+--+--+--+--+--+--+--+
11|  |  |  |  |  |  |  |  |/\|  |  |  |$ |  |  |
  +--+--+--+--+--+--+--+--+--+--+--+--+--+--+--+
12|  |/\|/\|/\|/\|  |  |  |  |/\|  |  |$ |  |$ |
  +--+--+--+--+--+--+--+--+--+--+--+--+--+--+--+
13|  |  |  |  |  |  |~~|  |  |  |/\|$ |  |  |  |
  +--+--+--+--+--+--+--+--+--+--+--+--+--+--+--+
14|  |  |  |  |  |~~|  |  |  |  |$ |/\|  |  |  |
  +--+--+--+--+--+--+--+--+--+--+--+--+--+--+--+
15|  |$ |  |  |~~|  |  |~~|  |$ |  |ar|/\|  |  |
  +--+--+--+--+--+--+--+--+--+--+--+--+--+--+--+
16|  |$ |  |~~|$ |  |~~|~~|$ |  |  |  |  |  |  |
  +--+--+--+--+--+--+--+--+--+--+--+--+--+--+--+
17|  |$ |  |  |  |  |  |  |  |  |  |  |  |  |  |
  +--+--+--+--+--+--+--+--+--+--+--+--+--+--+--+
18|  |  |  |  |  |  |  |  |  |  |/\|  |~~|  |  |
  +--+--+--+--+--+--+--+--+--+--+--+--+--+--+--+


Turn 20 (Player B)
    0  1  2  3  4  5  6  7  8  9 10 11 12 13 14
  +--+--+--+--+--+--+--+--+--+--+--+--+--+--+--+
 0|  |  |  |  |  |  |  |  |  |  |  |  |  |  |  |
  +--+--+--+--+--+--+--+--+--+--+--+--+--+--+--+
 1|$ |  |  |  |\/|\/|  |  |  |  |  |  |~~|  |  |
  +--+--+--+--+--+--+--+--+--+--+--+--+--+--+--+
 2|  |$ |mg|\/|\/|\/|\/|  |/\|/\|  |/\|  |  |  |
  +--+--+--+--+--+--+--+--+--+--+--+--+--+--+--+
 3|  |  |/\|  |\/|\/|  |  |  |  |  |  |  |$ |  |
  +--+--+--+--+--+--+--+--+--+--+--+--+--+--+--+
 4|  |  |\/|$ |  |  |$ |  |~~|~~|~~|~~|  |$ |  |
  +--+--+--+--+--+--+--+--+--+--+--+--+--+--+--+
 5|  |\/|\/|\/|  |  |~~|~~|~~|~~|  |  |  |$ |  |
  +--+--+--+--+--+--+--+--+--+--+--+--+--+--+--+
 6|  |  |\/|  |/\|~~|~~|~~|~~|  |~~|~~|  |$ |  |
  +--+--+--+--+--+--+--+--+--+--+--+--+--+--+--+
 7|  |  |AR|  |  |$ |~~|  |  |  |$ |$ |  |  |/\|
  +--+--+--+--+--+--+--+--+--+--+--+--+--+--+--+
 8|  |  |  |  |  |  |  |$ |  |  |~~|~~|$ |$ |  |
  +--+--+--+--+--+--+--+--+--+--+--+--+--+--+--+
 9|/\|/\|$ |$ |~~|~~|$ |$ |~~|~~|  |  |  |  |~~|
  +--+--+--+--+--+--+--+--+--+--+--+--+--+--+--+
10|  |  |  |  |  |  |  |MG|  |  |  |  |  |  |  |
  +--+--+--+--+--+--+--+--+--+--+--+--+--+--+--+
11|  |  |  |  |  |  |  |  |/\|  |  |  |$ |  |  |
  +--+--+--+--+--+--+--+--+--+--+--+--+--+--+--+
12|  |/\|/\|/\|/\|  |  |  |  |/\|  |  |$ |  |$ |
  +--+--+--+--+--+--+--+--+--+--+--+--+--+--+--+
13|  |  |  |  |  |  |~~|  |  |  |/\|ar|  |  |  |
  +--+--+--+--+--+--+--+--+--+--+--+--+--+--+--+
14|  |  |  |  |  |~~|  |  |  |  |$ |/\|  |  |  |
  +--+--+--+--+--+--+--+--+--+--+--+--+--+--+--+
15|  |$ |  |  |~~|  |  |~~|  |$ |  |  |/\|  |  |
  +--+--+--+--+--+--+--+--+--+--+--+--+--+--+--+
16|  |$ |  |~~|$ |  |~~|~~|$ |  |  |  |  |  |  |
  +--+--+--+--+--+--+--+--+--+--+--+--+--+--+--+
17|  |$ |  |  |  |  |  |  |  |  |  |  |  |  |  |
  +--+--+--+--+--+--+--+--+--+--+--+--+--+--+--+
18|  |  |  |  |  |  |  |  |  |  |/\|  |~~|  |  |
  +--+--+--+--+--+--+--+--+--+--+--+--+--+--+--+


Turn 21 (Player A)
    0  1  2  3  4  5  6  7  8  9 10 11 12 13 14
  +--+--+--+--+--+--+--+--+--+--+--+--+--+--+--+
 0|  |  |  |  |  |  |  |  |  |  |  |  |  |  |  |
  +--+--+--+--+--+--+--+--+--+--+--+--+--+--+--+
 1|$ |  |  |  |\/|\/|  |  |  |  |  |  |~~|  |  |
  +--+--+--+--+--+--+--+--+--+--+--+--+--+--+--+
 2|  |$ |mg|\/|\/|\/|\/|  |/\|/\|  |/\|  |  |  |
  +--+--+--+--+--+--+--+--+--+--+--+--+--+--+--+
 3|  |  |/\|  |\/|\/|  |  |  |  |  |  |  |$ |  |
  +--+--+--+--+--+--+--+--+--+--+--+--+--+--+--+
 4|  |  |\/|$ |  |  |$ |  |~~|~~|~~|~~|  |$ |  |
  +--+--+--+--+--+--+--+--+--+--+--+--+--+--+--+
 5|  |\/|\/|\/|  |  |~~|~~|~~|~~|  |  |  |$ |  |
  +--+--+--+--+--+--+--+--+--+--+--+--+--+--+--+
 6|  |  |\/|  |/\|~~|~~|~~|~~|  |~~|~~|  |$ |  |
  +--+--+--+--+--+--+--+--+--+--+--+--+--+--+--+
 7|  |  |AR|  |  |$ |~~|  |  |  |$ |$ |  |  |/\|
  +--+--+--+--+--+--+--+--+--+--+--+--+--+--+--+
 8|  |  |  |  |  |  |  |$ |  |  |~~|~~|$ |$ |  |
  +--+--+--+--+--+--+--+--+--+--+--+--+--+--+--+
 9|/\|/\|$ |$ |~~|~~|$ |$ |~~|~~|  |  |  |  |~~|
  +--+--+--+--+--+--+--+--+--+--+--+--+--+--+--+
10|  |  |  |  |  |  |  |  |  |  |  |  |  |  |  |
  +--+--+--+--+--+--+--+--+--+--+--+--+--+--+--+
11|  |  |  |  |  |  |  |  |/\|  |  |  |  |  |  |
  +--+--+--+--+--+--+--+--+--+--+--+--+--+--+--+
12|  |/\|/\|/\|/\|  |  |  |MG|/\|  |  |  |  |$ |
  +--+--+--+--+--+--+--+--+--+--+--+--+--+--+--+
13|  |  |  |  |  |  |~~|  |  |  |/\|  |  |  |  |
  +--+--+--+--+--+--+--+--+--+--+--+--+--+--+--+
14|  |  |  |  |  |~~|  |  |  |  |  |/\|  |  |  |
  +--+--+--+--+--+--+--+--+--+--+--+--+--+--+--+
15|  |$ |  |  |~~|  |  |~~|  |  |  |  |/\|  |  |
  +--+--+--+--+--+--+--+--+--+--+--+--+--+--+--+
16|  |$ |  |~~|$ |  |~~|~~|  |  |  |  |  |  |  |
  +--+--+--+--+--+--+--+--+--+--+--+--+--+--+--+
17|  |$ |  |  |  |  |  |  |  |  |  |  |  |  |  |
  +--+--+--+--+--+--+--+--+--+--+--+--+--+--+--+
18|  |  |  |  |  |  |  |  |  |  |/\|  |~~|  |  |
  +--+--+--+--+--+--+--+--+--+--+--+--+--+--+--+


Turn 22 (Player B)
    0  1  2  3  4  5  6  7  8  9 10 11 12 13 14
  +--+--+--+--+--+--+--+--+--+--+--+--+--+--+--+
 0|  |  |  |  |  |  |  |  |  |  |  |  |  |  |  |
  +--+--+--+--+--+--+--+--+--+--+--+--+--+--+--+
 1|$ |  |  |  |\/|\/|  |  |  |  |  |  |~~|  |  |
  +--+--+--+--+--+--+--+--+--+--+--+--+--+--+--+
 2|  |$ |  |\/|\/|\/|\/|  |/\|/\|  |/\|  |  |  |
  +--+--+--+--+--+--+--+--+--+--+--+--+--+--+--+
 3|  |  |/\|  |\/|\/|  |  |  |  |  |  |  |$ |  |
  +--+--+--+--+--+--+--+--+--+--+--+--+--+--+--+
 4|mg|  |\/|$ |  |  |$ |  |~~|~~|~~|~~|  |$ |  |
  +--+--+--+--+--+--+--+--+--+--+--+--+--+--+--+
 5|  |\/|\/|\/|  |  |~~|~~|~~|~~|  |  |  |$ |  |
  +--+--+--+--+--+--+--+--+--+--+--+--+--+--+--+
 6|  |  |\/|  |/\|~~|~~|~~|~~|  |~~|~~|  |$ |  |
  +--+--+--+--+--+--+--+--+--+--+--+--+--+--+--+
 7|  |  |AR|  |  |$ |~~|  |  |  |$ |$ |  |  |/\|
  +--+--+--+--+--+--+--+--+--+--+--+--+--+--+--+
 8|  |  |  |  |  |  |  |$ |  |  |~~|~~|$ |$ |  |
  +--+--+--+--+--+--+--+--+--+--+--+--+--+--+--+
 9|/\|/\|$ |$ |~~|~~|$ |$ |~~|~~|  |  |  |  |~~|
  +--+--+--+--+--+--+--+--+--+--+--+--+--+--+--+
10|  |  |  |  |  |  |  |  |  |  |  |  |  |  |  |
  +--+--+--+--+--+--+--+--+--+--+--+--+--+--+--+
11|  |  |  |  |  |  |  |  |/\|  |  |  |  |  |  |
  +--+--+--+--+--+--+--+--+--+--+--+--+--+--+--+
12|  |/\|/\|/\|/\|  |  |  |MG|/\|  |  |  |  |$ |
  +--+--+--+--+--+--+--+--+--+--+--+--+--+--+--+
13|  |  |  |  |  |  |~~|  |  |  |/\|  |  |  |  |
  +--+--+--+--+--+--+--+--+--+--+--+--+--+--+--+
14|  |  |  |  |  |~~|  |  |  |  |  |/\|  |  |  |
  +--+--+--+--+--+--+--+--+--+--+--+--+--+--+--+
15|  |$ |  |  |~~|  |  |~~|  |  |  |  |/\|  |  |
  +--+--+--+--+--+--+--+--+--+--+--+--+--+--+--+
16|  |$ |  |~~|$ |  |~~|~~|  |  |  |  |  |  |  |
  +--+--+--+--+--+--+--+--+--+--+--+--+--+--+--+
17|  |$ |  |  |  |  |  |  |  |  |  |  |  |  |  |
  +--+--+--+--+--+--+--+--+--+--+--+--+--+--+--+
18|  |  |  |  |  |  |  |  |  |  |/\|  |~~|  |  |
  +--+--+--+--+--+--+--+--+--+--+--+--+--+--+--+


Turn 23 (Player A)
    0  1  2  3  4  5  6  7  8  9 10 11 12 13 14
  +--+--+--+--+--+--+--+--+--+--+--+--+--+--+--+
 0|  |  |  |  |  |  |  |  |  |  |  |  |  |  |  |
  +--+--+--+--+--+--+--+--+--+--+--+--+--+--+--+
 1|$ |  |  |  |\/|\/|  |  |  |  |  |  |~~|  |  |
  +--+--+--+--+--+--+--+--+--+--+--+--+--+--+--+
 2|  |$ |  |\/|\/|\/|\/|  |/\|/\|  |/\|  |  |  |
  +--+--+--+--+--+--+--+--+--+--+--+--+--+--+--+
 3|  |  |/\|  |\/|\/|  |  |  |  |  |  |  |$ |  |
  +--+--+--+--+--+--+--+--+--+--+--+--+--+--+--+
 4|  |  |\/|$ |  |  |$ |  |~~|~~|~~|~~|  |$ |  |
  +--+--+--+--+--+--+--+--+--+--+--+--+--+--+--+
 5|  |\/|\/|\/|  |  |~~|~~|~~|~~|  |  |  |$ |  |
  +--+--+--+--+--+--+--+--+--+--+--+--+--+--+--+
 6|AR|  |\/|  |/\|~~|~~|~~|~~|  |~~|~~|  |$ |  |
  +--+--+--+--+--+--+--+--+--+--+--+--+--+--+--+
 7|  |  |  |  |  |$ |~~|  |  |  |$ |$ |  |  |/\|
  +--+--+--+--+--+--+--+--+--+--+--+--+--+--+--+
 8|  |  |  |  |  |  |  |$ |  |  |~~|~~|$ |$ |  |
  +--+--+--+--+--+--+--+--+--+--+--+--+--+--+--+
 9|/\|/\|$ |$ |~~|~~|$ |$ |~~|~~|  |  |  |  |~~|
  +--+--+--+--+--+--+--+--+--+--+--+--+--+--+--+
10|  |  |  |  |  |  |  |  |  |  |  |  |  |  |  |
  +--+--+--+--+--+--+--+--+--+--+--+--+--+--+--+
11|  |  |  |  |  |  |  |  |/\|  |  |  |  |  |  |
  +--+--+--+--+--+--+--+--+--+--+--+--+--+--+--+
12|  |/\|/\|/\|/\|  |  |  |MG|/\|  |  |  |  |$ |
  +--+--+--+--+--+--+--+--+--+--+--+--+--+--+--+
13|  |  |  |  |  |  |~~|  |  |  |/\|  |  |  |  |
  +--+--+--+--+--+--+--+--+--+--+--+--+--+--+--+
14|  |  |  |  |  |~~|  |  |  |  |  |/\|  |  |  |
  +--+--+--+--+--+--+--+--+--+--+--+--+--+--+--+
15|  |$ |  |  |~~|  |  |~~|  |  |  |  |/\|  |  |
  +--+--+--+--+--+--+--+--+--+--+--+--+--+--+--+
16|  |$ |  |~~|$ |  |~~|~~|  |  |  |  |  |  |  |
  +--+--+--+--+--+--+--+--+--+--+--+--+--+--+--+
17|  |$ |  |  |  |  |  |  |  |  |  |  |  |  |  |
  +--+--+--+--+--+--+--+--+--+--+--+--+--+--+--+
18|  |  |  |  |  |  |  |  |  |  |/\|  |~~|  |  |
  +--+--+--+--+--+--+--+--+--+--+--+--+--+--+--+


Winner is Player A!
