    0  1  2  3  4  5  6  7  8
  +--+--+--+--+--+--+--+--+--+
 0|  |  |  |  |  |  |  |  |  |
  +--+--+--+--+--+--+--+--+--+
 1|  |  |$ |$ |$ |  |  |  |  |
  +--+--+--+--+--+--+--+--+--+
 2|  |  |MG|~~|  |  |  |  |  |
  +--+--+--+--+--+--+--+--+--+
 3|  |  |  |~~|FT|  |  |  |  |
  +--+--+--+--+--+--+--+--+--+
 4|  |  |/\|/\|~~|~~|  |  |  |
  +--+--+--+--+--+--+--+--+--+
 5|  |/\|ft|  |ar|  |~~|  |  |
  +--+--+--+--+--+--+--+--+--+
 6|  |  |/\|  |  |  |  |  |  |
  +--+--+--+--+--+--+--+--+--+
 7|  |  |  |  |  |  |  |  |  |
  +--+--+--+--+--+--+--+--+--+
 8|  |  |  |  |  |  |  |  |  |
  +--+--+--+--+--+--+--+--+--+


Turn 1 (Player A)
    0  1  2  3  4  5  6  7  8
  +--+--+--+--+--+--+--+--+--+
 0|  |  |  |  |  |  |  |  |  |
  +--+--+--+--+--+--+--+--+--+
 1|  |  |$ |$ |$ |  |  |  |  |
  +--+--+--+--+--+--+--+--+--+
 2|  |  |MG|~~|  |  |  |  |  |
  +--+--+--+--+--+--+--+--+--+
 3|  |  |  |~~|  |  |  |  |  |
  +--+--+--+--+--+--+--+--+--+
 4|  |  |/\|/\|~~|~~|FT|  |  |
  +--+--+--+--+--+--+--+--+--+
 5|  |/\|ft|  |ar|  |~~|  |  |
  +--+--+--+--+--+--+--+--+--+
 6|  |  |/\|  |  |  |  |  |  |
  +--+--+--+--+--+--+--+--+--+
 7|  |  |  |  |  |  |  |  |  |
  +--+--+--+--+--+--+--+--+--+
 8|  |  |  |  |  |  |  |  |  |
  +--+--+--+--+--+--+--+--+--+


Turn 2 (Player B)
    0  1  2  3  4  5  6  7  8
  +--+--+--+--+--+--+--+--+--+
 0|  |  |  |  |  |  |  |  |  |
  +--+--+--+--+--+--+--+--+--+
 1|  |  |$ |$ |$ |  |  |  |  |
  +--+--+--+--+--+--+--+--+--+
 2|  |  |MG|~~|  |  |  |  |  |
  +--+--+--+--+--+--+--+--+--+
 3|  |  |  |~~|  |  |  |  |  |
  +--+--+--+--+--+--+--+--+--+
 4|  |  |/\|/\|~~|~~|  |  |  |
  +--+--+--+--+--+--+--+--+--+
 5|  |/\|ft|  |  |  |~~|  |  |
  +--+--+--+--+--+--+--+--+--+
 6|  |  |/\|  |ar|  |  |  |  |
  +--+--+--+--+--+--+--+--+--+
 7|  |  |  |  |  |  |  |  |  |
  +--+--+--+--+--+--+--+--+--+
 8|  |  |  |  |  |  |  |  |  |
  +--+--+--+--+--+--+--+--+--+


Turn 3 (Player A)
    0  1  2  3  4  5  6  7  8
  +--+--+--+--+--+--+--+--+--+
 0|  |  |  |  |  |  |  |  |  |
  +--+--+--+--+--+--+--+--+--+
 1|  |  |$ |$ |$ |  |  |  |  |
  +--+--+--+--+--+--+--+--+--+
 2|  |  |MG|~~|  |  |  |  |  |
  +--+--+--+--+--+--+--+--+--+
 3|  |  |  |~~|  |  |  |  |  |
  +--+--+--+--+--+--+--+--+--+
 4|  |  |  |/\|~~|~~|  |  |  |
  +--+--+--+--+--+--+--+--+--+
 5|  |  |~~|~~|  |  |~~|  |  |
  +--+--+--+--+--+--+--+--+--+
 6|  |  |  |  |ar|  |  |  |  |
  +--+--+--+--+--+--+--+--+--+
 7|  |  |  |  |  |  |  |  |  |
  +--+--+--+--+--+--+--+--+--+
 8|  |  |  |  |  |  |  |  |  |
  +--+--+--+--+--+--+--+--+--+


Turn 4 (Player B)
    0  1  2  3  4  5  6  7  8
  +--+--+--+--+--+--+--+--+--+
 0|  |  |  |  |  |  |  |  |  |
  +--+--+--+--+--+--+--+--+--+
 1|  |  |$ |$ |$ |  |  |  |  |
  +--+--+--+--+--+--+--+--+--+
 2|  |  |MG|~~|  |  |  |  |  |
  +--+--+--+--+--+--+--+--+--+
 3|  |  |  |~~|  |  |  |  |  |
  +--+--+--+--+--+--+--+--+--+
 4|  |  |  |/\|~~|~~|  |  |  |
  +--+--+--+--+--+--+--+--+--+
 5|  |  |~~|~~|  |  |~~|  |  |
  +--+--+--+--+--+--+--+--+--+
 6|  |ar|  |  |  |  |  |  |  |
  +--+--+--+--+--+--+--+--+--+
 7|  |  |  |  |  |  |  |  |  |
  +--+--+--+--+--+--+--+--+--+
 8|  |  |  |  |  |  |  |  |  |
  +--+--+--+--+--+--+--+--+--+


Turn 5 (Player A)
    0  1  2  3  4  5  6  7  8
  +--+--+--+--+--+--+--+--+--+
 0|  |  |  |  |  |  |  |  |  |
  +--+--+--+--+--+--+--+--+--+
 1|  |  |$ |$ |$ |  |  |  |  |
  +--+--+--+--+--+--+--+--+--+
 2|  |MG|  |~~|  |  |  |  |  |
  +--+--+--+--+--+--+--+--+--+
 3|  |  |  |~~|  |  |  |  |  |
  +--+--+--+--+--+--+--+--+--+
 4|  |  |  |/\|~~|~~|  |  |  |
  +--+--+--+--+--+--+--+--+--+
 5|  |  |~~|~~|  |  |~~|  |  |
  +--+--+--+--+--+--+--+--+--+
 6|  |  |  |  |  |  |  |  |  |
  +--+--+--+--+--+--+--+--+--+
 7|  |  |  |  |  |  |  |  |  |
  +--+--+--+--+--+--+--+--+--+
 8|  |  |  |  |  |  |  |  |  |
  +--+--+--+--+--+--+--+--+--+


Winner is Player A!
