    0  1  2  3  4  5  6  7  8
  +--+--+--+--+--+--+--+--+--+
 0|  |  |  |  |KN|  |  |  |  |
  +--+--+--+--+--+--+--+--+--+
 1|  |AR|  |$ |$ |$ |  |AR|  |
  +--+--+--+--+--+--+--+--+--+
 2|  |/\|  |  |  |  |  |/\|  |
  +--+--+--+--+--+--+--+--+--+
 3|  |  |  |  |  |  |  |  |  |
  +--+--+--+--+--+--+--+--+--+
 4|~~|  |~~|~~|  |~~|~~|  |~~|
  +--+--+--+--+--+--+--+--+--+
 5|  |  |  |  |  |  |  |  |  |
  +--+--+--+--+--+--+--+--+--+
 6|  |/\|  |  |  |  |  |/\|  |
  +--+--+--+--+--+--+--+--+--+
 7|  |ar|  |$ |$ |$ |  |ar|  |
  +--+--+--+--+--+--+--+--+--+
 8|  |  |  |  |kn|  |  |  |  |
  +--+--+--+--+--+--+--+--+--+


Turn 1 (Player A)
    0  1  2  3  4  5  6  7  8
  +--+--+--+--+--+--+--+--+--+
 0|  |  |  |  |  |  |  |  |  |
  +--+--+--+--+--+--+--+--+--+
 1|  |AR|  |$ |$ |$ |  |AR|  |
  +--+--+--+--+--+--+--+--+--+
 2|  |/\|  |  |KN|  |  |/\|  |
  +--+--+--+--+--+--+--+--+--+
 3|  |  |  |  |  |  |  |  |  |
  +--+--+--+--+--+--+--+--+--+
 4|~~|  |~~|~~|  |~~|~~|  |~~|
  +--+--+--+--+--+--+--+--+--+
 5|  |  |  |  |  |  |  |  |  |
  +--+--+--+--+--+--+--+--+--+
 6|  |/\|  |  |  |  |  |/\|  |
  +--+--+--+--+--+--+--+--+--+
 7|  |ar|  |$ |$ |$ |  |ar|  |
  +--+--+--+--+--+--+--+--+--+
 8|  |  |  |  |kn|  |  |  |  |
  +--+--+--+--+--+--+--+--+--+


Turn 2 (Player B)
    0  1  2  3  4  5  6  7  8
  +--+--+--+--+--+--+--+--+--+
 0|  |  |  |  |  |  |  |  |  |
  +--+--+--+--+--+--+--+--+--+
 1|  |AR|  |$ |$ |$ |  |AR|  |
  +--+--+--+--+--+--+--+--+--+
 2|  |/\|  |  |KN|  |  |/\|  |
  +--+--+--+--+--+--+--+--+--+
 3|  |  |  |  |  |  |  |  |  |
  +--+--+--+--+--+--+--+--+--+
 4|~~|  |~~|~~|kn|~~|~~|  |~~|
  +--+--+--+--+--+--+--+--+--+
 5|  |  |  |  |  |  |  |  |  |
  +--+--+--+--+--+--+--+--+--+
 6|  |/\|  |  |  |  |  |/\|  |
  +--+--+--+--+--+--+--+--+--+
 7|  |ar|  |$ |$ |$ |  |ar|  |
  +--+--+--+--+--+--+--+--+--+
 8|  |  |  |  |  |  |  |  |  |
  +--+--+--+--+--+--+--+--+--+


Turn 3 (Player A)
