    0  1  2  3  4  5  6  7  8  9 10 11 12 13 14
  +--+--+--+--+--+--+--+--+--+--+--+--+--+--+--+
 0|~~|  |  |  |  |  |  |  |  |  |  |  |  |  |~~|
  +--+--+--+--+--+--+--+--+--+--+--+--+--+--+--+
 1|  |/\|  |  |  |  |  |  |  |  |  |  |  |/\|  |
  +--+--+--+--+--+--+--+--+--+--+--+--+--+--+--+
 2|  |  |KN|  |  |  |  |  |  |  |  |  |$ |  |  |
  +--+--+--+--+--+--+--+--+--+--+--+--+--+--+--+
 3|  |  |  |~~|  |  |  |  |  |  |  |~~|  |  |  |
  +--+--+--+--+--+--+--+--+--+--+--+--+--+--+--+
 4|  |  |  |  |/\|  |  |  |  |  |/\|  |  |  |  |
  +--+--+--+--+--+--+--+--+--+--+--+--+--+--+--+
 5|  |  |  |  |  |ft|  |  |  |$ |  |  |  |  |  |
  +--+--+--+--+--+--+--+--+--+--+--+--+--+--+--+
 6|  |  |  |  |  |  |~~|  |~~|  |  |  |  |  |  |
  +--+--+--+--+--+--+--+--+--+--+--+--+--+--+--+
 7|  |/\|  |  |  |  |  |/\|  |  |  |  |  |  |  |
  +--+--+--+--+--+--+--+--+--+--+--+--+--+--+--+
 8|  |  |  |  |  |  |$ |  |KN|  |  |  |  |  |  |
  +--+--+--+--+--+--+--+--+--+--+--+--+--+--+--+
 9|  |  |  |  |  |~~|  |  |  |~~|  |  |  |  |  |
  +--+--+--+--+--+--+--+--+--+--+--+--+--+--+--+
10|  |  |  |  |  |  |  |  |  |  |/\|  |  |  |  |
  +--+--+--+--+--+--+--+--+--+--+--+--+--+--+--+
11|  |  |  |  |  |  |  |  |  |  |  |ft|  |  |  |
  +--+--+--+--+--+--+--+--+--+--+--+--+--+--+--+
12|  |  |  |  |  |  |  |  |  |  |  |  |~~|  |  |
  +--+--+--+--+--+--+--+--+--+--+--+--+--+--+--+
13|  |  |  |  |  |  |  |  |  |  |  |  |  |/\|  |
  +--+--+--+--+--+--+--+--+--+--+--+--+--+--+--+
14|  |  |  |  |  |  |  |  |  |  |  |  |  |  |KN|
  +--+--+--+--+--+--+--+--+--+--+--+--+--+--+--+


Turn 1 (Player A)
    0  1  2  3  4  5  6  7  8  9 10 11 12 13 14
  +--+--+--+--+--+--+--+--+--+--+--+--+--+--+--+
 0|~~|  |  |  |  |  |  |  |  |  |  |  |  |  |~~|
  +--+--+--+--+--+--+--+--+--+--+--+--+--+--+--+
 1|  |/\|  |  |  |  |  |  |  |  |  |  |  |/\|  |
  +--+--+--+--+--+--+--+--+--+--+--+--+--+--+--+
 2|  |  |KN|  |  |  |  |  |  |  |  |  |$ |  |  |
  +--+--+--+--+--+--+--+--+--+--+--+--+--+--+--+
 3|  |  |  |~~|  |  |  |  |  |  |  |~~|  |  |  |
  +--+--+--+--+--+--+--+--+--+--+--+--+--+--+--+
 4|  |  |  |  |/\|  |  |  |  |  |/\|  |  |  |  |
  +--+--+--+--+--+--+--+--+--+--+--+--+--+--+--+
 5|  |  |  |  |  |ft|  |  |  |$ |  |  |  |  |  |
  +--+--+--+--+--+--+--+--+--+--+--+--+--+--+--+
 6|  |  |  |  |  |  |~~|  |~~|  |  |  |  |  |  |
  +--+--+--+--+--+--+--+--+--+--+--+--+--+--+--+
 7|  |/\|  |  |  |  |  |/\|  |  |  |  |  |  |  |
  +--+--+--+--+--+--+--+--+--+--+--+--+--+--+--+
 8|  |  |  |  |  |  |$ |  |KN|  |  |  |  |  |  |
  +--+--+--+--+--+--+--+--+--+--+--+--+--+--+--+
 9|  |  |  |  |  |~~|  |  |  |~~|  |  |  |  |KN|
  +--+--+--+--+--+--+--+--+--+--+--+--+--+--+--+
10|  |  |  |  |  |  |  |  |  |  |/\|  |  |  |  |
  +--+--+--+--+--+--+--+--+--+--+--+--+--+--+--+
11|  |  |  |  |  |  |  |  |  |  |  |ft|  |  |  |
  +--+--+--+--+--+--+--+--+--+--+--+--+--+--+--+
12|  |  |  |  |  |  |  |  |  |  |  |  |~~|  |  |
  +--+--+--+--+--+--+--+--+--+--+--+--+--+--+--+
13|  |  |  |  |  |  |  |  |  |  |  |  |  |/\|  |
  +--+--+--+--+--+--+--+--+--+--+--+--+--+--+--+
14|  |  |  |  |  |  |  |  |  |  |  |  |  |  |$ |
  +--+--+--+--+--+--+--+--+--+--+--+--+--+--+--+


Turn 2 (Player B)
    0  1  2  3  4  5  6  7  8  9 10 11 12 13 14
  +--+--+--+--+--+--+--+--+--+--+--+--+--+--+--+
 0|~~|  |  |  |  |  |  |  |  |  |  |  |  |  |~~|
  +--+--+--+--+--+--+--+--+--+--+--+--+--+--+--+
 1|  |/\|  |  |  |  |  |  |  |  |  |  |  |/\|  |
  +--+--+--+--+--+--+--+--+--+--+--+--+--+--+--+
 2|  |  |KN|  |  |  |  |  |  |  |  |  |$ |  |  |
  +--+--+--+--+--+--+--+--+--+--+--+--+--+--+--+
 3|  |  |  |~~|  |  |  |  |  |  |  |~~|  |  |  |
  +--+--+--+--+--+--+--+--+--+--+--+--+--+--+--+
 4|  |  |  |  |/\|  |  |  |  |  |/\|  |  |  |  |
  +--+--+--+--+--+--+--+--+--+--+--+--+--+--+--+
 5|  |  |  |  |  |ft|  |  |  |$ |  |  |  |  |  |
  +--+--+--+--+--+--+--+--+--+--+--+--+--+--+--+
 6|  |  |  |  |  |  |~~|  |~~|  |  |  |  |  |  |
  +--+--+--+--+--+--+--+--+--+--+--+--+--+--+--+
 7|  |/\|  |  |  |  |  |/\|  |  |  |  |  |  |  |
  +--+--+--+--+--+--+--+--+--+--+--+--+--+--+--+
 8|  |  |  |  |  |  |$ |  |KN|  |  |  |  |  |  |
  +--+--+--+--+--+--+--+--+--+--+--+--+--+--+--+
 9|  |  |  |  |  |~~|  |  |  |~~|  |  |  |  |KN|
  +--+--+--+--+--+--+--+--+--+--+--+--+--+--+--+
10|  |  |  |  |  |  |  |  |  |  |/\|  |  |  |  |
  +--+--+--+--+--+--+--+--+--+--+--+--+--+--+--+
11|  |  |  |  |  |  |  |  |  |  |  |ft|  |  |  |
  +--+--+--+--+--+--+--+--+--+--+--+--+--+--+--+
12|  |  |  |  |  |  |  |  |  |  |  |  |~~|  |  |
  +--+--+--+--+--+--+--+--+--+--+--+--+--+--+--+
13|  |  |  |  |  |  |  |  |  |  |  |  |  |/\|  |
  +--+--+--+--+--+--+--+--+--+--+--+--+--+--+--+
14|  |  |  |  |  |  |  |  |  |  |  |  |  |  |$ |
  +--+--+--+--+--+--+--+--+--+--+--+--+--+--+--+


Turn 3 (Player A)
    0  1  2  3  4  5  6  7  8  9 10 11 12 13 14
  +--+--+--+--+--+--+--+--+--+--+--+--+--+--+--+
 0|~~|  |  |  |  |  |  |  |  |  |  |  |  |  |~~|
  +--+--+--+--+--+--+--+--+--+--+--+--+--+--+--+
 1|  |/\|  |  |  |  |  |  |  |  |  |  |  |/\|  |
  +--+--+--+--+--+--+--+--+--+--+--+--+--+--+--+
 2|  |  |KN|  |  |  |  |  |  |  |  |  |$ |  |  |
  +--+--+--+--+--+--+--+--+--+--+--+--+--+--+--+
 3|  |  |  |~~|  |  |  |  |  |  |  |~~|  |  |  |
  +--+--+--+--+--+--+--+--+--+--+--+--+--+--+--+
 4|  |  |  |  |/\|  |  |  |  |  |/\|  |  |  |  |
  +--+--+--+--+--+--+--+--+--+--+--+--+--+--+--+
 5|  |  |  |  |  |ft|  |  |  |$ |  |  |  |  |  |
  +--+--+--+--+--+--+--+--+--+--+--+--+--+--+--+
 6|  |  |  |  |  |  |~~|  |~~|  |  |  |  |  |  |
  +--+--+--+--+--+--+--+--+--+--+--+--+--+--+--+
 7|  |/\|  |  |  |  |  |/\|  |  |  |  |  |  |  |
  +--+--+--+--+--+--+--+--+--+--+--+--+--+--+--+
 8|  |  |  |  |  |  |$ |  |KN|  |  |  |  |  |  |
  +--+--+--+--+--+--+--+--+--+--+--+--+--+--+--+
 9|  |  |  |  |  |~~|  |  |  |~~|  |  |  |  |KN|
  +--+--+--+--+--+--+--+--+--+--+--+--+--+--+--+
10|  |  |  |  |  |  |  |  |  |  |/\|  |  |  |  |
  +--+--+--+--+--+--+--+--+--+--+--+--+--+--+--+
11|  |  |  |  |  |  |  |  |  |  |  |ft|  |  |  |
  +--+--+--+--+--+--+--+--+--+--+--+--+--+--+--+
12|  |  |  |  |  |  |  |  |  |  |  |  |~~|  |  |
  +--+--+--+--+--+--+--+--+--+--+--+--+--+--+--+
13|  |  |  |  |  |  |  |  |  |  |  |  |  |/\|  |
  +--+--+--+--+--+--+--+--+--+--+--+--+--+--+--+
14|  |  |  |  |  |  |  |  |  |  |  |  |  |  |$ |
  +--+--+--+--+--+--+--+--+--+--+--+--+--+--+--+


Turn 4 (Player B)
    0  1  2  3  4  5  6  7  8  9 10 11 12 13 14
  +--+--+--+--+--+--+--+--+--+--+--+--+--+--+--+
 0|~~|  |  |  |  |  |  |  |  |  |  |  |  |  |~~|
  +--+--+--+--+--+--+--+--+--+--+--+--+--+--+--+
 1|  |/\|  |  |  |  |  |  |  |  |  |  |  |/\|  |
  +--+--+--+--+--+--+--+--+--+--+--+--+--+--+--+
 2|  |  |KN|  |  |  |  |  |  |  |  |  |$ |  |  |
  +--+--+--+--+--+--+--+--+--+--+--+--+--+--+--+
 3|  |  |  |~~|  |  |  |  |  |  |  |~~|  |  |  |
  +--+--+--+--+--+--+--+--+--+--+--+--+--+--+--+
 4|  |  |  |  |/\|  |  |  |  |  |/\|  |  |  |  |
  +--+--+--+--+--+--+--+--+--+--+--+--+--+--+--+
 5|  |  |  |  |  |ft|  |  |  |$ |  |  |  |  |  |
  +--+--+--+--+--+--+--+--+--+--+--+--+--+--+--+
 6|  |  |  |  |  |  |~~|  |~~|  |  |  |  |  |  |
  +--+--+--+--+--+--+--+--+--+--+--+--+--+--+--+
 7|  |/\|  |  |  |  |  |/\|  |  |  |  |  |  |ft|
  +--+--+--+--+--+--+--+--+--+--+--+--+--+--+--+
 8|  |  |  |  |  |  |$ |  |KN|  |  |  |  |  |  |
  +--+--+--+--+--+--+--+--+--+--+--+--+--+--+--+
 9|  |  |  |  |  |~~|  |  |  |~~|  |  |  |  |KN|
  +--+--+--+--+--+--+--+--+--+--+--+--+--+--+--+
10|  |  |  |  |  |  |  |  |  |  |/\|  |  |  |  |
  +--+--+--+--+--+--+--+--+--+--+--+--+--+--+--+
11|  |  |  |  |  |  |  |  |  |  |  |$ |  |  |  |
  +--+--+--+--+--+--+--+--+--+--+--+--+--+--+--+
12|  |  |  |  |  |  |  |  |  |  |  |  |~~|  |  |
  +--+--+--+--+--+--+--+--+--+--+--+--+--+--+--+
13|  |  |  |  |  |  |  |  |  |  |  |  |  |/\|  |
  +--+--+--+--+--+--+--+--+--+--+--+--+--+--+--+
14|  |  |  |  |  |  |  |  |  |  |  |  |  |  |$ |
  +--+--+--+--+--+--+--+--+--+--+--+--+--+--+--+


Turn 5 (Player A)
