    0  1  2  3  4  5  6  7  8  9 10 11 12 13 14 15 16 17 18 19
  +--+--+--+--+--+--+--+--+--+--+--+--+--+--+--+--+--+--+--+--+
 0|~~|KN|ft|  |  |  |  |  |  |  |  |  |  |  |  |  |  |  |  |  |
  +--+--+--+--+--+--+--+--+--+--+--+--+--+--+--+--+--+--+--+--+
 1|  |  |  |  |  |  |  |$ |FT|FT|  |  |  |  |  |  |  |  |  |  |
  +--+--+--+--+--+--+--+--+--+--+--+--+--+--+--+--+--+--+--+--+
 2|  |  |  |  |  |  |  |  |  |  |  |  |  |  |  |  |  |  |FT|/\|
  +--+--+--+--+--+--+--+--+--+--+--+--+--+--+--+--+--+--+--+--+
 3|  |  |  |  |  |  |  |  |  |  |  |  |  |  |  |  |  |$ |  |  |
  +--+--+--+--+--+--+--+--+--+--+--+--+--+--+--+--+--+--+--+--+
 4|  |  |  |  |  |  |  |$ |$ |$ |  |  |  |  |  |/\|  |  |  |  |
  +--+--+--+--+--+--+--+--+--+--+--+--+--+--+--+--+--+--+--+--+
 5|  |~~|~~|~~|$ |~~|  |  |  |  |  |  |  |  |  |  |  |  |  |  |
  +--+--+--+--+--+--+--+--+--+--+--+--+--+--+--+--+--+--+--+--+
 6|  |  |  |  |  |  |  |  |  |  |  |  |  |  |  |  |  |  |  |  |
  +--+--+--+--+--+--+--+--+--+--+--+--+--+--+--+--+--+--+--+--+
 7|  |  |  |  |  |  |  |FT|  |  |  |  |  |  |  |FT|  |  |  |  |
  +--+--+--+--+--+--+--+--+--+--+--+--+--+--+--+--+--+--+--+--+
 8|  |  |  |  |  |  |  |  |  |  |  |  |  |  |  |  |  |  |  |  |
  +--+--+--+--+--+--+--+--+--+--+--+--+--+--+--+--+--+--+--+--+
 9|  |  |  |  |  |  |  |  |  |  |  |  |  |  |  |  |  |  |  |  |
  +--+--+--+--+--+--+--+--+--+--+--+--+--+--+--+--+--+--+--+--+
10|  |  |  |  |  |  |  |  |  |  |FT|kn|  |  |  |  |  |  |  |  |
  +--+--+--+--+--+--+--+--+--+--+--+--+--+--+--+--+--+--+--+--+
11|  |  |  |  |  |  |  |  |  |  |  |  |  |  |  |  |  |  |  |  |
  +--+--+--+--+--+--+--+--+--+--+--+--+--+--+--+--+--+--+--+--+
12|  |  |  |  |  |  |  |  |  |  |  |  |  |  |  |  |  |  |  |  |
  +--+--+--+--+--+--+--+--+--+--+--+--+--+--+--+--+--+--+--+--+
13|  |  |  |  |  |  |  |  |  |  |  |  |ft|  |  |  |  |  |ft|  |
  +--+--+--+--+--+--+--+--+--+--+--+--+--+--+--+--+--+--+--+--+
14|  |  |  |  |  |  |  |  |  |  |  |  |  |  |  |  |  |  |  |  |
  +--+--+--+--+--+--+--+--+--+--+--+--+--+--+--+--+--+--+--+--+
15|  |  |  |  |  |  |  |  |  |  |  |  |  |  |  |  |  |  |  |  |
  +--+--+--+--+--+--+--+--+--+--+--+--+--+--+--+--+--+--+--+--+
16|  |  |  |  |  |  |  |  |  |  |  |  |  |  |  |kn|  |kn|kn|  |
  +--+--+--+--+--+--+--+--+--+--+--+--+--+--+--+--+--+--+--+--+
17|  |  |  |  |  |  |  |  |  |  |  |  |  |  |  |  |  |  |  |  |
  +--+--+--+--+--+--+--+--+--+--+--+--+--+--+--+--+--+--+--+--+
18|  |  |  |  |  |  |  |  |  |  |  |  |  |  |  |  |  |  |  |  |
  +--+--+--+--+--+--+--+--+--+--+--+--+--+--+--+--+--+--+--+--+
19|  |  |  |  |  |  |  |  |  |  |  |  |  |  |  |  |  |ft|KN|/\|
  +--+--+--+--+--+--+--+--+--+--+--+--+--+--+--+--+--+--+--+--+


Turn 1 (Player A)
    0  1  2  3  4  5  6  7  8  9 10 11 12 13 14 15 16 17 18 19
  +--+--+--+--+--+--+--+--+--+--+--+--+--+--+--+--+--+--+--+--+
 0|~~|KN|ft|  |  |  |  |  |  |  |  |  |  |  |  |  |  |  |  |  |
  +--+--+--+--+--+--+--+--+--+--+--+--+--+--+--+--+--+--+--+--+
 1|  |  |  |  |  |  |  |$ |FT|FT|  |  |  |  |  |  |  |  |  |  |
  +--+--+--+--+--+--+--+--+--+--+--+--+--+--+--+--+--+--+--+--+
 2|  |  |  |  |  |  |  |  |  |  |  |  |  |  |  |  |  |  |FT|/\|
  +--+--+--+--+--+--+--+--+--+--+--+--+--+--+--+--+--+--+--+--+
 3|  |  |  |  |  |  |  |  |  |  |  |  |  |  |  |  |  |$ |  |  |
  +--+--+--+--+--+--+--+--+--+--+--+--+--+--+--+--+--+--+--+--+
 4|  |  |  |  |  |  |  |FT|$ |$ |  |  |  |  |  |/\|  |  |  |  |
  +--+--+--+--+--+--+--+--+--+--+--+--+--+--+--+--+--+--+--+--+
 5|  |~~|~~|~~|$ |~~|  |  |  |  |  |  |  |  |  |  |  |  |  |  |
  +--+--+--+--+--+--+--+--+--+--+--+--+--+--+--+--+--+--+--+--+
 6|  |  |  |  |  |  |  |  |  |  |  |  |  |  |  |  |  |  |  |  |
  +--+--+--+--+--+--+--+--+--+--+--+--+--+--+--+--+--+--+--+--+
 7|  |  |  |  |  |  |  |  |  |  |  |  |  |  |  |FT|  |  |  |  |
  +--+--+--+--+--+--+--+--+--+--+--+--+--+--+--+--+--+--+--+--+
 8|  |  |  |  |  |  |  |  |  |  |  |  |  |  |  |  |  |  |  |  |
  +--+--+--+--+--+--+--+--+--+--+--+--+--+--+--+--+--+--+--+--+
 9|  |  |  |  |  |  |  |  |  |  |  |  |  |  |  |  |  |  |  |  |
  +--+--+--+--+--+--+--+--+--+--+--+--+--+--+--+--+--+--+--+--+
10|  |  |  |  |  |  |  |  |  |  |FT|kn|  |  |  |  |  |  |  |  |
  +--+--+--+--+--+--+--+--+--+--+--+--+--+--+--+--+--+--+--+--+
11|  |  |  |  |  |  |  |  |  |  |  |  |  |  |  |  |  |  |  |  |
  +--+--+--+--+--+--+--+--+--+--+--+--+--+--+--+--+--+--+--+--+
12|  |  |  |  |  |  |  |  |  |  |  |  |  |  |  |  |  |  |  |  |
  +--+--+--+--+--+--+--+--+--+--+--+--+--+--+--+--+--+--+--+--+
13|  |  |  |  |  |  |  |  |  |  |  |  |ft|  |  |  |  |  |ft|  |
  +--+--+--+--+--+--+--+--+--+--+--+--+--+--+--+--+--+--+--+--+
14|  |  |  |  |  |  |  |  |  |  |  |  |  |  |  |  |  |  |  |  |
  +--+--+--+--+--+--+--+--+--+--+--+--+--+--+--+--+--+--+--+--+
15|  |  |  |  |  |  |  |  |  |  |  |  |  |  |  |  |  |  |  |  |
  +--+--+--+--+--+--+--+--+--+--+--+--+--+--+--+--+--+--+--+--+
16|  |  |  |  |  |  |  |  |  |  |  |  |  |  |  |kn|  |kn|kn|  |
  +--+--+--+--+--+--+--+--+--+--+--+--+--+--+--+--+--+--+--+--+
17|  |  |  |  |  |  |  |  |  |  |  |  |  |  |  |  |  |  |  |  |
  +--+--+--+--+--+--+--+--+--+--+--+--+--+--+--+--+--+--+--+--+
18|  |  |  |  |  |  |  |  |  |  |  |  |  |  |  |  |  |  |  |  |
  +--+--+--+--+--+--+--+--+--+--+--+--+--+--+--+--+--+--+--+--+
19|  |  |  |  |  |  |  |  |  |  |  |  |  |  |  |  |  |ft|KN|/\|
  +--+--+--+--+--+--+--+--+--+--+--+--+--+--+--+--+--+--+--+--+


Turn 2 (Player B)
    0  1  2  3  4  5  6  7  8  9 10 11 12 13 14 15 16 17 18 19
  +--+--+--+--+--+--+--+--+--+--+--+--+--+--+--+--+--+--+--+--+
 0|~~|KN|ft|  |  |  |  |  |  |  |  |  |  |  |  |  |  |  |  |  |
  +--+--+--+--+--+--+--+--+--+--+--+--+--+--+--+--+--+--+--+--+
 1|  |  |  |  |  |  |  |$ |FT|FT|  |  |  |  |  |  |  |  |  |  |
  +--+--+--+--+--+--+--+--+--+--+--+--+--+--+--+--+--+--+--+--+
 2|  |  |  |  |  |  |  |  |  |  |  |  |  |  |  |  |  |  |FT|/\|
  +--+--+--+--+--+--+--+--+--+--+--+--+--+--+--+--+--+--+--+--+
 3|  |  |  |  |  |  |  |  |  |  |  |  |  |  |  |  |  |$ |  |  |
  +--+--+--+--+--+--+--+--+--+--+--+--+--+--+--+--+--+--+--+--+
 4|  |  |  |  |  |  |  |FT|$ |$ |  |  |  |  |  |/\|  |  |  |  |
  +--+--+--+--+--+--+--+--+--+--+--+--+--+--+--+--+--+--+--+--+
 5|  |~~|~~|~~|$ |~~|  |  |  |  |  |  |  |  |  |  |  |  |  |  |
  +--+--+--+--+--+--+--+--+--+--+--+--+--+--+--+--+--+--+--+--+
 6|  |  |  |  |  |  |  |  |  |  |  |  |  |  |  |  |  |  |  |  |
  +--+--+--+--+--+--+--+--+--+--+--+--+--+--+--+--+--+--+--+--+
 7|  |  |  |  |  |  |  |  |  |  |  |  |  |  |  |FT|  |  |  |  |
  +--+--+--+--+--+--+--+--+--+--+--+--+--+--+--+--+--+--+--+--+
 8|  |  |  |  |  |  |  |  |  |  |  |  |  |  |  |  |  |  |  |  |
  +--+--+--+--+--+--+--+--+--+--+--+--+--+--+--+--+--+--+--+--+
 9|  |  |  |  |  |  |  |  |  |  |  |  |  |  |  |  |  |  |  |  |
  +--+--+--+--+--+--+--+--+--+--+--+--+--+--+--+--+--+--+--+--+
10|  |  |  |  |  |  |  |  |  |  |FT|kn|  |  |  |  |  |  |  |  |
  +--+--+--+--+--+--+--+--+--+--+--+--+--+--+--+--+--+--+--+--+
11|  |  |  |  |  |  |  |  |  |  |  |  |  |  |  |  |  |  |  |  |
  +--+--+--+--+--+--+--+--+--+--+--+--+--+--+--+--+--+--+--+--+
12|  |  |  |  |  |  |  |  |  |  |  |  |  |  |  |  |  |  |  |  |
  +--+--+--+--+--+--+--+--+--+--+--+--+--+--+--+--+--+--+--+--+
13|  |  |  |  |  |  |  |  |  |  |  |  |ft|  |  |  |  |  |ft|  |
  +--+--+--+--+--+--+--+--+--+--+--+--+--+--+--+--+--+--+--+--+
14|  |  |  |  |  |  |  |  |  |  |  |  |  |  |  |  |  |  |  |  |
  +--+--+--+--+--+--+--+--+--+--+--+--+--+--+--+--+--+--+--+--+
15|  |  |  |  |  |  |  |  |  |  |  |  |  |  |  |  |  |  |  |  |
  +--+--+--+--+--+--+--+--+--+--+--+--+--+--+--+--+--+--+--+--+
16|  |  |  |  |  |  |  |  |  |  |  |  |  |  |  |kn|  |kn|kn|ft|
  +--+--+--+--+--+--+--+--+--+--+--+--+--+--+--+--+--+--+--+--+
17|  |  |  |  |  |  |  |  |  |  |  |  |  |  |  |  |  |  |  |  |
  +--+--+--+--+--+--+--+--+--+--+--+--+--+--+--+--+--+--+--+--+
18|  |  |  |  |  |  |  |  |  |  |  |  |  |  |  |  |  |  |  |  |
  +--+--+--+--+--+--+--+--+--+--+--+--+--+--+--+--+--+--+--+--+
19|  |  |  |  |  |  |  |  |  |  |  |  |  |  |  |  |  |  |KN|/\|
  +--+--+--+--+--+--+--+--+--+--+--+--+--+--+--+--+--+--+--+--+


Turn 3 (Player A)
    0  1  2  3  4  5  6  7  8  9 10 11 12 13 14 15 16 17 18 19
  +--+--+--+--+--+--+--+--+--+--+--+--+--+--+--+--+--+--+--+--+
 0|~~|KN|ft|  |  |  |  |  |  |  |  |  |  |  |  |  |  |  |  |  |
  +--+--+--+--+--+--+--+--+--+--+--+--+--+--+--+--+--+--+--+--+
 1|  |  |  |  |  |  |  |$ |FT|FT|  |  |  |  |  |  |  |  |  |  |
  +--+--+--+--+--+--+--+--+--+--+--+--+--+--+--+--+--+--+--+--+
 2|  |  |  |  |  |  |  |  |  |  |  |  |  |  |  |  |  |  |FT|/\|
  +--+--+--+--+--+--+--+--+--+--+--+--+--+--+--+--+--+--+--+--+
 3|  |  |  |  |  |  |  |  |  |  |  |  |  |  |  |  |  |$ |  |  |
  +--+--+--+--+--+--+--+--+--+--+--+--+--+--+--+--+--+--+--+--+
 4|  |  |  |  |  |  |  |FT|$ |$ |  |  |  |  |  |/\|  |  |  |  |
  +--+--+--+--+--+--+--+--+--+--+--+--+--+--+--+--+--+--+--+--+
 5|  |~~|~~|~~|$ |~~|  |  |  |  |  |  |  |  |  |  |  |  |  |  |
  +--+--+--+--+--+--+--+--+--+--+--+--+--+--+--+--+--+--+--+--+
 6|  |  |  |  |  |  |  |  |  |  |  |  |  |  |  |  |  |  |  |  |
  +--+--+--+--+--+--+--+--+--+--+--+--+--+--+--+--+--+--+--+--+
 7|  |  |  |  |  |  |  |  |  |  |  |  |  |  |  |FT|  |  |  |  |
  +--+--+--+--+--+--+--+--+--+--+--+--+--+--+--+--+--+--+--+--+
 8|  |  |  |  |  |  |  |  |  |  |  |  |  |  |  |  |  |  |  |  |
  +--+--+--+--+--+--+--+--+--+--+--+--+--+--+--+--+--+--+--+--+
 9|  |  |  |  |  |  |  |  |  |  |  |  |  |  |  |  |  |  |  |  |
  +--+--+--+--+--+--+--+--+--+--+--+--+--+--+--+--+--+--+--+--+
10|  |  |  |  |  |  |  |  |  |  |FT|kn|  |  |  |  |  |  |  |  |
  +--+--+--+--+--+--+--+--+--+--+--+--+--+--+--+--+--+--+--+--+
11|  |  |  |  |  |  |  |  |  |  |  |  |  |  |  |  |  |  |  |  |
  +--+--+--+--+--+--+--+--+--+--+--+--+--+--+--+--+--+--+--+--+
12|  |  |  |  |  |  |  |  |  |  |  |  |  |  |  |  |  |  |  |  |
  +--+--+--+--+--+--+--+--+--+--+--+--+--+--+--+--+--+--+--+--+
13|  |  |  |  |  |  |  |  |  |  |  |  |ft|  |  |  |  |  |ft|  |
  +--+--+--+--+--+--+--+--+--+--+--+--+--+--+--+--+--+--+--+--+
14|  |  |  |  |  |  |  |  |  |  |  |  |  |  |  |  |  |  |  |  |
  +--+--+--+--+--+--+--+--+--+--+--+--+--+--+--+--+--+--+--+--+
15|  |  |  |  |  |  |  |  |  |  |  |  |  |  |  |  |  |  |  |  |
  +--+--+--+--+--+--+--+--+--+--+--+--+--+--+--+--+--+--+--+--+
16|  |  |  |  |  |  |  |  |  |  |  |  |  |  |  |kn|  |kn|kn|ft|
  +--+--+--+--+--+--+--+--+--+--+--+--+--+--+--+--+--+--+--+--+
17|  |  |  |  |  |  |  |  |  |  |  |  |  |  |  |  |  |  |  |KN|
  +--+--+--+--+--+--+--+--+--+--+--+--+--+--+--+--+--+--+--+--+
18|  |  |  |  |  |  |  |  |  |  |  |  |  |  |  |  |  |  |  |  |
  +--+--+--+--+--+--+--+--+--+--+--+--+--+--+--+--+--+--+--+--+
19|  |  |  |  |  |  |  |  |  |  |  |  |  |  |  |  |  |  |  |/\|
  +--+--+--+--+--+--+--+--+--+--+--+--+--+--+--+--+--+--+--+--+


Turn 4 (Player B)
    0  1  2  3  4  5  6  7  8  9 10 11 12 13 14 15 16 17 18 19
  +--+--+--+--+--+--+--+--+--+--+--+--+--+--+--+--+--+--+--+--+
 0|~~|KN|ft|  |  |  |  |  |  |  |  |  |  |  |  |  |  |  |  |  |
  +--+--+--+--+--+--+--+--+--+--+--+--+--+--+--+--+--+--+--+--+
 1|  |  |  |  |  |  |  |$ |FT|FT|  |  |  |  |  |  |  |  |  |  |
  +--+--+--+--+--+--+--+--+--+--+--+--+--+--+--+--+--+--+--+--+
 2|  |  |  |  |  |  |  |  |  |  |  |  |  |  |  |  |  |  |FT|/\|
  +--+--+--+--+--+--+--+--+--+--+--+--+--+--+--+--+--+--+--+--+
 3|  |  |  |  |  |  |  |  |  |  |  |  |  |  |  |  |  |$ |  |  |
  +--+--+--+--+--+--+--+--+--+--+--+--+--+--+--+--+--+--+--+--+
 4|  |  |  |  |  |  |  |FT|$ |$ |  |  |  |  |  |/\|  |  |  |  |
  +--+--+--+--+--+--+--+--+--+--+--+--+--+--+--+--+--+--+--+--+
 5|  |~~|~~|~~|$ |~~|  |  |  |  |  |  |  |  |  |  |  |  |  |  |
  +--+--+--+--+--+--+--+--+--+--+--+--+--+--+--+--+--+--+--+--+
 6|  |  |  |  |  |  |  |  |  |  |  |  |  |  |  |  |  |  |  |  |
  +--+--+--+--+--+--+--+--+--+--+--+--+--+--+--+--+--+--+--+--+
 7|  |  |  |  |  |  |  |  |  |  |  |  |  |  |  |FT|  |  |  |  |
  +--+--+--+--+--+--+--+--+--+--+--+--+--+--+--+--+--+--+--+--+
 8|  |  |  |  |  |  |  |  |  |  |  |  |  |  |  |  |  |  |  |  |
  +--+--+--+--+--+--+--+--+--+--+--+--+--+--+--+--+--+--+--+--+
 9|  |  |  |  |  |  |  |  |  |  |  |  |  |  |  |  |  |  |  |  |
  +--+--+--+--+--+--+--+--+--+--+--+--+--+--+--+--+--+--+--+--+
10|  |  |  |  |  |  |  |  |  |  |FT|kn|  |  |  |  |  |  |  |  |
  +--+--+--+--+--+--+--+--+--+--+--+--+--+--+--+--+--+--+--+--+
11|  |  |  |  |  |  |  |  |  |  |  |  |  |  |  |  |  |  |  |  |
  +--+--+--+--+--+--+--+--+--+--+--+--+--+--+--+--+--+--+--+--+
12|  |  |  |  |  |  |  |  |  |  |  |  |  |  |  |  |  |  |  |  |
  +--+--+--+--+--+--+--+--+--+--+--+--+--+--+--+--+--+--+--+--+
13|  |  |  |  |  |  |  |  |  |  |  |  |ft|  |  |  |  |  |ft|  |
  +--+--+--+--+--+--+--+--+--+--+--+--+--+--+--+--+--+--+--+--+
14|  |  |  |  |  |  |  |  |  |  |  |  |  |  |  |  |  |  |  |  |
  +--+--+--+--+--+--+--+--+--+--+--+--+--+--+--+--+--+--+--+--+
15|  |  |  |  |  |  |  |  |  |  |  |  |  |  |  |  |  |  |  |  |
  +--+--+--+--+--+--+--+--+--+--+--+--+--+--+--+--+--+--+--+--+
16|  |  |  |  |  |  |  |  |  |  |  |  |  |  |  |kn|  |kn|kn|ft|
  +--+--+--+--+--+--+--+--+--+--+--+--+--+--+--+--+--+--+--+--+
17|  |  |  |  |  |  |  |  |  |  |  |  |  |  |  |  |  |  |  |KN|
  +--+--+--+--+--+--+--+--+--+--+--+--+--+--+--+--+--+--+--+--+
18|  |  |  |  |  |  |  |  |  |  |  |  |  |  |  |  |  |  |  |  |
  +--+--+--+--+--+--+--+--+--+--+--+--+--+--+--+--+--+--+--+--+
19|  |  |  |  |  |  |  |  |  |  |  |  |  |  |  |  |  |  |  |/\|
  +--+--+--+--+--+--+--+--+--+--+--+--+--+--+--+--+--+--+--+--+


Turn 5 (Player A)
    0  1  2  3  4  5  6  7  8  9 10 11 12 13 14 15 16 17 18 19
  +--+--+--+--+--+--+--+--+--+--+--+--+--+--+--+--+--+--+--+--+
 0|~~|KN|ft|  |  |  |  |  |  |  |  |  |  |  |  |  |  |  |  |  |
  +--+--+--+--+--+--+--+--+--+--+--+--+--+--+--+--+--+--+--+--+
 1|  |  |  |  |  |  |  |$ |FT|FT|  |  |  |  |  |  |  |  |  |  |
  +--+--+--+--+--+--+--+--+--+--+--+--+--+--+--+--+--+--+--+--+
 2|  |  |  |  |  |  |  |  |  |  |  |  |  |  |  |  |  |  |FT|/\|
  +--+--+--+--+--+--+--+--+--+--+--+--+--+--+--+--+--+--+--+--+
 3|  |  |  |  |  |  |  |  |  |  |  |  |  |  |  |  |  |$ |  |  |
  +--+--+--+--+--+--+--+--+--+--+--+--+--+--+--+--+--+--+--+--+
 4|  |  |  |  |  |  |  |FT|$ |$ |  |  |  |  |  |/\|  |  |  |  |
  +--+--+--+--+--+--+--+--+--+--+--+--+--+--+--+--+--+--+--+--+
 5|  |~~|~~|~~|$ |~~|  |  |  |  |  |  |  |  |  |  |  |  |  |  |
  +--+--+--+--+--+--+--+--+--+--+--+--+--+--+--+--+--+--+--+--+
 6|  |  |  |  |  |  |  |  |  |  |  |  |  |  |  |  |  |  |  |  |
  +--+--+--+--+--+--+--+--+--+--+--+--+--+--+--+--+--+--+--+--+
 7|  |  |  |  |  |  |  |  |  |  |  |  |  |  |  |FT|  |  |  |  |
  +--+--+--+--+--+--+--+--+--+--+--+--+--+--+--+--+--+--+--+--+
 8|  |  |  |  |  |  |  |  |  |  |  |  |  |  |  |  |  |  |  |  |
  +--+--+--+--+--+--+--+--+--+--+--+--+--+--+--+--+--+--+--+--+
 9|  |  |  |  |  |  |  |  |  |  |  |  |  |  |  |  |  |  |  |  |
  +--+--+--+--+--+--+--+--+--+--+--+--+--+--+--+--+--+--+--+--+
10|  |  |  |  |  |  |  |  |  |  |FT|kn|  |  |  |  |  |  |  |  |
  +--+--+--+--+--+--+--+--+--+--+--+--+--+--+--+--+--+--+--+--+
11|  |  |  |  |  |  |  |  |  |  |  |  |  |  |  |  |  |  |  |  |
  +--+--+--+--+--+--+--+--+--+--+--+--+--+--+--+--+--+--+--+--+
12|  |  |  |  |  |  |  |  |  |  |  |  |  |  |  |  |  |  |  |  |
  +--+--+--+--+--+--+--+--+--+--+--+--+--+--+--+--+--+--+--+--+
13|  |  |  |  |  |  |  |  |  |  |  |  |ft|  |  |  |  |  |ft|  |
  +--+--+--+--+--+--+--+--+--+--+--+--+--+--+--+--+--+--+--+--+
14|  |  |  |  |  |  |  |  |  |  |  |  |  |  |  |  |  |  |  |  |
  +--+--+--+--+--+--+--+--+--+--+--+--+--+--+--+--+--+--+--+--+
15|  |  |  |  |  |  |  |  |  |  |  |  |  |  |  |  |  |  |  |  |
  +--+--+--+--+--+--+--+--+--+--+--+--+--+--+--+--+--+--+--+--+
16|  |  |  |  |  |  |  |  |  |  |  |  |  |  |  |kn|  |kn|kn|ft|
  +--+--+--+--+--+--+--+--+--+--+--+--+--+--+--+--+--+--+--+--+
17|  |  |  |  |  |  |  |  |  |  |  |  |  |  |  |  |  |  |  |KN|
  +--+--+--+--+--+--+--+--+--+--+--+--+--+--+--+--+--+--+--+--+
18|  |  |  |  |  |  |  |  |  |  |  |  |  |  |  |  |  |  |  |  |
  +--+--+--+--+--+--+--+--+--+--+--+--+--+--+--+--+--+--+--+--+
19|  |  |  |  |  |  |  |  |  |  |  |  |  |  |  |  |  |  |  |/\|
  +--+--+--+--+--+--+--+--+--+--+--+--+--+--+--+--+--+--+--+--+


Turn 6 (Player B)
    0  1  2  3  4  5  6  7  8  9 10 11 12 13 14 15 16 17 18 19
  +--+--+--+--+--+--+--+--+--+--+--+--+--+--+--+--+--+--+--+--+
 0|~~|KN|ft|  |  |  |  |  |  |  |  |  |  |  |  |  |  |  |  |  |
  +--+--+--+--+--+--+--+--+--+--+--+--+--+--+--+--+--+--+--+--+
 1|  |  |  |  |  |  |  |$ |FT|FT|  |  |  |  |  |  |  |  |  |  |
  +--+--+--+--+--+--+--+--+--+--+--+--+--+--+--+--+--+--+--+--+
 2|  |  |  |  |  |  |  |  |  |  |  |  |  |  |  |  |  |  |FT|/\|
  +--+--+--+--+--+--+--+--+--+--+--+--+--+--+--+--+--+--+--+--+
 3|  |  |  |  |  |  |  |  |  |  |  |  |  |  |  |  |  |$ |  |  |
  +--+--+--+--+--+--+--+--+--+--+--+--+--+--+--+--+--+--+--+--+
 4|  |  |  |  |  |  |  |FT|$ |$ |  |  |  |  |  |/\|  |  |  |  |
  +--+--+--+--+--+--+--+--+--+--+--+--+--+--+--+--+--+--+--+--+
 5|  |~~|~~|~~|$ |~~|  |  |  |  |  |  |  |  |  |  |  |  |  |  |
  +--+--+--+--+--+--+--+--+--+--+--+--+--+--+--+--+--+--+--+--+
 6|  |  |  |  |  |  |  |  |  |  |  |  |  |  |  |  |  |  |  |  |
  +--+--+--+--+--+--+--+--+--+--+--+--+--+--+--+--+--+--+--+--+
 7|  |  |  |  |  |  |  |  |  |  |  |  |  |  |  |FT|  |  |  |  |
  +--+--+--+--+--+--+--+--+--+--+--+--+--+--+--+--+--+--+--+--+
 8|  |  |  |  |  |  |  |  |  |  |  |  |  |  |  |  |  |  |  |  |
  +--+--+--+--+--+--+--+--+--+--+--+--+--+--+--+--+--+--+--+--+
 9|  |  |  |  |  |  |  |  |  |  |  |  |  |  |  |  |  |  |  |  |
  +--+--+--+--+--+--+--+--+--+--+--+--+--+--+--+--+--+--+--+--+
10|  |  |  |  |  |  |  |  |  |  |FT|kn|  |  |  |  |  |  |  |  |
  +--+--+--+--+--+--+--+--+--+--+--+--+--+--+--+--+--+--+--+--+
11|  |  |  |  |  |  |  |  |  |  |  |  |  |  |  |  |  |  |  |  |
  +--+--+--+--+--+--+--+--+--+--+--+--+--+--+--+--+--+--+--+--+
12|  |  |  |  |  |  |  |  |  |  |  |  |  |  |  |  |  |  |  |  |
  +--+--+--+--+--+--+--+--+--+--+--+--+--+--+--+--+--+--+--+--+
13|  |  |  |  |  |  |  |  |  |  |  |  |ft|  |  |  |  |  |ft|  |
  +--+--+--+--+--+--+--+--+--+--+--+--+--+--+--+--+--+--+--+--+
14|  |  |  |  |  |  |  |  |  |  |  |  |  |  |  |  |  |  |  |  |
  +--+--+--+--+--+--+--+--+--+--+--+--+--+--+--+--+--+--+--+--+
15|  |  |  |  |  |  |  |  |  |  |  |  |  |  |  |  |  |  |  |  |
  +--+--+--+--+--+--+--+--+--+--+--+--+--+--+--+--+--+--+--+--+
16|  |  |  |  |  |  |  |  |  |  |  |  |  |  |  |kn|  |kn|kn|ft|
  +--+--+--+--+--+--+--+--+--+--+--+--+--+--+--+--+--+--+--+--+
17|  |  |  |  |  |  |  |  |  |  |  |  |  |  |  |  |  |  |  |KN|
  +--+--+--+--+--+--+--+--+--+--+--+--+--+--+--+--+--+--+--+--+
18|  |  |  |  |  |  |  |  |  |  |  |  |  |  |  |  |  |  |  |  |
  +--+--+--+--+--+--+--+--+--+--+--+--+--+--+--+--+--+--+--+--+
19|  |  |  |  |  |  |  |  |  |  |  |  |  |  |  |  |  |  |  |/\|
  +--+--+--+--+--+--+--+--+--+--+--+--+--+--+--+--+--+--+--+--+


Turn 7 (Player A)
    0  1  2  3  4  5  6  7  8  9 10 11 12 13 14 15 16 17 18 19
  +--+--+--+--+--+--+--+--+--+--+--+--+--+--+--+--+--+--+--+--+
 0|~~|KN|ft|  |  |  |  |  |  |  |  |  |  |  |  |  |  |  |  |  |
  +--+--+--+--+--+--+--+--+--+--+--+--+--+--+--+--+--+--+--+--+
 1|  |  |  |  |  |  |  |$ |FT|FT|  |  |  |  |  |  |  |  |  |  |
  +--+--+--+--+--+--+--+--+--+--+--+--+--+--+--+--+--+--+--+--+
 2|  |  |  |  |  |  |  |  |  |  |  |  |  |  |  |  |  |  |FT|/\|
  +--+--+--+--+--+--+--+--+--+--+--+--+--+--+--+--+--+--+--+--+
 3|  |  |  |  |  |  |  |  |  |  |  |  |  |  |  |  |  |$ |  |  |
  +--+--+--+--+--+--+--+--+--+--+--+--+--+--+--+--+--+--+--+--+
 4|  |  |  |  |  |  |  |FT|$ |$ |  |  |  |  |  |/\|  |  |  |  |
  +--+--+--+--+--+--+--+--+--+--+--+--+--+--+--+--+--+--+--+--+
 5|  |~~|~~|~~|$ |~~|  |  |  |  |  |  |  |  |  |  |  |  |  |  |
  +--+--+--+--+--+--+--+--+--+--+--+--+--+--+--+--+--+--+--+--+
 6|  |  |  |  |  |  |  |  |  |  |  |  |  |  |  |  |  |  |  |  |
  +--+--+--+--+--+--+--+--+--+--+--+--+--+--+--+--+--+--+--+--+
 7|  |  |  |  |  |  |  |  |  |  |  |  |  |  |  |FT|  |  |  |  |
  +--+--+--+--+--+--+--+--+--+--+--+--+--+--+--+--+--+--+--+--+
 8|  |  |  |  |  |  |  |  |  |  |  |  |  |  |  |  |  |  |  |  |
  +--+--+--+--+--+--+--+--+--+--+--+--+--+--+--+--+--+--+--+--+
 9|  |  |  |  |  |  |  |  |  |  |  |  |  |  |  |  |  |  |  |  |
  +--+--+--+--+--+--+--+--+--+--+--+--+--+--+--+--+--+--+--+--+
10|  |  |  |  |  |  |  |  |  |  |FT|kn|  |  |  |  |  |  |  |  |
  +--+--+--+--+--+--+--+--+--+--+--+--+--+--+--+--+--+--+--+--+
11|  |  |  |  |  |  |  |  |  |  |  |  |  |  |  |  |  |  |  |  |
  +--+--+--+--+--+--+--+--+--+--+--+--+--+--+--+--+--+--+--+--+
12|  |  |  |  |  |  |  |  |  |  |  |  |  |  |  |  |  |  |  |  |
  +--+--+--+--+--+--+--+--+--+--+--+--+--+--+--+--+--+--+--+--+
13|  |  |  |  |  |  |  |  |  |  |  |  |ft|  |  |  |  |  |ft|  |
  +--+--+--+--+--+--+--+--+--+--+--+--+--+--+--+--+--+--+--+--+
14|  |  |  |  |  |  |  |  |  |  |  |  |  |  |  |  |  |  |  |  |
  +--+--+--+--+--+--+--+--+--+--+--+--+--+--+--+--+--+--+--+--+
15|  |  |  |  |  |  |  |  |  |  |  |  |  |  |  |  |  |  |  |  |
  +--+--+--+--+--+--+--+--+--+--+--+--+--+--+--+--+--+--+--+--+
16|  |  |  |  |  |  |  |  |  |  |  |  |  |  |  |kn|  |kn|kn|ft|
  +--+--+--+--+--+--+--+--+--+--+--+--+--+--+--+--+--+--+--+--+
17|  |  |  |  |  |  |  |  |  |  |  |  |  |  |  |  |  |  |  |KN|
  +--+--+--+--+--+--+--+--+--+--+--+--+--+--+--+--+--+--+--+--+
18|  |  |  |  |  |  |  |  |  |  |  |  |  |  |  |  |  |  |  |  |
  +--+--+--+--+--+--+--+--+--+--+--+--+--+--+--+--+--+--+--+--+
19|  |  |  |  |  |  |  |  |  |  |  |  |  |  |  |  |  |  |  |/\|
  +--+--+--+--+--+--+--+--+--+--+--+--+--+--+--+--+--+--+--+--+


Turn 8 (Player B)
