    0  1  2  3  4  5  6  7  8  9 10 11 12 13 14 15 16 17 18 19
  +--+--+--+--+--+--+--+--+--+--+--+--+--+--+--+--+--+--+--+--+
 0|~~|KN|ft|  |  |  |  |  |  |  |  |  |  |  |  |  |  |  |  |  |
  +--+--+--+--+--+--+--+--+--+--+--+--+--+--+--+--+--+--+--+--+
 1|  |  |  |  |  |  |  |$ |FT|FT|  |  |  |  |  |  |  |  |  |  |
  +--+--+--+--+--+--+--+--+--+--+--+--+--+--+--+--+--+--+--+--+
 2|  |  |  |  |  |  |  |  |  |  |  |  |  |  |  |  |  |  |FT|/\|
  +--+--+--+--+--+--+--+--+--+--+--+--+--+--+--+--+--+--+--+--+
 3|  |  |  |  |  |  |  |  |  |  |  |  |  |  |  |  |  |$ |  |  |
  +--+--+--+--+--+--+--+--+--+--+--+--+--+--+--+--+--+--+--+--+
 4|  |  |  |  |  |  |  |$ |$ |$ |  |  |  |  |  |/\|  |  |  |  |
  +--+--+--+--+--+--+--+--+--+--+--+--+--+--+--+--+--+--+--+--+
 5|  |~~|~~|~~|$ |~~|  |  |  |  |  |  |  |  |  |  |  |  |  |  |
  +--+--+--+--+--+--+--+--+--+--+--+--+--+--+--+--+--+--+--+--+
 6|  |  |  |  |  |  |  |  |  |  |  |  |  |  |  |  |  |  |  |  |
  +--+--+--+--+--+--+--+--+--+--+--+--+--+--+--+--+--+--+--+--+
 7|  |  |  |  |  |  |  |FT|  |$ |~~|  |  |  |  |FT|  |  |  |  |
  +--+--+--+--+--+--+--+--+--+--+--+--+--+--+--+--+--+--+--+--+
 8|  |  |  |  |  |  |  |  |  |  |~~|  |  |  |  |  |  |  |  |  |
  +--+--+--+--+--+--+--+--+--+--+--+--+--+--+--+--+--+--+--+--+
 9|  |  |  |  |  |  |  |  |  |  |  |  |  |  |  |  |  |  |  |  |
  +--+--+--+--+--+--+--+--+--+--+--+--+--+--+--+--+--+--+--+--+
10|  |  |  |  |  |  |  |  |  |  |FT|kn|  |  |  |  |  |  |  |  |
  +--+--+--+--+--+--+--+--+--+--+--+--+--+--+--+--+--+--+--+--+
11|  |  |  |  |  |$ |  |  |  |  |$ |  |  |  |  |$ |  |  |  |$ |
  +--+--+--+--+--+--+--+--+--+--+--+--+--+--+--+--+--+--+--+--+
12|  |  |/\|  |  |  |  |/\|  |  |  |  |/\|  |  |  |  |/\|  |  |
  +--+--+--+--+--+--+--+--+--+--+--+--+--+--+--+--+--+--+--+--+
13|  |  |  |FT|  |  |kn|  |  |  |  |  |ft|  |  |  |  |  |ft|  |
  +--+--+--+--+--+--+--+--+--+--+--+--+--+--+--+--+--+--+--+--+
14|  |  |  |  |  |  |  |  |  |  |  |  |FT|ft|  |  |  |  |  |  |
  +--+--+--+--+--+--+--+--+--+--+--+--+--+--+--+--+--+--+--+--+
15|  |  |  |  |  |  |  |  |  |  |  |  |  |  |  |  |  |  |  |  |
  +--+--+--+--+--+--+--+--+--+--+--+--+--+--+--+--+--+--+--+--+
16|  |  |  |  |  |  |  |  |  |  |  |  |  |  |  |kn|  |kn|kn|  |
  +--+--+--+--+--+--+--+--+--+--+--+--+--+--+--+--+--+--+--+--+
17|  |  |  |  |  |  |  |  |  |  |  |  |  |~~|  |  |$ |  |  |  |
  +--+--+--+--+--+--+--+--+--+--+--+--+--+--+--+--+--+--+--+--+
18|  |/\|  |  |  |  |  |  |  |  |  |  |  |  |  |  |  |  |  |  |
  +--+--+--+--+--+--+--+--+--+--+--+--+--+--+--+--+--+--+--+--+
19|  |  |  |  |  |  |  |  |  |  |  |  |  |  |  |  |  |ft|KN|/\|
  +--+--+--+--+--+--+--+--+--+--+--+--+--+--+--+--+--+--+--+--+


Turn 1 (Player A)
    0  1  2  3  4  5  6  7  8  9 10 11 12 13 14 15 16 17 18 19
  +--+--+--+--+--+--+--+--+--+--+--+--+--+--+--+--+--+--+--+--+
 0|~~|KN|ft|  |  |  |  |  |  |  |  |  |  |  |  |  |  |  |  |  |
  +--+--+--+--+--+--+--+--+--+--+--+--+--+--+--+--+--+--+--+--+
 1|  |  |  |  |  |  |  |$ |FT|FT|  |  |  |  |  |  |  |  |  |  |
  +--+--+--+--+--+--+--+--+--+--+--+--+--+--+--+--+--+--+--+--+
 2|  |  |  |  |  |  |  |  |  |  |  |  |  |  |  |  |  |  |FT|/\|
  +--+--+--+--+--+--+--+--+--+--+--+--+--+--+--+--+--+--+--+--+
 3|  |  |  |  |  |  |  |  |  |  |  |  |  |  |  |  |  |$ |  |  |
  +--+--+--+--+--+--+--+--+--+--+--+--+--+--+--+--+--+--+--+--+
 4|  |  |  |  |  |  |  |$ |$ |$ |  |  |  |  |  |/\|  |  |  |  |
  +--+--+--+--+--+--+--+--+--+--+--+--+--+--+--+--+--+--+--+--+
 5|  |~~|~~|~~|$ |~~|  |  |  |  |  |  |  |  |  |  |  |  |  |  |
  +--+--+--+--+--+--+--+--+--+--+--+--+--+--+--+--+--+--+--+--+
 6|  |  |  |  |  |  |  |  |  |  |  |  |  |  |  |  |  |  |  |  |
  +--+--+--+--+--+--+--+--+--+--+--+--+--+--+--+--+--+--+--+--+
 7|  |  |  |  |  |  |  |FT|  |$ |~~|  |  |  |  |FT|  |  |  |  |
  +--+--+--+--+--+--+--+--+--+--+--+--+--+--+--+--+--+--+--+--+
 8|  |  |  |  |  |  |  |  |  |  |~~|  |  |  |  |  |  |  |  |  |
  +--+--+--+--+--+--+--+--+--+--+--+--+--+--+--+--+--+--+--+--+
 9|  |  |  |  |  |  |  |  |  |  |  |  |  |  |  |  |  |  |  |  |
  +--+--+--+--+--+--+--+--+--+--+--+--+--+--+--+--+--+--+--+--+
10|  |  |  |  |  |  |  |  |  |  |FT|kn|  |  |  |  |  |  |  |  |
  +--+--+--+--+--+--+--+--+--+--+--+--+--+--+--+--+--+--+--+--+
11|  |  |  |  |  |$ |  |  |  |  |$ |  |  |  |  |$ |  |  |  |$ |
  +--+--+--+--+--+--+--+--+--+--+--+--+--+--+--+--+--+--+--+--+
12|  |  |/\|  |  |  |  |/\|  |  |  |  |/\|  |  |  |FT|/\|  |  |
  +--+--+--+--+--+--+--+--+--+--+--+--+--+--+--+--+--+--+--+--+
13|  |  |  |FT|  |  |kn|  |  |  |  |  |ft|  |  |  |  |  |ft|  |
  +--+--+--+--+--+--+--+--+--+--+--+--+--+--+--+--+--+--+--+--+
14|  |  |  |  |  |  |  |  |  |  |  |  |  |ft|  |  |  |  |  |  |
  +--+--+--+--+--+--+--+--+--+--+--+--+--+--+--+--+--+--+--+--+
15|  |  |  |  |  |  |  |  |  |  |  |  |  |  |  |  |  |  |  |  |
  +--+--+--+--+--+--+--+--+--+--+--+--+--+--+--+--+--+--+--+--+
16|  |  |  |  |  |  |  |  |  |  |  |  |  |  |  |kn|  |kn|kn|  |
  +--+--+--+--+--+--+--+--+--+--+--+--+--+--+--+--+--+--+--+--+
17|  |  |  |  |  |  |  |  |  |  |  |  |  |~~|  |  |$ |  |  |  |
  +--+--+--+--+--+--+--+--+--+--+--+--+--+--+--+--+--+--+--+--+
18|  |/\|  |  |  |  |  |  |  |  |  |  |  |  |  |  |  |  |  |  |
  +--+--+--+--+--+--+--+--+--+--+--+--+--+--+--+--+--+--+--+--+
19|  |  |  |  |  |  |  |  |  |  |  |  |  |  |  |  |  |ft|KN|/\|
  +--+--+--+--+--+--+--+--+--+--+--+--+--+--+--+--+--+--+--+--+


Turn 2 (Player B)
    0  1  2  3  4  5  6  7  8  9 10 11 12 13 14 15 16 17 18 19
  +--+--+--+--+--+--+--+--+--+--+--+--+--+--+--+--+--+--+--+--+
 0|~~|KN|ft|  |  |  |  |  |  |  |  |  |  |  |  |  |  |  |  |  |
  +--+--+--+--+--+--+--+--+--+--+--+--+--+--+--+--+--+--+--+--+
 1|  |  |  |  |  |  |  |$ |FT|FT|  |  |  |  |  |  |  |  |  |  |
  +--+--+--+--+--+--+--+--+--+--+--+--+--+--+--+--+--+--+--+--+
 2|  |  |  |  |  |  |  |  |  |  |  |  |  |  |  |  |  |  |FT|/\|
  +--+--+--+--+--+--+--+--+--+--+--+--+--+--+--+--+--+--+--+--+
 3|  |  |  |  |  |  |  |  |  |  |  |  |  |  |  |  |  |$ |  |  |
  +--+--+--+--+--+--+--+--+--+--+--+--+--+--+--+--+--+--+--+--+
 4|  |  |  |  |  |  |  |$ |$ |$ |  |  |  |  |  |/\|  |  |  |  |
  +--+--+--+--+--+--+--+--+--+--+--+--+--+--+--+--+--+--+--+--+
 5|  |~~|~~|~~|$ |~~|  |  |  |  |  |  |  |  |  |  |  |  |  |  |
  +--+--+--+--+--+--+--+--+--+--+--+--+--+--+--+--+--+--+--+--+
 6|  |  |  |  |  |  |  |  |  |  |  |  |  |  |  |  |  |  |  |  |
  +--+--+--+--+--+--+--+--+--+--+--+--+--+--+--+--+--+--+--+--+
 7|  |  |  |  |  |  |  |FT|  |$ |~~|  |  |  |  |FT|  |  |  |  |
  +--+--+--+--+--+--+--+--+--+--+--+--+--+--+--+--+--+--+--+--+
 8|  |  |  |  |  |  |  |  |  |  |~~|  |  |  |  |  |  |  |  |  |
  +--+--+--+--+--+--+--+--+--+--+--+--+--+--+--+--+--+--+--+--+
 9|  |  |  |  |  |  |  |  |  |  |  |  |  |  |  |  |  |  |  |  |
  +--+--+--+--+--+--+--+--+--+--+--+--+--+--+--+--+--+--+--+--+
10|  |  |  |  |  |  |  |  |  |  |FT|kn|  |  |  |  |  |  |  |  |
  +--+--+--+--+--+--+--+--+--+--+--+--+--+--+--+--+--+--+--+--+
11|  |  |  |  |  |$ |  |  |  |  |$ |  |  |  |ft|$ |  |  |  |$ |
  +--+--+--+--+--+--+--+--+--+--+--+--+--+--+--+--+--+--+--+--+
12|  |  |/\|  |  |  |  |/\|  |  |  |  |/\|  |  |  |FT|/\|  |  |
  +--+--+--+--+--+--+--+--+--+--+--+--+--+--+--+--+--+--+--+--+
13|  |  |  |FT|  |  |kn|  |  |  |  |  |ft|  |  |  |  |  |  |  |
  +--+--+--+--+--+--+--+--+--+--+--+--+--+--+--+--+--+--+--+--+
14|  |  |  |  |  |  |  |  |  |  |  |  |  |ft|  |  |  |  |  |  |
  +--+--+--+--+--+--+--+--+--+--+--+--+--+--+--+--+--+--+--+--+
15|  |  |  |  |  |  |  |  |  |  |  |  |  |  |  |  |  |  |  |  |
  +--+--+--+--+--+--+--+--+--+--+--+--+--+--+--+--+--+--+--+--+
16|  |  |  |  |  |  |  |  |  |  |  |  |  |  |  |kn|  |kn|kn|  |
  +--+--+--+--+--+--+--+--+--+--+--+--+--+--+--+--+--+--+--+--+
17|  |  |  |  |  |  |  |  |  |  |  |  |  |~~|  |  |$ |  |  |  |
  +--+--+--+--+--+--+--+--+--+--+--+--+--+--+--+--+--+--+--+--+
18|  |/\|  |  |  |  |  |  |  |  |  |  |  |  |  |  |  |  |  |  |
  +--+--+--+--+--+--+--+--+--+--+--+--+--+--+--+--+--+--+--+--+
19|  |  |  |  |  |  |  |  |  |  |  |  |  |  |  |  |  |ft|KN|/\|
  +--+--+--+--+--+--+--+--+--+--+--+--+--+--+--+--+--+--+--+--+


Turn 3 (Player A)
    0  1  2  3  4  5  6  7  8  9 10 11 12 13 14 15 16 17 18 19
  +--+--+--+--+--+--+--+--+--+--+--+--+--+--+--+--+--+--+--+--+
 0|~~|KN|ft|  |  |  |  |  |  |  |  |  |  |  |  |  |  |  |  |  |
  +--+--+--+--+--+--+--+--+--+--+--+--+--+--+--+--+--+--+--+--+
 1|  |  |  |  |  |  |  |$ |FT|FT|  |  |  |  |  |  |  |  |  |  |
  +--+--+--+--+--+--+--+--+--+--+--+--+--+--+--+--+--+--+--+--+
 2|  |  |  |  |  |  |  |  |  |  |  |  |  |  |  |  |  |  |FT|/\|
  +--+--+--+--+--+--+--+--+--+--+--+--+--+--+--+--+--+--+--+--+
 3|  |  |  |  |  |  |  |  |  |  |  |  |  |  |  |  |  |$ |  |  |
  +--+--+--+--+--+--+--+--+--+--+--+--+--+--+--+--+--+--+--+--+
 4|  |  |  |  |  |  |  |$ |$ |$ |  |  |  |  |  |/\|  |  |  |  |
  +--+--+--+--+--+--+--+--+--+--+--+--+--+--+--+--+--+--+--+--+
 5|  |~~|~~|~~|$ |~~|  |  |  |  |  |  |  |  |  |  |  |  |  |  |
  +--+--+--+--+--+--+--+--+--+--+--+--+--+--+--+--+--+--+--+--+
 6|  |  |  |  |  |  |  |  |  |  |  |  |  |  |  |  |  |  |  |  |
  +--+--+--+--+--+--+--+--+--+--+--+--+--+--+--+--+--+--+--+--+
 7|  |  |  |  |  |  |  |FT|  |$ |~~|  |  |  |  |FT|  |  |  |  |
  +--+--+--+--+--+--+--+--+--+--+--+--+--+--+--+--+--+--+--+--+
 8|  |  |  |  |  |  |  |  |  |  |~~|  |  |  |  |  |  |  |  |  |
  +--+--+--+--+--+--+--+--+--+--+--+--+--+--+--+--+--+--+--+--+
 9|  |  |  |  |  |  |  |  |  |  |  |  |  |  |  |  |  |  |  |  |
  +--+--+--+--+--+--+--+--+--+--+--+--+--+--+--+--+--+--+--+--+
10|  |  |  |  |  |  |  |  |  |  |FT|kn|  |  |  |  |  |  |  |  |
  +--+--+--+--+--+--+--+--+--+--+--+--+--+--+--+--+--+--+--+--+
11|  |  |  |  |  |$ |  |  |  |  |$ |  |  |  |ft|$ |  |  |  |$ |
  +--+--+--+--+--+--+--+--+--+--+--+--+--+--+--+--+--+--+--+--+
12|  |FT|/\|  |  |  |  |/\|  |  |  |  |/\|  |  |  |FT|/\|  |  |
  +--+--+--+--+--+--+--+--+--+--+--+--+--+--+--+--+--+--+--+--+
13|  |  |  |  |  |  |kn|  |  |  |  |  |ft|  |  |  |  |  |  |  |
  +--+--+--+--+--+--+--+--+--+--+--+--+--+--+--+--+--+--+--+--+
14|  |  |  |  |  |  |  |  |  |  |  |  |  |ft|  |  |  |  |  |  |
  +--+--+--+--+--+--+--+--+--+--+--+--+--+--+--+--+--+--+--+--+
15|  |  |  |  |  |  |  |  |  |  |  |  |  |  |  |  |  |  |  |  |
  +--+--+--+--+--+--+--+--+--+--+--+--+--+--+--+--+--+--+--+--+
16|  |  |  |  |  |  |  |  |  |  |  |  |  |  |  |kn|  |kn|kn|  |
  +--+--+--+--+--+--+--+--+--+--+--+--+--+--+--+--+--+--+--+--+
17|  |  |  |  |  |  |  |  |  |  |  |  |  |~~|  |  |$ |  |  |  |
  +--+--+--+--+--+--+--+--+--+--+--+--+--+--+--+--+--+--+--+--+
18|  |/\|  |  |  |  |  |  |  |  |  |  |  |  |  |  |  |  |  |  |
  +--+--+--+--+--+--+--+--+--+--+--+--+--+--+--+--+--+--+--+--+
19|  |  |  |  |  |  |  |  |  |  |  |  |  |  |  |  |  |ft|KN|/\|
  +--+--+--+--+--+--+--+--+--+--+--+--+--+--+--+--+--+--+--+--+


Turn 4 (Player B)
    0  1  2  3  4  5  6  7  8  9 10 11 12 13 14 15 16 17 18 19
  +--+--+--+--+--+--+--+--+--+--+--+--+--+--+--+--+--+--+--+--+
 0|~~|KN|ft|  |  |  |  |  |  |  |  |  |  |  |  |  |  |  |  |  |
  +--+--+--+--+--+--+--+--+--+--+--+--+--+--+--+--+--+--+--+--+
 1|  |  |  |  |  |  |  |$ |FT|FT|  |  |  |  |  |  |  |  |  |  |
  +--+--+--+--+--+--+--+--+--+--+--+--+--+--+--+--+--+--+--+--+
 2|  |  |  |  |  |  |  |  |  |  |  |  |  |  |  |  |  |  |FT|/\|
  +--+--+--+--+--+--+--+--+--+--+--+--+--+--+--+--+--+--+--+--+
 3|  |  |  |  |  |  |  |  |  |  |  |  |  |  |  |  |  |$ |  |  |
  +--+--+--+--+--+--+--+--+--+--+--+--+--+--+--+--+--+--+--+--+
 4|  |  |  |  |  |  |  |$ |$ |$ |  |  |  |  |  |/\|  |  |  |  |
  +--+--+--+--+--+--+--+--+--+--+--+--+--+--+--+--+--+--+--+--+
 5|  |~~|~~|~~|$ |~~|  |  |  |  |  |  |  |  |  |  |  |  |  |  |
  +--+--+--+--+--+--+--+--+--+--+--+--+--+--+--+--+--+--+--+--+
 6|  |  |  |  |  |  |  |  |  |  |  |  |  |  |  |  |  |  |  |  |
  +--+--+--+--+--+--+--+--+--+--+--+--+--+--+--+--+--+--+--+--+
 7|  |  |  |  |  |  |  |FT|  |$ |~~|  |  |  |  |FT|  |  |  |  |
  +--+--+--+--+--+--+--+--+--+--+--+--+--+--+--+--+--+--+--+--+
 8|  |  |  |  |  |  |  |  |  |  |~~|  |  |  |  |  |  |  |  |  |
  +--+--+--+--+--+--+--+--+--+--+--+--+--+--+--+--+--+--+--+--+
 9|  |  |  |  |  |  |  |  |  |  |  |  |  |  |  |  |  |  |  |  |
  +--+--+--+--+--+--+--+--+--+--+--+--+--+--+--+--+--+--+--+--+
10|  |  |  |  |  |  |  |  |  |  |FT|  |  |  |  |  |  |  |  |  |
  +--+--+--+--+--+--+--+--+--+--+--+--+--+--+--+--+--+--+--+--+
11|  |  |  |  |  |$ |  |  |  |  |$ |  |  |  |ft|$ |  |  |  |$ |
  +--+--+--+--+--+--+--+--+--+--+--+--+--+--+--+--+--+--+--+--+
12|  |FT|/\|  |  |  |  |/\|  |  |  |  |/\|  |  |  |FT|/\|  |  |
  +--+--+--+--+--+--+--+--+--+--+--+--+--+--+--+--+--+--+--+--+
13|  |  |  |  |  |  |kn|  |  |  |  |  |ft|  |  |  |  |  |  |  |
  +--+--+--+--+--+--+--+--+--+--+--+--+--+--+--+--+--+--+--+--+
14|  |  |  |  |  |  |  |  |  |  |  |  |kn|ft|  |  |  |  |  |  |
  +--+--+--+--+--+--+--+--+--+--+--+--+--+--+--+--+--+--+--+--+
15|  |  |  |  |  |  |  |  |  |  |  |  |  |  |  |  |  |  |  |  |
  +--+--+--+--+--+--+--+--+--+--+--+--+--+--+--+--+--+--+--+--+
16|  |  |  |  |  |  |  |  |  |  |  |  |  |  |  |kn|  |kn|kn|  |
  +--+--+--+--+--+--+--+--+--+--+--+--+--+--+--+--+--+--+--+--+
17|  |  |  |  |  |  |  |  |  |  |  |  |  |~~|  |  |$ |  |  |  |
  +--+--+--+--+--+--+--+--+--+--+--+--+--+--+--+--+--+--+--+--+
18|  |/\|  |  |  |  |  |  |  |  |  |  |  |  |  |  |  |  |  |  |
  +--+--+--+--+--+--+--+--+--+--+--+--+--+--+--+--+--+--+--+--+
19|  |  |  |  |  |  |  |  |  |  |  |  |  |  |  |  |  |ft|KN|/\|
  +--+--+--+--+--+--+--+--+--+--+--+--+--+--+--+--+--+--+--+--+


Turn 5 (Player A)
    0  1  2  3  4  5  6  7  8  9 10 11 12 13 14 15 16 17 18 19
  +--+--+--+--+--+--+--+--+--+--+--+--+--+--+--+--+--+--+--+--+
 0|~~|KN|ft|  |  |  |  |  |  |  |  |  |  |  |  |  |  |  |  |  |
  +--+--+--+--+--+--+--+--+--+--+--+--+--+--+--+--+--+--+--+--+
 1|  |  |  |  |  |  |  |$ |FT|FT|  |  |  |  |  |  |  |  |  |  |
  +--+--+--+--+--+--+--+--+--+--+--+--+--+--+--+--+--+--+--+--+
 2|  |  |  |  |  |  |  |  |  |  |  |  |  |  |  |  |  |  |FT|/\|
  +--+--+--+--+--+--+--+--+--+--+--+--+--+--+--+--+--+--+--+--+
 3|  |  |  |  |  |  |  |  |  |  |  |  |  |  |  |  |  |$ |  |  |
  +--+--+--+--+--+--+--+--+--+--+--+--+--+--+--+--+--+--+--+--+
 4|  |  |  |  |  |  |  |$ |$ |$ |  |  |  |  |  |/\|  |  |  |  |
  +--+--+--+--+--+--+--+--+--+--+--+--+--+--+--+--+--+--+--+--+
 5|  |~~|~~|~~|$ |~~|  |  |  |  |  |  |  |  |  |  |  |  |  |  |
  +--+--+--+--+--+--+--+--+--+--+--+--+--+--+--+--+--+--+--+--+
 6|  |  |  |  |  |  |  |  |  |  |  |  |  |  |  |  |  |  |  |  |
  +--+--+--+--+--+--+--+--+--+--+--+--+--+--+--+--+--+--+--+--+
 7|  |  |  |  |  |  |  |FT|  |$ |~~|  |  |  |  |FT|  |  |  |  |
  +--+--+--+--+--+--+--+--+--+--+--+--+--+--+--+--+--+--+--+--+
 8|  |  |  |  |  |  |  |  |  |  |~~|  |  |  |  |  |  |  |  |  |
  +--+--+--+--+--+--+--+--+--+--+--+--+--+--+--+--+--+--+--+--+
 9|  |  |  |  |  |  |  |  |  |  |  |  |  |  |  |  |  |  |  |  |
  +--+--+--+--+--+--+--+--+--+--+--+--+--+--+--+--+--+--+--+--+
10|  |  |  |  |  |  |  |  |  |  |FT|  |  |  |  |  |  |  |  |  |
  +--+--+--+--+--+--+--+--+--+--+--+--+--+--+--+--+--+--+--+--+
11|  |  |  |  |  |$ |  |  |  |  |$ |  |  |  |ft|$ |  |FT|  |$ |
  +--+--+--+--+--+--+--+--+--+--+--+--+--+--+--+--+--+--+--+--+
12|  |FT|/\|  |  |  |  |/\|  |  |  |  |/\|  |  |  |  |/\|  |  |
  +--+--+--+--+--+--+--+--+--+--+--+--+--+--+--+--+--+--+--+--+
13|  |  |  |  |  |  |kn|  |  |  |  |  |ft|  |  |  |  |  |  |  |
  +--+--+--+--+--+--+--+--+--+--+--+--+--+--+--+--+--+--+--+--+
14|  |  |  |  |  |  |  |  |  |  |  |  |kn|ft|  |  |  |  |  |  |
  +--+--+--+--+--+--+--+--+--+--+--+--+--+--+--+--+--+--+--+--+
15|  |  |  |  |  |  |  |  |  |  |  |  |  |  |  |  |  |  |  |  |
  +--+--+--+--+--+--+--+--+--+--+--+--+--+--+--+--+--+--+--+--+
16|  |  |  |  |  |  |  |  |  |  |  |  |  |  |  |kn|  |kn|kn|  |
  +--+--+--+--+--+--+--+--+--+--+--+--+--+--+--+--+--+--+--+--+
17|  |  |  |  |  |  |  |  |  |  |  |  |  |~~|  |  |$ |  |  |  |
  +--+--+--+--+--+--+--+--+--+--+--+--+--+--+--+--+--+--+--+--+
18|  |/\|  |  |  |  |  |  |  |  |  |  |  |  |  |  |  |  |  |  |
  +--+--+--+--+--+--+--+--+--+--+--+--+--+--+--+--+--+--+--+--+
19|  |  |  |  |  |  |  |  |  |  |  |  |  |  |  |  |  |ft|KN|/\|
  +--+--+--+--+--+--+--+--+--+--+--+--+--+--+--+--+--+--+--+--+


Turn 6 (Player B)
    0  1  2  3  4  5  6  7  8  9 10 11 12 13 14 15 16 17 18 19
  +--+--+--+--+--+--+--+--+--+--+--+--+--+--+--+--+--+--+--+--+
 0|~~|KN|  |  |  |  |  |  |  |  |  |  |  |  |  |  |  |  |  |  |
  +--+--+--+--+--+--+--+--+--+--+--+--+--+--+--+--+--+--+--+--+
 1|  |  |  |  |  |  |  |$ |FT|FT|  |  |  |  |  |  |  |  |  |  |
  +--+--+--+--+--+--+--+--+--+--+--+--+--+--+--+--+--+--+--+--+
 2|  |  |  |  |  |  |  |  |  |  |  |  |  |  |  |  |  |  |FT|/\|
  +--+--+--+--+--+--+--+--+--+--+--+--+--+--+--+--+--+--+--+--+
 3|  |  |  |  |  |  |  |  |  |  |  |  |  |  |  |  |  |$ |  |  |
  +--+--+--+--+--+--+--+--+--+--+--+--+--+--+--+--+--+--+--+--+
 4|  |  |ft|  |  |  |  |$ |$ |$ |  |  |  |  |  |/\|  |  |  |  |
  +--+--+--+--+--+--+--+--+--+--+--+--+--+--+--+--+--+--+--+--+
 5|  |~~|~~|~~|$ |~~|  |  |  |  |  |  |  |  |  |  |  |  |  |  |
  +--+--+--+--+--+--+--+--+--+--+--+--+--+--+--+--+--+--+--+--+
 6|  |  |  |  |  |  |  |  |  |  |  |  |  |  |  |  |  |  |  |  |
  +--+--+--+--+--+--+--+--+--+--+--+--+--+--+--+--+--+--+--+--+
 7|  |  |  |  |  |  |  |FT|  |$ |~~|  |  |  |  |FT|  |  |  |  |
  +--+--+--+--+--+--+--+--+--+--+--+--+--+--+--+--+--+--+--+--+
 8|  |  |  |  |  |  |  |  |  |  |~~|  |  |  |  |  |  |  |  |  |
  +--+--+--+--+--+--+--+--+--+--+--+--+--+--+--+--+--+--+--+--+
 9|  |  |  |  |  |  |  |  |  |  |  |  |  |  |  |  |  |  |  |  |
  +--+--+--+--+--+--+--+--+--+--+--+--+--+--+--+--+--+--+--+--+
10|  |  |  |  |  |  |  |  |  |  |FT|  |  |  |  |  |  |  |  |  |
  +--+--+--+--+--+--+--+--+--+--+--+--+--+--+--+--+--+--+--+--+
11|  |  |  |  |  |$ |  |  |  |  |$ |  |  |  |ft|$ |  |FT|  |$ |
  +--+--+--+--+--+--+--+--+--+--+--+--+--+--+--+--+--+--+--+--+
12|  |FT|/\|  |  |  |  |/\|  |  |  |  |/\|  |  |  |  |/\|  |  |
  +--+--+--+--+--+--+--+--+--+--+--+--+--+--+--+--+--+--+--+--+
13|  |  |  |  |  |  |kn|  |  |  |  |  |ft|  |  |  |  |  |  |  |
  +--+--+--+--+--+--+--+--+--+--+--+--+--+--+--+--+--+--+--+--+
14|  |  |  |  |  |  |  |  |  |  |  |  |kn|ft|  |  |  |  |  |  |
  +--+--+--+--+--+--+--+--+--+--+--+--+--+--+--+--+--+--+--+--+
15|  |  |  |  |  |  |  |  |  |  |  |  |  |  |  |  |  |  |  |  |
  +--+--+--+--+--+--+--+--+--+--+--+--+--+--+--+--+--+--+--+--+
16|  |  |  |  |  |  |  |  |  |  |  |  |  |  |  |kn|  |kn|kn|  |
  +--+--+--+--+--+--+--+--+--+--+--+--+--+--+--+--+--+--+--+--+
17|  |  |  |  |  |  |  |  |  |  |  |  |  |~~|  |  |$ |  |  |  |
  +--+--+--+--+--+--+--+--+--+--+--+--+--+--+--+--+--+--+--+--+
18|  |/\|  |  |  |  |  |  |  |  |  |  |  |  |  |  |  |  |  |  |
  +--+--+--+--+--+--+--+--+--+--+--+--+--+--+--+--+--+--+--+--+
19|  |  |  |  |  |  |  |  |  |  |  |  |  |  |  |  |  |ft|KN|/\|
  +--+--+--+--+--+--+--+--+--+--+--+--+--+--+--+--+--+--+--+--+


Turn 7 (Player A)
